# JRE version: Java(TM) SE Runtime Environment (8.0_65-b17) (build 1.8.0_65-b17)
# Java VM: Java HotSpot(TM) 64-Bit Server VM (25.65-b01 mixed mode windows-amd64 compressed oops)
Heap:
 PSYoungGen      total 105984K, used 39662K [0x00000000f8000000, 0x00000000ffd80000, 0x0000000100000000)
  eden space 83456K, 40% used [0x00000000f8000000,0x00000000fa135838,0x00000000fd180000)
  from space 22528K, 25% used [0x00000000fe700000,0x00000000fec863a0,0x00000000ffd00000)
  to   space 22016K, 0% used [0x00000000fd180000,0x00000000fd180000,0x00000000fe700000)
 ParOldGen       total 107008K, used 84798K [0x00000000e8000000, 0x00000000ee880000, 0x00000000f8000000)
  object space 107008K, 79% used [0x00000000e8000000,0x00000000ed2cf970,0x00000000ee880000)
 Metaspace       used 20982K, capacity 21683K, committed 21760K, reserved 1069056K
  class space    used 2124K, capacity 2291K, committed 2304K, reserved 1048576K
GC Heap History (10 events):
Event: 25.519 GC heap before
{Heap before GC invocations=15 (full 1):
 PSYoungGen      total 105472K, used 82978K [0x00000000f8000000, 0x0000000100000000, 0x0000000100000000)
  eden space 79872K, 100% used [0x00000000f8000000,0x00000000fce00000,0x00000000fce00000)
  from space 25600K, 12% used [0x00000000fce00000,0x00000000fd108850,0x00000000fe700000)
  to   space 25600K, 0% used [0x00000000fe700000,0x00000000fe700000,0x0000000100000000)
 ParOldGen       total 107008K, used 55356K [0x00000000e8000000, 0x00000000ee880000, 0x00000000f8000000)
  object space 107008K, 51% used [0x00000000e8000000,0x00000000eb60f138,0x00000000ee880000)
 Metaspace       used 17755K, capacity 18073K, committed 18304K, reserved 1064960K
  class space    used 1783K, capacity 1876K, committed 1920K, reserved 1048576K
Event: 25.546 GC heap after
Heap after GC invocations=15 (full 1):
 PSYoungGen      total 105472K, used 2873K [0x00000000f8000000, 0x0000000100000000, 0x0000000100000000)
  eden space 79872K, 0% used [0x00000000f8000000,0x00000000f8000000,0x00000000fce00000)
  from space 25600K, 11% used [0x00000000fe700000,0x00000000fe9ce5e0,0x0000000100000000)
  to   space 25600K, 0% used [0x00000000fce00000,0x00000000fce00000,0x00000000fe700000)
 ParOldGen       total 107008K, used 58247K [0x00000000e8000000, 0x00000000ee880000, 0x00000000f8000000)
  object space 107008K, 54% used [0x00000000e8000000,0x00000000eb8e1fb8,0x00000000ee880000)
 Metaspace       used 17755K, capacity 18073K, committed 18304K, reserved 1064960K
  class space    used 1783K, capacity 1876K, committed 1920K, reserved 1048576K
}
Event: 27.169 GC heap before
{Heap before GC invocations=16 (full 1):
 PSYoungGen      total 105472K, used 82745K [0x00000000f8000000, 0x0000000100000000, 0x0000000100000000)
  eden space 79872K, 100% used [0x00000000f8000000,0x00000000fce00000,0x00000000fce00000)
  from space 25600K, 11% used [0x00000000fe700000,0x00000000fe9ce5e0,0x0000000100000000)
  to   space 25600K, 0% used [0x00000000fce00000,0x00000000fce00000,0x00000000fe700000)
 ParOldGen       total 107008K, used 58247K [0x00000000e8000000, 0x00000000ee880000, 0x00000000f8000000)
  object space 107008K, 54% used [0x00000000e8000000,0x00000000eb8e1fb8,0x00000000ee880000)
 Metaspace       used 18871K, capacity 19315K, committed 19584K, reserved 1067008K
  class space    used 1934K, capacity 2051K, committed 2176K, reserved 1048576K
Event: 27.246 GC heap after
Heap after GC invocations=16 (full 1):
 PSYoungGen      total 87040K, used 6894K [0x00000000f8000000, 0x00000000ffd00000, 0x0000000100000000)
  eden space 79872K, 0% used [0x00000000f8000000,0x00000000f8000000,0x00000000fce00000)
  from space 7168K, 96% used [0x00000000fce00000,0x00000000fd4bbb50,0x00000000fd500000)
  to   space 24064K, 0% used [0x00000000fe580000,0x00000000fe580000,0x00000000ffd00000)
 ParOldGen       total 107008K, used 60750K [0x00000000e8000000, 0x00000000ee880000, 0x00000000f8000000)
  object space 107008K, 56% used [0x00000000e8000000,0x00000000ebb53a48,0x00000000ee880000)
 Metaspace       used 18871K, capacity 19315K, committed 19584K, reserved 1067008K
  class space    used 1934K, capacity 2051K, committed 2176K, reserved 1048576K
}
Event: 29.089 GC heap before
{Heap before GC invocations=17 (full 1):
 PSYoungGen      total 87040K, used 86766K [0x00000000f8000000, 0x00000000ffd00000, 0x0000000100000000)
  eden space 79872K, 100% used [0x00000000f8000000,0x00000000fce00000,0x00000000fce00000)
  from space 7168K, 96% used [0x00000000fce00000,0x00000000fd4bbb50,0x00000000fd500000)
  to   space 24064K, 0% used [0x00000000fe580000,0x00000000fe580000,0x00000000ffd00000)
 ParOldGen       total 107008K, used 60750K [0x00000000e8000000, 0x00000000ee880000, 0x00000000f8000000)
  object space 107008K, 56% used [0x00000000e8000000,0x00000000ebb53a48,0x00000000ee880000)
 Metaspace       used 19455K, capacity 20109K, committed 20352K, reserved 1067008K
  class space    used 1996K, capacity 2146K, committed 2176K, reserved 1048576K
Event: 29.158 GC heap after
Heap after GC invocations=17 (full 1):
 PSYoungGen      total 103936K, used 12867K [0x00000000f8000000, 0x0000000100000000, 0x0000000100000000)
  eden space 79872K, 0% used [0x00000000f8000000,0x00000000f8000000,0x00000000fce00000)
  from space 24064K, 53% used [0x00000000fe580000,0x00000000ff210fa0,0x00000000ffd00000)
  to   space 24064K, 0% used [0x00000000fce00000,0x00000000fce00000,0x00000000fe580000)
 ParOldGen       total 107008K, used 65360K [0x00000000e8000000, 0x00000000ee880000, 0x00000000f8000000)
  object space 107008K, 61% used [0x00000000e8000000,0x00000000ebfd40f8,0x00000000ee880000)
 Metaspace       used 19455K, capacity 20109K, committed 20352K, reserved 1067008K
  class space    used 1996K, capacity 2146K, committed 2176K, reserved 1048576K
}
Event: 30.537 GC heap before
{Heap before GC invocations=18 (full 1):
 PSYoungGen      total 103936K, used 92739K [0x00000000f8000000, 0x0000000100000000, 0x0000000100000000)
  eden space 79872K, 100% used [0x00000000f8000000,0x00000000fce00000,0x00000000fce00000)
  from space 24064K, 53% used [0x00000000fe580000,0x00000000ff210fa0,0x00000000ffd00000)
  to   space 24064K, 0% used [0x00000000fce00000,0x00000000fce00000,0x00000000fe580000)
 ParOldGen       total 107008K, used 65360K [0x00000000e8000000, 0x00000000ee880000, 0x00000000f8000000)
  object space 107008K, 61% used [0x00000000e8000000,0x00000000ebfd40f8,0x00000000ee880000)
 Metaspace       used 19601K, capacity 20325K, committed 20352K, reserved 1067008K
  class space    used 2002K, capacity 2150K, committed 2176K, reserved 1048576K
Event: 30.604 GC heap after
Heap after GC invocations=18 (full 1):
 PSYoungGen      total 103936K, used 9278K [0x00000000f8000000, 0x00000000ffd00000, 0x0000000100000000)
  eden space 79872K, 0% used [0x00000000f8000000,0x00000000f8000000,0x00000000fce00000)
  from space 24064K, 38% used [0x00000000fce00000,0x00000000fd70f9a8,0x00000000fe580000)
  to   space 22528K, 0% used [0x00000000fe700000,0x00000000fe700000,0x00000000ffd00000)
 ParOldGen       total 107008K, used 77114K [0x00000000e8000000, 0x00000000ee880000, 0x00000000f8000000)
  object space 107008K, 72% used [0x00000000e8000000,0x00000000ecb4e8a0,0x00000000ee880000)
 Metaspace       used 19601K, capacity 20325K, committed 20352K, reserved 1067008K
  class space    used 2002K, capacity 2150K, committed 2176K, reserved 1048576K
}
Event: 32.013 GC heap before
{Heap before GC invocations=19 (full 1):
 PSYoungGen      total 103936K, used 89150K [0x00000000f8000000, 0x00000000ffd00000, 0x0000000100000000)
  eden space 79872K, 100% used [0x00000000f8000000,0x00000000fce00000,0x00000000fce00000)
  from space 24064K, 38% used [0x00000000fce00000,0x00000000fd70f9a8,0x00000000fe580000)
  to   space 22528K, 0% used [0x00000000fe700000,0x00000000fe700000,0x00000000ffd00000)
 ParOldGen       total 107008K, used 77114K [0x00000000e8000000, 0x00000000ee880000, 0x00000000f8000000)
  object space 107008K, 72% used [0x00000000e8000000,0x00000000ecb4e8a0,0x00000000ee880000)
 Metaspace       used 19980K, capacity 20691K, committed 20992K, reserved 1069056K
  class space    used 2043K, capacity 2195K, committed 2304K, reserved 1048576K
Event: 32.055 GC heap after
Heap after GC invocations=19 (full 1):
 PSYoungGen      total 105984K, used 5656K [0x00000000f8000000, 0x00000000ffd80000, 0x0000000100000000)
  eden space 83456K, 0% used [0x00000000f8000000,0x00000000f8000000,0x00000000fd180000)
  from space 22528K, 25% used [0x00000000fe700000,0x00000000fec863a0,0x00000000ffd00000)
  to   space 22016K, 0% used [0x00000000fd180000,0x00000000fd180000,0x00000000fe700000)
 ParOldGen       total 107008K, used 84798K [0x00000000e8000000, 0x00000000ee880000, 0x00000000f8000000)
  object space 107008K, 79% used [0x00000000e8000000,0x00000000ed2cf970,0x00000000ee880000)
 Metaspace       used 19980K, capacity 20691K, committed 20992K, reserved 1069056K
  class space    used 2043K, capacity 2195K, committed 2304K, reserved 1048576K
}

