# JRE version: Java(TM) SE Runtime Environment (8.0_65-b17) (build 1.8.0_65-b17)
# Java VM: Java HotSpot(TM) 64-Bit Server VM (25.65-b01 mixed mode windows-amd64 compressed oops)
Heap:
 PSYoungGen      total 103936K, used 26129K [0x00000000f8000000, 0x0000000100000000, 0x0000000100000000)
  eden space 80896K, 13% used [0x00000000f8000000,0x00000000f8b00bb0,0x00000000fcf00000)
  from space 23040K, 64% used [0x00000000fe980000,0x00000000ff803b88,0x0000000100000000)
  to   space 25088K, 0% used [0x00000000fcf00000,0x00000000fcf00000,0x00000000fe780000)
 ParOldGen       total 122880K, used 108150K [0x00000000e8000000, 0x00000000ef800000, 0x00000000f8000000)
  object space 122880K, 88% used [0x00000000e8000000,0x00000000ee99d9b0,0x00000000ef800000)
 Metaspace       used 21192K, capacity 21963K, committed 22272K, reserved 1069056K
  class space    used 2092K, capacity 2241K, committed 2304K, reserved 1048576K
GC Heap History (10 events):
Event: 2608.336 GC heap before
{Heap before GC invocations=31 (full 1):
 PSYoungGen      total 106496K, used 106124K [0x00000000f8000000, 0x0000000100000000, 0x0000000100000000)
  eden space 89088K, 100% used [0x00000000f8000000,0x00000000fd700000,0x00000000fd700000)
  from space 17408K, 97% used [0x00000000fd700000,0x00000000fe7a3358,0x00000000fe800000)
  to   space 22016K, 0% used [0x00000000fea80000,0x00000000fea80000,0x0000000100000000)
 ParOldGen       total 122880K, used 103868K [0x00000000e8000000, 0x00000000ef800000, 0x00000000f8000000)
  object space 122880K, 84% used [0x00000000e8000000,0x00000000ee56f218,0x00000000ef800000)
 Metaspace       used 21134K, capacity 21899K, committed 22016K, reserved 1069056K
  class space    used 2092K, capacity 2241K, committed 2304K, reserved 1048576K
Event: 2608.367 GC heap after
Heap after GC invocations=31 (full 1):
 PSYoungGen      total 109568K, used 12884K [0x00000000f8000000, 0x0000000100000000, 0x0000000100000000)
  eden space 87552K, 0% used [0x00000000f8000000,0x00000000f8000000,0x00000000fd580000)
  from space 22016K, 58% used [0x00000000fea80000,0x00000000ff715108,0x0000000100000000)
  to   space 21504K, 0% used [0x00000000fd580000,0x00000000fd580000,0x00000000fea80000)
 ParOldGen       total 122880K, used 103868K [0x00000000e8000000, 0x00000000ef800000, 0x00000000f8000000)
  object space 122880K, 84% used [0x00000000e8000000,0x00000000ee56f218,0x00000000ef800000)
 Metaspace       used 21134K, capacity 21899K, committed 22016K, reserved 1069056K
  class space    used 2092K, capacity 2241K, committed 2304K, reserved 1048576K
}
Event: 2608.890 GC heap before
{Heap before GC invocations=32 (full 1):
 PSYoungGen      total 109568K, used 100436K [0x00000000f8000000, 0x0000000100000000, 0x0000000100000000)
  eden space 87552K, 100% used [0x00000000f8000000,0x00000000fd580000,0x00000000fd580000)
  from space 22016K, 58% used [0x00000000fea80000,0x00000000ff715108,0x0000000100000000)
  to   space 21504K, 0% used [0x00000000fd580000,0x00000000fd580000,0x00000000fea80000)
 ParOldGen       total 122880K, used 103868K [0x00000000e8000000, 0x00000000ef800000, 0x00000000f8000000)
  object space 122880K, 84% used [0x00000000e8000000,0x00000000ee56f218,0x00000000ef800000)
 Metaspace       used 21150K, capacity 21899K, committed 22016K, reserved 1069056K
  class space    used 2092K, capacity 2241K, committed 2304K, reserved 1048576K
Event: 2608.941 GC heap after
Heap after GC invocations=32 (full 1):
 PSYoungGen      total 105984K, used 17928K [0x00000000f8000000, 0x0000000100000000, 0x0000000100000000)
  eden space 87552K, 0% used [0x00000000f8000000,0x00000000f8000000,0x00000000fd580000)
  from space 18432K, 97% used [0x00000000fd580000,0x00000000fe702200,0x00000000fe780000)
  to   space 23040K, 0% used [0x00000000fe980000,0x00000000fe980000,0x0000000100000000)
 ParOldGen       total 122880K, used 103876K [0x00000000e8000000, 0x00000000ef800000, 0x00000000f8000000)
  object space 122880K, 84% used [0x00000000e8000000,0x00000000ee571218,0x00000000ef800000)
 Metaspace       used 21150K, capacity 21899K, committed 22016K, reserved 1069056K
  class space    used 2092K, capacity 2241K, committed 2304K, reserved 1048576K
}
Event: 2655.461 GC heap before
{Heap before GC invocations=33 (full 1):
 PSYoungGen      total 105984K, used 105480K [0x00000000f8000000, 0x0000000100000000, 0x0000000100000000)
  eden space 87552K, 100% used [0x00000000f8000000,0x00000000fd580000,0x00000000fd580000)
  from space 18432K, 97% used [0x00000000fd580000,0x00000000fe702200,0x00000000fe780000)
  to   space 23040K, 0% used [0x00000000fe980000,0x00000000fe980000,0x0000000100000000)
 ParOldGen       total 122880K, used 103876K [0x00000000e8000000, 0x00000000ef800000, 0x00000000f8000000)
  object space 122880K, 84% used [0x00000000e8000000,0x00000000ee571218,0x00000000ef800000)
 Metaspace       used 21171K, capacity 21963K, committed 22272K, reserved 1069056K
  class space    used 2092K, capacity 2241K, committed 2304K, reserved 1048576K
Event: 2655.486 GC heap after
Heap after GC invocations=33 (full 1):
 PSYoungGen      total 108544K, used 14349K [0x00000000f8000000, 0x0000000100000000, 0x0000000100000000)
  eden space 85504K, 0% used [0x00000000f8000000,0x00000000f8000000,0x00000000fd380000)
  from space 23040K, 62% used [0x00000000fe980000,0x00000000ff7837c0,0x0000000100000000)
  to   space 22528K, 0% used [0x00000000fd380000,0x00000000fd380000,0x00000000fe980000)
 ParOldGen       total 122880K, used 104321K [0x00000000e8000000, 0x00000000ef800000, 0x00000000f8000000)
  object space 122880K, 84% used [0x00000000e8000000,0x00000000ee5e06f8,0x00000000ef800000)
 Metaspace       used 21171K, capacity 21963K, committed 22272K, reserved 1069056K
  class space    used 2092K, capacity 2241K, committed 2304K, reserved 1048576K
}
Event: 2656.277 GC heap before
{Heap before GC invocations=34 (full 1):
 PSYoungGen      total 108544K, used 99853K [0x00000000f8000000, 0x0000000100000000, 0x0000000100000000)
  eden space 85504K, 100% used [0x00000000f8000000,0x00000000fd380000,0x00000000fd380000)
  from space 23040K, 62% used [0x00000000fe980000,0x00000000ff7837c0,0x0000000100000000)
  to   space 22528K, 0% used [0x00000000fd380000,0x00000000fd380000,0x00000000fe980000)
 ParOldGen       total 122880K, used 104321K [0x00000000e8000000, 0x00000000ef800000, 0x00000000f8000000)
  object space 122880K, 84% used [0x00000000e8000000,0x00000000ee5e06f8,0x00000000ef800000)
 Metaspace       used 21188K, capacity 21963K, committed 22272K, reserved 1069056K
  class space    used 2092K, capacity 2241K, committed 2304K, reserved 1048576K
Event: 2656.313 GC heap after
Heap after GC invocations=34 (full 1):
 PSYoungGen      total 108032K, used 22522K [0x00000000f8000000, 0x0000000100000000, 0x0000000100000000)
  eden space 85504K, 0% used [0x00000000f8000000,0x00000000f8000000,0x00000000fd380000)
  from space 22528K, 99% used [0x00000000fd380000,0x00000000fe97e9a0,0x00000000fe980000)
  to   space 23040K, 0% used [0x00000000fe980000,0x00000000fe980000,0x0000000100000000)
 ParOldGen       total 122880K, used 105673K [0x00000000e8000000, 0x00000000ef800000, 0x00000000f8000000)
  object space 122880K, 85% used [0x00000000e8000000,0x00000000ee7326f8,0x00000000ef800000)
 Metaspace       used 21188K, capacity 21963K, committed 22272K, reserved 1069056K
  class space    used 2092K, capacity 2241K, committed 2304K, reserved 1048576K
}
Event: 2820.713 GC heap before
{Heap before GC invocations=35 (full 1):
 PSYoungGen      total 108032K, used 108026K [0x00000000f8000000, 0x0000000100000000, 0x0000000100000000)
  eden space 85504K, 100% used [0x00000000f8000000,0x00000000fd380000,0x00000000fd380000)
  from space 22528K, 99% used [0x00000000fd380000,0x00000000fe97e9a0,0x00000000fe980000)
  to   space 23040K, 0% used [0x00000000fe980000,0x00000000fe980000,0x0000000100000000)
 ParOldGen       total 122880K, used 105673K [0x00000000e8000000, 0x00000000ef800000, 0x00000000f8000000)
  object space 122880K, 85% used [0x00000000e8000000,0x00000000ee7326f8,0x00000000ef800000)
 Metaspace       used 21192K, capacity 21963K, committed 22272K, reserved 1069056K
  class space    used 2092K, capacity 2241K, committed 2304K, reserved 1048576K
Event: 2820.744 GC heap after
Heap after GC invocations=35 (full 1):
 PSYoungGen      total 103936K, used 14862K [0x00000000f8000000, 0x0000000100000000, 0x0000000100000000)
  eden space 80896K, 0% used [0x00000000f8000000,0x00000000f8000000,0x00000000fcf00000)
  from space 23040K, 64% used [0x00000000fe980000,0x00000000ff803b88,0x0000000100000000)
  to   space 25088K, 0% used [0x00000000fcf00000,0x00000000fcf00000,0x00000000fe780000)
 ParOldGen       total 122880K, used 108150K [0x00000000e8000000, 0x00000000ef800000, 0x00000000f8000000)
  object space 122880K, 88% used [0x00000000e8000000,0x00000000ee99d9b0,0x00000000ef800000)
 Metaspace       used 21192K, capacity 21963K, committed 22272K, reserved 1069056K
  class space    used 2092K, capacity 2241K, committed 2304K, reserved 1048576K
}

