# JRE version: Java(TM) SE Runtime Environment (8.0_65-b17) (build 1.8.0_65-b17)
# Java VM: Java HotSpot(TM) 64-Bit Server VM (25.65-b01 mixed mode windows-amd64 compressed oops)
Heap:
 PSYoungGen      total 103936K, used 61377K [0x00000000f8000000, 0x0000000100000000, 0x0000000100000000)
  eden space 80384K, 71% used [0x00000000f8000000,0x00000000fb8596c8,0x00000000fce80000)
  from space 23552K, 15% used [0x00000000fe680000,0x00000000fea170c8,0x00000000ffd80000)
  to   space 24576K, 0% used [0x00000000fce80000,0x00000000fce80000,0x00000000fe680000)
 ParOldGen       total 122368K, used 70580K [0x00000000e8000000, 0x00000000ef780000, 0x00000000f8000000)
  object space 122368K, 57% used [0x00000000e8000000,0x00000000ec4ed068,0x00000000ef780000)
 Metaspace       used 20757K, capacity 21509K, committed 21760K, reserved 1069056K
  class space    used 2111K, capacity 2256K, committed 2304K, reserved 1048576K
GC Heap History (10 events):
Event: 8.145 GC heap before
{Heap before GC invocations=9 (full 0):
 PSYoungGen      total 104960K, used 88414K [0x00000000f8000000, 0x0000000100000000, 0x0000000100000000)
  eden space 77824K, 100% used [0x00000000f8000000,0x00000000fcc00000,0x00000000fcc00000)
  from space 27136K, 39% used [0x00000000fe580000,0x00000000fefd7bd8,0x0000000100000000)
  to   space 26112K, 0% used [0x00000000fcc00000,0x00000000fcc00000,0x00000000fe580000)
 ParOldGen       total 87552K, used 65004K [0x00000000e8000000, 0x00000000ed580000, 0x00000000f8000000)
  object space 87552K, 74% used [0x00000000e8000000,0x00000000ebf7b3e0,0x00000000ed580000)
 Metaspace       used 17699K, capacity 18015K, committed 18048K, reserved 1064960K
  class space    used 1788K, capacity 1903K, committed 1920K, reserved 1048576K
Event: 8.178 GC heap after
Heap after GC invocations=9 (full 0):
 PSYoungGen      total 91136K, used 12935K [0x00000000f8000000, 0x00000000ffd00000, 0x0000000100000000)
  eden space 77824K, 0% used [0x00000000f8000000,0x00000000f8000000,0x00000000fcc00000)
  from space 13312K, 97% used [0x00000000fcc00000,0x00000000fd8a1e48,0x00000000fd900000)
  to   space 25088K, 0% used [0x00000000fe480000,0x00000000fe480000,0x00000000ffd00000)
 ParOldGen       total 87552K, used 66464K [0x00000000e8000000, 0x00000000ed580000, 0x00000000f8000000)
  object space 87552K, 75% used [0x00000000e8000000,0x00000000ec0e83f0,0x00000000ed580000)
 Metaspace       used 17699K, capacity 18015K, committed 18048K, reserved 1064960K
  class space    used 1788K, capacity 1903K, committed 1920K, reserved 1048576K
}
Event: 9.452 GC heap before
{Heap before GC invocations=10 (full 0):
 PSYoungGen      total 91136K, used 90759K [0x00000000f8000000, 0x00000000ffd00000, 0x0000000100000000)
  eden space 77824K, 100% used [0x00000000f8000000,0x00000000fcc00000,0x00000000fcc00000)
  from space 13312K, 97% used [0x00000000fcc00000,0x00000000fd8a1e48,0x00000000fd900000)
  to   space 25088K, 0% used [0x00000000fe480000,0x00000000fe480000,0x00000000ffd00000)
 ParOldGen       total 87552K, used 66464K [0x00000000e8000000, 0x00000000ed580000, 0x00000000f8000000)
  object space 87552K, 75% used [0x00000000e8000000,0x00000000ec0e83f0,0x00000000ed580000)
 Metaspace       used 19080K, capacity 19683K, committed 19840K, reserved 1067008K
  class space    used 1981K, capacity 2101K, committed 2176K, reserved 1048576K
Event: 9.509 GC heap after
Heap after GC invocations=10 (full 0):
 PSYoungGen      total 103424K, used 15901K [0x00000000f8000000, 0x0000000100000000, 0x0000000100000000)
  eden space 78336K, 0% used [0x00000000f8000000,0x00000000f8000000,0x00000000fcc80000)
  from space 25088K, 63% used [0x00000000fe480000,0x00000000ff407550,0x00000000ffd00000)
  to   space 24576K, 0% used [0x00000000fcc80000,0x00000000fcc80000,0x00000000fe480000)
 ParOldGen       total 87552K, used 71257K [0x00000000e8000000, 0x00000000ed580000, 0x00000000f8000000)
  object space 87552K, 81% used [0x00000000e8000000,0x00000000ec596618,0x00000000ed580000)
 Metaspace       used 19080K, capacity 19683K, committed 19840K, reserved 1067008K
  class space    used 1981K, capacity 2101K, committed 2176K, reserved 1048576K
}
Event: 9.509 GC heap before
{Heap before GC invocations=11 (full 1):
 PSYoungGen      total 103424K, used 15901K [0x00000000f8000000, 0x0000000100000000, 0x0000000100000000)
  eden space 78336K, 0% used [0x00000000f8000000,0x00000000f8000000,0x00000000fcc80000)
  from space 25088K, 63% used [0x00000000fe480000,0x00000000ff407550,0x00000000ffd00000)
  to   space 24576K, 0% used [0x00000000fcc80000,0x00000000fcc80000,0x00000000fe480000)
 ParOldGen       total 87552K, used 71257K [0x00000000e8000000, 0x00000000ed580000, 0x00000000f8000000)
  object space 87552K, 81% used [0x00000000e8000000,0x00000000ec596618,0x00000000ed580000)
 Metaspace       used 19080K, capacity 19683K, committed 19840K, reserved 1067008K
  class space    used 1981K, capacity 2101K, committed 2176K, reserved 1048576K
Event: 9.791 GC heap after
Heap after GC invocations=11 (full 1):
 PSYoungGen      total 103424K, used 0K [0x00000000f8000000, 0x0000000100000000, 0x0000000100000000)
  eden space 78336K, 0% used [0x00000000f8000000,0x00000000f8000000,0x00000000fcc80000)
  from space 25088K, 0% used [0x00000000fe480000,0x00000000fe480000,0x00000000ffd00000)
  to   space 24576K, 0% used [0x00000000fcc80000,0x00000000fcc80000,0x00000000fe480000)
 ParOldGen       total 122368K, used 59642K [0x00000000e8000000, 0x00000000ef780000, 0x00000000f8000000)
  object space 122368K, 48% used [0x00000000e8000000,0x00000000eba3e978,0x00000000ef780000)
 Metaspace       used 19080K, capacity 19683K, committed 19840K, reserved 1067008K
  class space    used 1981K, capacity 2101K, committed 2176K, reserved 1048576K
}
Event: 10.839 GC heap before
{Heap before GC invocations=12 (full 1):
 PSYoungGen      total 103424K, used 78336K [0x00000000f8000000, 0x0000000100000000, 0x0000000100000000)
  eden space 78336K, 100% used [0x00000000f8000000,0x00000000fcc80000,0x00000000fcc80000)
  from space 25088K, 0% used [0x00000000fe480000,0x00000000fe480000,0x00000000ffd00000)
  to   space 24576K, 0% used [0x00000000fcc80000,0x00000000fcc80000,0x00000000fe480000)
 ParOldGen       total 122368K, used 59642K [0x00000000e8000000, 0x00000000ef780000, 0x00000000f8000000)
  object space 122368K, 48% used [0x00000000e8000000,0x00000000eba3e978,0x00000000ef780000)
 Metaspace       used 19284K, capacity 19959K, committed 20096K, reserved 1067008K
  class space    used 1992K, capacity 2115K, committed 2176K, reserved 1048576K
Event: 10.900 GC heap after
Heap after GC invocations=12 (full 1):
 PSYoungGen      total 102912K, used 12695K [0x00000000f8000000, 0x00000000ffd80000, 0x0000000100000000)
  eden space 78336K, 0% used [0x00000000f8000000,0x00000000f8000000,0x00000000fcc80000)
  from space 24576K, 51% used [0x00000000fcc80000,0x00000000fd8e5db0,0x00000000fe480000)
  to   space 23552K, 0% used [0x00000000fe680000,0x00000000fe680000,0x00000000ffd80000)
 ParOldGen       total 122368K, used 59650K [0x00000000e8000000, 0x00000000ef780000, 0x00000000f8000000)
  object space 122368K, 48% used [0x00000000e8000000,0x00000000eba40978,0x00000000ef780000)
 Metaspace       used 19284K, capacity 19959K, committed 20096K, reserved 1067008K
  class space    used 1992K, capacity 2115K, committed 2176K, reserved 1048576K
}
Event: 11.719 GC heap before
{Heap before GC invocations=13 (full 1):
 PSYoungGen      total 102912K, used 91031K [0x00000000f8000000, 0x00000000ffd80000, 0x0000000100000000)
  eden space 78336K, 100% used [0x00000000f8000000,0x00000000fcc80000,0x00000000fcc80000)
  from space 24576K, 51% used [0x00000000fcc80000,0x00000000fd8e5db0,0x00000000fe480000)
  to   space 23552K, 0% used [0x00000000fe680000,0x00000000fe680000,0x00000000ffd80000)
 ParOldGen       total 122368K, used 59650K [0x00000000e8000000, 0x00000000ef780000, 0x00000000f8000000)
  object space 122368K, 48% used [0x00000000e8000000,0x00000000eba40978,0x00000000ef780000)
 Metaspace       used 19468K, capacity 20167K, committed 20352K, reserved 1067008K
  class space    used 1999K, capacity 2155K, committed 2176K, reserved 1048576K
Event: 11.752 GC heap after
Heap after GC invocations=13 (full 1):
 PSYoungGen      total 103936K, used 3676K [0x00000000f8000000, 0x0000000100000000, 0x0000000100000000)
  eden space 80384K, 0% used [0x00000000f8000000,0x00000000f8000000,0x00000000fce80000)
  from space 23552K, 15% used [0x00000000fe680000,0x00000000fea170c8,0x00000000ffd80000)
  to   space 24576K, 0% used [0x00000000fce80000,0x00000000fce80000,0x00000000fe680000)
 ParOldGen       total 122368K, used 70580K [0x00000000e8000000, 0x00000000ef780000, 0x00000000f8000000)
  object space 122368K, 57% used [0x00000000e8000000,0x00000000ec4ed068,0x00000000ef780000)
 Metaspace       used 19468K, capacity 20167K, committed 20352K, reserved 1067008K
  class space    used 1999K, capacity 2155K, committed 2176K, reserved 1048576K
}

