# JRE version: Java(TM) SE Runtime Environment (8.0_65-b17) (build 1.8.0_65-b17)
# Java VM: Java HotSpot(TM) 64-Bit Server VM (25.65-b01 mixed mode windows-amd64 compressed oops)
Heap:
 PSYoungGen      total 108032K, used 40128K [0x00000000f8000000, 0x00000000fff80000, 0x0000000100000000)
  eden space 86528K, 39% used [0x00000000f8000000,0x00000000fa141c10,0x00000000fd480000)
  from space 21504K, 28% used [0x00000000fea80000,0x00000000ff06e650,0x00000000fff80000)
  to   space 22016K, 0% used [0x00000000fd480000,0x00000000fd480000,0x00000000fea00000)
 ParOldGen       total 115200K, used 68519K [0x00000000e8000000, 0x00000000ef080000, 0x00000000f8000000)
  object space 115200K, 59% used [0x00000000e8000000,0x00000000ec2e9dc0,0x00000000ef080000)
 Metaspace       used 20321K, capacity 21033K, committed 21248K, reserved 1069056K
  class space    used 2066K, capacity 2190K, committed 2304K, reserved 1048576K
GC Heap History (10 events):
Event: 8.520 GC heap before
{Heap before GC invocations=11 (full 0):
 PSYoungGen      total 107008K, used 92536K [0x00000000f8000000, 0x0000000100000000, 0x0000000100000000)
  eden space 82432K, 100% used [0x00000000f8000000,0x00000000fd080000,0x00000000fd080000)
  from space 24576K, 41% used [0x00000000fe800000,0x00000000ff1de210,0x0000000100000000)
  to   space 24064K, 0% used [0x00000000fd080000,0x00000000fd080000,0x00000000fe800000)
 ParOldGen       total 87552K, used 63171K [0x00000000e8000000, 0x00000000ed580000, 0x00000000f8000000)
  object space 87552K, 72% used [0x00000000e8000000,0x00000000ebdb0e80,0x00000000ed580000)
 Metaspace       used 17708K, capacity 18063K, committed 18304K, reserved 1064960K
  class space    used 1788K, capacity 1903K, committed 1920K, reserved 1048576K
Event: 8.556 GC heap after
Heap after GC invocations=11 (full 0):
 PSYoungGen      total 106496K, used 7799K [0x00000000f8000000, 0x00000000fff80000, 0x0000000100000000)
  eden space 82432K, 0% used [0x00000000f8000000,0x00000000f8000000,0x00000000fd080000)
  from space 24064K, 32% used [0x00000000fd080000,0x00000000fd81df40,0x00000000fe800000)
  to   space 24064K, 0% used [0x00000000fe800000,0x00000000fe800000,0x00000000fff80000)
 ParOldGen       total 87552K, used 69749K [0x00000000e8000000, 0x00000000ed580000, 0x00000000f8000000)
  object space 87552K, 79% used [0x00000000e8000000,0x00000000ec41d690,0x00000000ed580000)
 Metaspace       used 17708K, capacity 18063K, committed 18304K, reserved 1064960K
  class space    used 1788K, capacity 1903K, committed 1920K, reserved 1048576K
}
Event: 9.750 GC heap before
{Heap before GC invocations=12 (full 0):
 PSYoungGen      total 106496K, used 90231K [0x00000000f8000000, 0x00000000fff80000, 0x0000000100000000)
  eden space 82432K, 100% used [0x00000000f8000000,0x00000000fd080000,0x00000000fd080000)
  from space 24064K, 32% used [0x00000000fd080000,0x00000000fd81df40,0x00000000fe800000)
  to   space 24064K, 0% used [0x00000000fe800000,0x00000000fe800000,0x00000000fff80000)
 ParOldGen       total 87552K, used 69749K [0x00000000e8000000, 0x00000000ed580000, 0x00000000f8000000)
  object space 87552K, 79% used [0x00000000e8000000,0x00000000ec41d690,0x00000000ed580000)
 Metaspace       used 19103K, capacity 19779K, committed 20096K, reserved 1067008K
  class space    used 1985K, capacity 2109K, committed 2176K, reserved 1048576K
Event: 9.794 GC heap after
Heap after GC invocations=12 (full 0):
 PSYoungGen      total 104448K, used 12065K [0x00000000f8000000, 0x00000000ffd00000, 0x0000000100000000)
  eden space 82944K, 0% used [0x00000000f8000000,0x00000000f8000000,0x00000000fd100000)
  from space 21504K, 56% used [0x00000000fe800000,0x00000000ff3c8518,0x00000000ffd00000)
  to   space 22528K, 0% used [0x00000000fd100000,0x00000000fd100000,0x00000000fe700000)
 ParOldGen       total 87552K, used 75441K [0x00000000e8000000, 0x00000000ed580000, 0x00000000f8000000)
  object space 87552K, 86% used [0x00000000e8000000,0x00000000ec9ac470,0x00000000ed580000)
 Metaspace       used 19103K, capacity 19779K, committed 20096K, reserved 1067008K
  class space    used 1985K, capacity 2109K, committed 2176K, reserved 1048576K
}
Event: 9.794 GC heap before
{Heap before GC invocations=13 (full 1):
 PSYoungGen      total 104448K, used 12065K [0x00000000f8000000, 0x00000000ffd00000, 0x0000000100000000)
  eden space 82944K, 0% used [0x00000000f8000000,0x00000000f8000000,0x00000000fd100000)
  from space 21504K, 56% used [0x00000000fe800000,0x00000000ff3c8518,0x00000000ffd00000)
  to   space 22528K, 0% used [0x00000000fd100000,0x00000000fd100000,0x00000000fe700000)
 ParOldGen       total 87552K, used 75441K [0x00000000e8000000, 0x00000000ed580000, 0x00000000f8000000)
  object space 87552K, 86% used [0x00000000e8000000,0x00000000ec9ac470,0x00000000ed580000)
 Metaspace       used 19103K, capacity 19779K, committed 20096K, reserved 1067008K
  class space    used 1985K, capacity 2109K, committed 2176K, reserved 1048576K
Event: 10.067 GC heap after
Heap after GC invocations=13 (full 1):
 PSYoungGen      total 104448K, used 0K [0x00000000f8000000, 0x00000000ffd00000, 0x0000000100000000)
  eden space 82944K, 0% used [0x00000000f8000000,0x00000000f8000000,0x00000000fd100000)
  from space 21504K, 0% used [0x00000000fe800000,0x00000000fe800000,0x00000000ffd00000)
  to   space 22528K, 0% used [0x00000000fd100000,0x00000000fd100000,0x00000000fe700000)
 ParOldGen       total 115200K, used 58580K [0x00000000e8000000, 0x00000000ef080000, 0x00000000f8000000)
  object space 115200K, 50% used [0x00000000e8000000,0x00000000eb935210,0x00000000ef080000)
 Metaspace       used 19103K, capacity 19779K, committed 20096K, reserved 1067008K
  class space    used 1985K, capacity 2109K, committed 2176K, reserved 1048576K
}
Event: 10.983 GC heap before
{Heap before GC invocations=14 (full 1):
 PSYoungGen      total 104448K, used 82944K [0x00000000f8000000, 0x00000000ffd00000, 0x0000000100000000)
  eden space 82944K, 100% used [0x00000000f8000000,0x00000000fd100000,0x00000000fd100000)
  from space 21504K, 0% used [0x00000000fe800000,0x00000000fe800000,0x00000000ffd00000)
  to   space 22528K, 0% used [0x00000000fd100000,0x00000000fd100000,0x00000000fe700000)
 ParOldGen       total 115200K, used 58580K [0x00000000e8000000, 0x00000000ef080000, 0x00000000f8000000)
  object space 115200K, 50% used [0x00000000e8000000,0x00000000eb935210,0x00000000ef080000)
 Metaspace       used 19275K, capacity 19937K, committed 20096K, reserved 1067008K
  class space    used 1992K, capacity 2114K, committed 2176K, reserved 1048576K
Event: 11.018 GC heap after
Heap after GC invocations=14 (full 1):
 PSYoungGen      total 105472K, used 11309K [0x00000000f8000000, 0x0000000100000000, 0x0000000100000000)
  eden space 82944K, 0% used [0x00000000f8000000,0x00000000f8000000,0x00000000fd100000)
  from space 22528K, 50% used [0x00000000fd100000,0x00000000fdc0b4b8,0x00000000fe700000)
  to   space 22016K, 0% used [0x00000000fea80000,0x00000000fea80000,0x0000000100000000)
 ParOldGen       total 115200K, used 58588K [0x00000000e8000000, 0x00000000ef080000, 0x00000000f8000000)
  object space 115200K, 50% used [0x00000000e8000000,0x00000000eb937210,0x00000000ef080000)
 Metaspace       used 19275K, capacity 19937K, committed 20096K, reserved 1067008K
  class space    used 1992K, capacity 2114K, committed 2176K, reserved 1048576K
}
Event: 11.897 GC heap before
{Heap before GC invocations=15 (full 1):
 PSYoungGen      total 105472K, used 94253K [0x00000000f8000000, 0x0000000100000000, 0x0000000100000000)
  eden space 82944K, 100% used [0x00000000f8000000,0x00000000fd100000,0x00000000fd100000)
  from space 22528K, 50% used [0x00000000fd100000,0x00000000fdc0b4b8,0x00000000fe700000)
  to   space 22016K, 0% used [0x00000000fea80000,0x00000000fea80000,0x0000000100000000)
 ParOldGen       total 115200K, used 58588K [0x00000000e8000000, 0x00000000ef080000, 0x00000000f8000000)
  object space 115200K, 50% used [0x00000000e8000000,0x00000000eb937210,0x00000000ef080000)
 Metaspace       used 19741K, capacity 20425K, committed 20608K, reserved 1067008K
  class space    used 2032K, capacity 2158K, committed 2176K, reserved 1048576K
Event: 11.936 GC heap after
Heap after GC invocations=15 (full 1):
 PSYoungGen      total 108032K, used 6073K [0x00000000f8000000, 0x00000000fff80000, 0x0000000100000000)
  eden space 86528K, 0% used [0x00000000f8000000,0x00000000f8000000,0x00000000fd480000)
  from space 21504K, 28% used [0x00000000fea80000,0x00000000ff06e650,0x00000000fff80000)
  to   space 22016K, 0% used [0x00000000fd480000,0x00000000fd480000,0x00000000fea00000)
 ParOldGen       total 115200K, used 68519K [0x00000000e8000000, 0x00000000ef080000, 0x00000000f8000000)
  object space 115200K, 59% used [0x00000000e8000000,0x00000000ec2e9dc0,0x00000000ef080000)
 Metaspace       used 19741K, capacity 20425K, committed 20608K, reserved 1067008K
  class space    used 2032K, capacity 2158K, committed 2176K, reserved 1048576K
}

