# JRE version: Java(TM) SE Runtime Environment (8.0_65-b17) (build 1.8.0_65-b17)
# Java VM: Java HotSpot(TM) 64-Bit Server VM (25.65-b01 mixed mode windows-amd64 compressed oops)
Heap:
 PSYoungGen      total 104448K, used 16869K [0x00000000f8000000, 0x0000000100000000, 0x0000000100000000)
  eden space 79872K, 1% used [0x00000000f8000000,0x00000000f818cc68,0x00000000fce00000)
  from space 24576K, 62% used [0x00000000fce00000,0x00000000fdcec8e8,0x00000000fe600000)
  to   space 24064K, 0% used [0x00000000fe880000,0x00000000fe880000,0x0000000100000000)
 ParOldGen       total 124416K, used 100297K [0x00000000e8000000, 0x00000000ef980000, 0x00000000f8000000)
  object space 124416K, 80% used [0x00000000e8000000,0x00000000ee1f26f8,0x00000000ef980000)
 Metaspace       used 21455K, capacity 22277K, committed 22528K, reserved 1069056K
  class space    used 2131K, capacity 2304K, committed 2304K, reserved 1048576K
GC Heap History (10 events):
Event: 721.990 GC heap before
{Heap before GC invocations=26 (full 1):
 PSYoungGen      total 105472K, used 100880K [0x00000000f8000000, 0x0000000100000000, 0x0000000100000000)
  eden space 82944K, 100% used [0x00000000f8000000,0x00000000fd100000,0x00000000fd100000)
  from space 22528K, 79% used [0x00000000fe800000,0x00000000ff984150,0x00000000ffe00000)
  to   space 23552K, 0% used [0x00000000fd100000,0x00000000fd100000,0x00000000fe800000)
 ParOldGen       total 124416K, used 97480K [0x00000000e8000000, 0x00000000ef980000, 0x00000000f8000000)
  object space 124416K, 78% used [0x00000000e8000000,0x00000000edf32280,0x00000000ef980000)
 Metaspace       used 21379K, capacity 22213K, committed 22272K, reserved 1069056K
  class space    used 2131K, capacity 2304K, committed 2304K, reserved 1048576K
Event: 722.013 GC heap after
Heap after GC invocations=26 (full 1):
 PSYoungGen      total 106496K, used 14112K [0x00000000f8000000, 0x0000000100000000, 0x0000000100000000)
  eden space 82944K, 0% used [0x00000000f8000000,0x00000000f8000000,0x00000000fd100000)
  from space 23552K, 59% used [0x00000000fd100000,0x00000000fdec80f8,0x00000000fe800000)
  to   space 23040K, 0% used [0x00000000fe980000,0x00000000fe980000,0x0000000100000000)
 ParOldGen       total 124416K, used 97488K [0x00000000e8000000, 0x00000000ef980000, 0x00000000f8000000)
  object space 124416K, 78% used [0x00000000e8000000,0x00000000edf34280,0x00000000ef980000)
 Metaspace       used 21379K, capacity 22213K, committed 22272K, reserved 1069056K
  class space    used 2131K, capacity 2304K, committed 2304K, reserved 1048576K
}
Event: 722.887 GC heap before
{Heap before GC invocations=27 (full 1):
 PSYoungGen      total 106496K, used 97056K [0x00000000f8000000, 0x0000000100000000, 0x0000000100000000)
  eden space 82944K, 100% used [0x00000000f8000000,0x00000000fd100000,0x00000000fd100000)
  from space 23552K, 59% used [0x00000000fd100000,0x00000000fdec80f8,0x00000000fe800000)
  to   space 23040K, 0% used [0x00000000fe980000,0x00000000fe980000,0x0000000100000000)
 ParOldGen       total 124416K, used 97488K [0x00000000e8000000, 0x00000000ef980000, 0x00000000f8000000)
  object space 124416K, 78% used [0x00000000e8000000,0x00000000edf34280,0x00000000ef980000)
 Metaspace       used 21396K, capacity 22213K, committed 22272K, reserved 1069056K
  class space    used 2131K, capacity 2304K, committed 2304K, reserved 1048576K
Event: 722.981 GC heap after
Heap after GC invocations=27 (full 1):
 PSYoungGen      total 101888K, used 23029K [0x00000000f8000000, 0x0000000100000000, 0x0000000100000000)
  eden space 78848K, 0% used [0x00000000f8000000,0x00000000f8000000,0x00000000fcd00000)
  from space 23040K, 99% used [0x00000000fe980000,0x00000000ffffd548,0x0000000100000000)
  to   space 26112K, 0% used [0x00000000fcd00000,0x00000000fcd00000,0x00000000fe680000)
 ParOldGen       total 124416K, used 97736K [0x00000000e8000000, 0x00000000ef980000, 0x00000000f8000000)
  object space 124416K, 78% used [0x00000000e8000000,0x00000000edf72280,0x00000000ef980000)
 Metaspace       used 21396K, capacity 22213K, committed 22272K, reserved 1069056K
  class space    used 2131K, capacity 2304K, committed 2304K, reserved 1048576K
}
Event: 809.421 GC heap before
{Heap before GC invocations=28 (full 1):
 PSYoungGen      total 101888K, used 101877K [0x00000000f8000000, 0x0000000100000000, 0x0000000100000000)
  eden space 78848K, 100% used [0x00000000f8000000,0x00000000fcd00000,0x00000000fcd00000)
  from space 23040K, 99% used [0x00000000fe980000,0x00000000ffffd548,0x0000000100000000)
  to   space 26112K, 0% used [0x00000000fcd00000,0x00000000fcd00000,0x00000000fe680000)
 ParOldGen       total 124416K, used 97736K [0x00000000e8000000, 0x00000000ef980000, 0x00000000f8000000)
  object space 124416K, 78% used [0x00000000e8000000,0x00000000edf72280,0x00000000ef980000)
 Metaspace       used 21405K, capacity 22213K, committed 22272K, reserved 1069056K
  class space    used 2131K, capacity 2304K, committed 2304K, reserved 1048576K
Event: 809.449 GC heap after
Heap after GC invocations=28 (full 1):
 PSYoungGen      total 104960K, used 13599K [0x00000000f8000000, 0x0000000100000000, 0x0000000100000000)
  eden space 78848K, 0% used [0x00000000f8000000,0x00000000f8000000,0x00000000fcd00000)
  from space 26112K, 52% used [0x00000000fcd00000,0x00000000fda47ee8,0x00000000fe680000)
  to   space 25088K, 0% used [0x00000000fe780000,0x00000000fe780000,0x0000000100000000)
 ParOldGen       total 124416K, used 100289K [0x00000000e8000000, 0x00000000ef980000, 0x00000000f8000000)
  object space 124416K, 80% used [0x00000000e8000000,0x00000000ee1f06f8,0x00000000ef980000)
 Metaspace       used 21405K, capacity 22213K, committed 22272K, reserved 1069056K
  class space    used 2131K, capacity 2304K, committed 2304K, reserved 1048576K
}
Event: 810.324 GC heap before
{Heap before GC invocations=29 (full 1):
 PSYoungGen      total 104960K, used 88597K [0x00000000f8000000, 0x0000000100000000, 0x0000000100000000)
  eden space 78848K, 95% used [0x00000000f8000000,0x00000000fc93d618,0x00000000fcd00000)
  from space 26112K, 52% used [0x00000000fcd00000,0x00000000fda47ee8,0x00000000fe680000)
  to   space 25088K, 0% used [0x00000000fe780000,0x00000000fe780000,0x0000000100000000)
 ParOldGen       total 124416K, used 100289K [0x00000000e8000000, 0x00000000ef980000, 0x00000000f8000000)
  object space 124416K, 80% used [0x00000000e8000000,0x00000000ee1f06f8,0x00000000ef980000)
 Metaspace       used 21414K, capacity 22213K, committed 22272K, reserved 1069056K
  class space    used 2131K, capacity 2304K, committed 2304K, reserved 1048576K
Event: 810.338 GC heap after
Heap after GC invocations=29 (full 1):
 PSYoungGen      total 102912K, used 10655K [0x00000000f8000000, 0x00000000ffe00000, 0x0000000100000000)
  eden space 79872K, 0% used [0x00000000f8000000,0x00000000f8000000,0x00000000fce00000)
  from space 23040K, 46% used [0x00000000fe780000,0x00000000ff1e7f80,0x00000000ffe00000)
  to   space 24576K, 0% used [0x00000000fce00000,0x00000000fce00000,0x00000000fe600000)
 ParOldGen       total 124416K, used 100297K [0x00000000e8000000, 0x00000000ef980000, 0x00000000f8000000)
  object space 124416K, 80% used [0x00000000e8000000,0x00000000ee1f26f8,0x00000000ef980000)
 Metaspace       used 21414K, capacity 22213K, committed 22272K, reserved 1069056K
  class space    used 2131K, capacity 2304K, committed 2304K, reserved 1048576K
}
Event: 871.089 GC heap before
{Heap before GC invocations=30 (full 1):
 PSYoungGen      total 102912K, used 90527K [0x00000000f8000000, 0x00000000ffe00000, 0x0000000100000000)
  eden space 79872K, 100% used [0x00000000f8000000,0x00000000fce00000,0x00000000fce00000)
  from space 23040K, 46% used [0x00000000fe780000,0x00000000ff1e7f80,0x00000000ffe00000)
  to   space 24576K, 0% used [0x00000000fce00000,0x00000000fce00000,0x00000000fe600000)
 ParOldGen       total 124416K, used 100297K [0x00000000e8000000, 0x00000000ef980000, 0x00000000f8000000)
  object space 124416K, 80% used [0x00000000e8000000,0x00000000ee1f26f8,0x00000000ef980000)
 Metaspace       used 21455K, capacity 22277K, committed 22528K, reserved 1069056K
  class space    used 2131K, capacity 2304K, committed 2304K, reserved 1048576K
Event: 871.115 GC heap after
Heap after GC invocations=30 (full 1):
 PSYoungGen      total 104448K, used 15282K [0x00000000f8000000, 0x0000000100000000, 0x0000000100000000)
  eden space 79872K, 0% used [0x00000000f8000000,0x00000000f8000000,0x00000000fce00000)
  from space 24576K, 62% used [0x00000000fce00000,0x00000000fdcec8e8,0x00000000fe600000)
  to   space 24064K, 0% used [0x00000000fe880000,0x00000000fe880000,0x0000000100000000)
 ParOldGen       total 124416K, used 100297K [0x00000000e8000000, 0x00000000ef980000, 0x00000000f8000000)
  object space 124416K, 80% used [0x00000000e8000000,0x00000000ee1f26f8,0x00000000ef980000)
 Metaspace       used 21455K, capacity 22277K, committed 22528K, reserved 1069056K
  class space    used 2131K, capacity 2304K, committed 2304K, reserved 1048576K
}

