# JRE version: Java(TM) SE Runtime Environment (8.0_65-b17) (build 1.8.0_65-b17)
# Java VM: Java HotSpot(TM) 64-Bit Server VM (25.65-b01 mixed mode windows-amd64 compressed oops)
Heap:
 PSYoungGen      total 38400K, used 25939K [0x00000000f8000000, 0x00000000fcb00000, 0x0000000100000000)
  eden space 33280K, 62% used [0x00000000f8000000,0x00000000f9459d58,0x00000000fa080000)
  from space 5120K, 99% used [0x00000000fa580000,0x00000000faa7b258,0x00000000faa80000)
  to   space 5120K, 0% used [0x00000000fa080000,0x00000000fa080000,0x00000000fa580000)
 ParOldGen       total 87552K, used 22287K [0x00000000e8000000, 0x00000000ed580000, 0x00000000f8000000)
  object space 87552K, 25% used [0x00000000e8000000,0x00000000e95c3db0,0x00000000ed580000)
 Metaspace       used 13331K, capacity 13565K, committed 13824K, reserved 1060864K
  class space    used 1464K, capacity 1486K, committed 1536K, reserved 1048576K
GC Heap History (4 events):
Event: 3.802 GC heap before
{Heap before GC invocations=1 (full 0):
 PSYoungGen      total 38400K, used 33280K [0x00000000f8000000, 0x00000000faa80000, 0x0000000100000000)
  eden space 33280K, 100% used [0x00000000f8000000,0x00000000fa080000,0x00000000fa080000)
  from space 5120K, 0% used [0x00000000fa580000,0x00000000fa580000,0x00000000faa80000)
  to   space 5120K, 0% used [0x00000000fa080000,0x00000000fa080000,0x00000000fa580000)
 ParOldGen       total 87552K, used 0K [0x00000000e8000000, 0x00000000ed580000, 0x00000000f8000000)
  object space 87552K, 0% used [0x00000000e8000000,0x00000000e8000000,0x00000000ed580000)
 Metaspace       used 7954K, capacity 8465K, committed 8704K, reserved 1056768K
  class space    used 882K, capacity 913K, committed 1024K, reserved 1048576K
Event: 3.825 GC heap after
Heap after GC invocations=1 (full 0):
 PSYoungGen      total 38400K, used 5103K [0x00000000f8000000, 0x00000000faa80000, 0x0000000100000000)
  eden space 33280K, 0% used [0x00000000f8000000,0x00000000f8000000,0x00000000fa080000)
  from space 5120K, 99% used [0x00000000fa080000,0x00000000fa57bd50,0x00000000fa580000)
  to   space 5120K, 0% used [0x00000000fa580000,0x00000000fa580000,0x00000000faa80000)
 ParOldGen       total 87552K, used 7596K [0x00000000e8000000, 0x00000000ed580000, 0x00000000f8000000)
  object space 87552K, 8% used [0x00000000e8000000,0x00000000e876b020,0x00000000ed580000)
 Metaspace       used 7954K, capacity 8465K, committed 8704K, reserved 1056768K
  class space    used 882K, capacity 913K, committed 1024K, reserved 1048576K
}
Event: 4.785 GC heap before
{Heap before GC invocations=2 (full 0):
 PSYoungGen      total 38400K, used 38383K [0x00000000f8000000, 0x00000000faa80000, 0x0000000100000000)
  eden space 33280K, 100% used [0x00000000f8000000,0x00000000fa080000,0x00000000fa080000)
  from space 5120K, 99% used [0x00000000fa080000,0x00000000fa57bd50,0x00000000fa580000)
  to   space 5120K, 0% used [0x00000000fa580000,0x00000000fa580000,0x00000000faa80000)
 ParOldGen       total 87552K, used 7596K [0x00000000e8000000, 0x00000000ed580000, 0x00000000f8000000)
  object space 87552K, 8% used [0x00000000e8000000,0x00000000e876b020,0x00000000ed580000)
 Metaspace       used 11409K, capacity 11849K, committed 12160K, reserved 1060864K
  class space    used 1290K, capacity 1337K, committed 1408K, reserved 1048576K
Event: 4.845 GC heap after
Heap after GC invocations=2 (full 0):
 PSYoungGen      total 38400K, used 5100K [0x00000000f8000000, 0x00000000fcb00000, 0x0000000100000000)
  eden space 33280K, 0% used [0x00000000f8000000,0x00000000f8000000,0x00000000fa080000)
  from space 5120K, 99% used [0x00000000fa580000,0x00000000faa7b258,0x00000000faa80000)
  to   space 5120K, 0% used [0x00000000fa080000,0x00000000fa080000,0x00000000fa580000)
 ParOldGen       total 87552K, used 22287K [0x00000000e8000000, 0x00000000ed580000, 0x00000000f8000000)
  object space 87552K, 25% used [0x00000000e8000000,0x00000000e95c3db0,0x00000000ed580000)
 Metaspace       used 11409K, capacity 11849K, committed 12160K, reserved 1060864K
  class space    used 1290K, capacity 1337K, committed 1408K, reserved 1048576K
}

