# JRE version: Java(TM) SE Runtime Environment (8.0_65-b17) (build 1.8.0_65-b17)
# Java VM: Java HotSpot(TM) 64-Bit Server VM (25.65-b01 mixed mode windows-amd64 compressed oops)
Heap:
 PSYoungGen      total 106496K, used 74027K [0x00000000f8000000, 0x0000000100000000, 0x0000000100000000)
  eden space 83456K, 83% used [0x00000000f8000000,0x00000000fc464b78,0x00000000fd180000)
  from space 23040K, 17% used [0x00000000fe880000,0x00000000fec66278,0x00000000fff00000)
  to   space 23552K, 0% used [0x00000000fd180000,0x00000000fd180000,0x00000000fe880000)
 ParOldGen       total 121344K, used 71808K [0x00000000e8000000, 0x00000000ef680000, 0x00000000f8000000)
  object space 121344K, 59% used [0x00000000e8000000,0x00000000ec6201a8,0x00000000ef680000)
 Metaspace       used 20313K, capacity 20973K, committed 21248K, reserved 1069056K
  class space    used 2066K, capacity 2190K, committed 2304K, reserved 1048576K
GC Heap History (10 events):
Event: 8.927 GC heap before
{Heap before GC invocations=9 (full 0):
 PSYoungGen      total 106496K, used 92056K [0x00000000f8000000, 0x0000000100000000, 0x0000000100000000)
  eden space 80384K, 100% used [0x00000000f8000000,0x00000000fce80000,0x00000000fce80000)
  from space 26112K, 44% used [0x00000000fe680000,0x00000000ff1e6300,0x0000000100000000)
  to   space 24576K, 0% used [0x00000000fce80000,0x00000000fce80000,0x00000000fe680000)
 ParOldGen       total 87552K, used 63017K [0x00000000e8000000, 0x00000000ed580000, 0x00000000f8000000)
  object space 87552K, 71% used [0x00000000e8000000,0x00000000ebd8a6b8,0x00000000ed580000)
 Metaspace       used 17716K, capacity 18067K, committed 18304K, reserved 1064960K
  class space    used 1787K, capacity 1903K, committed 1920K, reserved 1048576K
Event: 9.016 GC heap after
Heap after GC invocations=9 (full 0):
 PSYoungGen      total 94208K, used 13620K [0x00000000f8000000, 0x00000000ffc80000, 0x0000000100000000)
  eden space 80384K, 0% used [0x00000000f8000000,0x00000000f8000000,0x00000000fce80000)
  from space 13824K, 98% used [0x00000000fce80000,0x00000000fdbcd0e0,0x00000000fdc00000)
  to   space 23552K, 0% used [0x00000000fe580000,0x00000000fe580000,0x00000000ffc80000)
 ParOldGen       total 87552K, used 64806K [0x00000000e8000000, 0x00000000ed580000, 0x00000000f8000000)
  object space 87552K, 74% used [0x00000000e8000000,0x00000000ebf49898,0x00000000ed580000)
 Metaspace       used 17716K, capacity 18067K, committed 18304K, reserved 1064960K
  class space    used 1787K, capacity 1903K, committed 1920K, reserved 1048576K
}
Event: 10.480 GC heap before
{Heap before GC invocations=10 (full 0):
 PSYoungGen      total 94208K, used 94004K [0x00000000f8000000, 0x00000000ffc80000, 0x0000000100000000)
  eden space 80384K, 100% used [0x00000000f8000000,0x00000000fce80000,0x00000000fce80000)
  from space 13824K, 98% used [0x00000000fce80000,0x00000000fdbcd0e0,0x00000000fdc00000)
  to   space 23552K, 0% used [0x00000000fe580000,0x00000000fe580000,0x00000000ffc80000)
 ParOldGen       total 87552K, used 64806K [0x00000000e8000000, 0x00000000ed580000, 0x00000000f8000000)
  object space 87552K, 74% used [0x00000000e8000000,0x00000000ebf49898,0x00000000ed580000)
 Metaspace       used 19082K, capacity 19735K, committed 19840K, reserved 1067008K
  class space    used 1979K, capacity 2101K, committed 2176K, reserved 1048576K
Event: 10.529 GC heap after
Heap after GC invocations=10 (full 0):
 PSYoungGen      total 103936K, used 16247K [0x00000000f8000000, 0x0000000100000000, 0x0000000100000000)
  eden space 80384K, 0% used [0x00000000f8000000,0x00000000f8000000,0x00000000fce80000)
  from space 23552K, 68% used [0x00000000fe580000,0x00000000ff55de18,0x00000000ffc80000)
  to   space 23552K, 0% used [0x00000000fce80000,0x00000000fce80000,0x00000000fe580000)
 ParOldGen       total 87552K, used 70290K [0x00000000e8000000, 0x00000000ed580000, 0x00000000f8000000)
  object space 87552K, 80% used [0x00000000e8000000,0x00000000ec4a4b98,0x00000000ed580000)
 Metaspace       used 19082K, capacity 19735K, committed 19840K, reserved 1067008K
  class space    used 1979K, capacity 2101K, committed 2176K, reserved 1048576K
}
Event: 10.529 GC heap before
{Heap before GC invocations=11 (full 1):
 PSYoungGen      total 103936K, used 16247K [0x00000000f8000000, 0x0000000100000000, 0x0000000100000000)
  eden space 80384K, 0% used [0x00000000f8000000,0x00000000f8000000,0x00000000fce80000)
  from space 23552K, 68% used [0x00000000fe580000,0x00000000ff55de18,0x00000000ffc80000)
  to   space 23552K, 0% used [0x00000000fce80000,0x00000000fce80000,0x00000000fe580000)
 ParOldGen       total 87552K, used 70290K [0x00000000e8000000, 0x00000000ed580000, 0x00000000f8000000)
  object space 87552K, 80% used [0x00000000e8000000,0x00000000ec4a4b98,0x00000000ed580000)
 Metaspace       used 19082K, capacity 19735K, committed 19840K, reserved 1067008K
  class space    used 1979K, capacity 2101K, committed 2176K, reserved 1048576K
Event: 10.806 GC heap after
Heap after GC invocations=11 (full 1):
 PSYoungGen      total 103936K, used 0K [0x00000000f8000000, 0x0000000100000000, 0x0000000100000000)
  eden space 80384K, 0% used [0x00000000f8000000,0x00000000f8000000,0x00000000fce80000)
  from space 23552K, 0% used [0x00000000fe580000,0x00000000fe580000,0x00000000ffc80000)
  to   space 23552K, 0% used [0x00000000fce80000,0x00000000fce80000,0x00000000fe580000)
 ParOldGen       total 121344K, used 61583K [0x00000000e8000000, 0x00000000ef680000, 0x00000000f8000000)
  object space 121344K, 50% used [0x00000000e8000000,0x00000000ebc23da8,0x00000000ef680000)
 Metaspace       used 19082K, capacity 19735K, committed 19840K, reserved 1067008K
  class space    used 1979K, capacity 2101K, committed 2176K, reserved 1048576K
}
Event: 11.856 GC heap before
{Heap before GC invocations=12 (full 1):
 PSYoungGen      total 103936K, used 80384K [0x00000000f8000000, 0x0000000100000000, 0x0000000100000000)
  eden space 80384K, 100% used [0x00000000f8000000,0x00000000fce80000,0x00000000fce80000)
  from space 23552K, 0% used [0x00000000fe580000,0x00000000fe580000,0x00000000ffc80000)
  to   space 23552K, 0% used [0x00000000fce80000,0x00000000fce80000,0x00000000fe580000)
 ParOldGen       total 121344K, used 61583K [0x00000000e8000000, 0x00000000ef680000, 0x00000000f8000000)
  object space 121344K, 50% used [0x00000000e8000000,0x00000000ebc23da8,0x00000000ef680000)
 Metaspace       used 19275K, capacity 19941K, committed 20096K, reserved 1067008K
  class space    used 1990K, capacity 2114K, committed 2176K, reserved 1048576K
Event: 11.891 GC heap after
Heap after GC invocations=12 (full 1):
 PSYoungGen      total 103936K, used 12406K [0x00000000f8000000, 0x00000000fff00000, 0x0000000100000000)
  eden space 80384K, 0% used [0x00000000f8000000,0x00000000f8000000,0x00000000fce80000)
  from space 23552K, 52% used [0x00000000fce80000,0x00000000fda9d8b0,0x00000000fe580000)
  to   space 23040K, 0% used [0x00000000fe880000,0x00000000fe880000,0x00000000fff00000)
 ParOldGen       total 121344K, used 61591K [0x00000000e8000000, 0x00000000ef680000, 0x00000000f8000000)
  object space 121344K, 50% used [0x00000000e8000000,0x00000000ebc25da8,0x00000000ef680000)
 Metaspace       used 19275K, capacity 19941K, committed 20096K, reserved 1067008K
  class space    used 1990K, capacity 2114K, committed 2176K, reserved 1048576K
}
Event: 12.784 GC heap before
{Heap before GC invocations=13 (full 1):
 PSYoungGen      total 103936K, used 92790K [0x00000000f8000000, 0x00000000fff00000, 0x0000000100000000)
  eden space 80384K, 100% used [0x00000000f8000000,0x00000000fce80000,0x00000000fce80000)
  from space 23552K, 52% used [0x00000000fce80000,0x00000000fda9d8b0,0x00000000fe580000)
  to   space 23040K, 0% used [0x00000000fe880000,0x00000000fe880000,0x00000000fff00000)
 ParOldGen       total 121344K, used 61591K [0x00000000e8000000, 0x00000000ef680000, 0x00000000f8000000)
  object space 121344K, 50% used [0x00000000e8000000,0x00000000ebc25da8,0x00000000ef680000)
 Metaspace       used 19528K, capacity 20237K, committed 20352K, reserved 1067008K
  class space    used 2007K, capacity 2158K, committed 2176K, reserved 1048576K
Event: 12.822 GC heap after
Heap after GC invocations=13 (full 1):
 PSYoungGen      total 106496K, used 3992K [0x00000000f8000000, 0x0000000100000000, 0x0000000100000000)
  eden space 83456K, 0% used [0x00000000f8000000,0x00000000f8000000,0x00000000fd180000)
  from space 23040K, 17% used [0x00000000fe880000,0x00000000fec66278,0x00000000fff00000)
  to   space 23552K, 0% used [0x00000000fd180000,0x00000000fd180000,0x00000000fe880000)
 ParOldGen       total 121344K, used 71808K [0x00000000e8000000, 0x00000000ef680000, 0x00000000f8000000)
  object space 121344K, 59% used [0x00000000e8000000,0x00000000ec6201a8,0x00000000ef680000)
 Metaspace       used 19528K, capacity 20237K, committed 20352K, reserved 1067008K
  class space    used 2007K, capacity 2158K, committed 2176K, reserved 1048576K
}

