# JRE version: Java(TM) SE Runtime Environment (8.0_65-b17) (build 1.8.0_65-b17)
# Java VM: Java HotSpot(TM) 64-Bit Server VM (25.65-b01 mixed mode windows-amd64 compressed oops)
Heap:
 PSYoungGen      total 111616K, used 22391K [0x00000000f8000000, 0x00000000fff80000, 0x0000000100000000)
  eden space 93696K, 17% used [0x00000000f8000000,0x00000000f906fed8,0x00000000fdb80000)
  from space 17920K, 31% used [0x00000000fdb80000,0x00000000fe0edfe0,0x00000000fed00000)
  to   space 17408K, 0% used [0x00000000fee80000,0x00000000fee80000,0x00000000fff80000)
 ParOldGen       total 131072K, used 98757K [0x00000000e8000000, 0x00000000f0000000, 0x00000000f8000000)
  object space 131072K, 75% used [0x00000000e8000000,0x00000000ee0715b0,0x00000000f0000000)
 Metaspace       used 20897K, capacity 21607K, committed 21760K, reserved 1069056K
  class space    used 2090K, capacity 2235K, committed 2304K, reserved 1048576K
GC Heap History (10 events):
Event: 134.721 GC heap before
{Heap before GC invocations=23 (full 2):
 PSYoungGen      total 107520K, used 100173K [0x00000000f8000000, 0x00000000ffd80000, 0x0000000100000000)
  eden space 89600K, 100% used [0x00000000f8000000,0x00000000fd780000,0x00000000fd780000)
  from space 17920K, 59% used [0x00000000fec00000,0x00000000ff653528,0x00000000ffd80000)
  to   space 19456K, 0% used [0x00000000fd780000,0x00000000fd780000,0x00000000fea80000)
 ParOldGen       total 131072K, used 72860K [0x00000000e8000000, 0x00000000f0000000, 0x00000000f8000000)
  object space 131072K, 55% used [0x00000000e8000000,0x00000000ec727050,0x00000000f0000000)
 Metaspace       used 20716K, capacity 21449K, committed 21760K, reserved 1069056K
  class space    used 2087K, capacity 2230K, committed 2304K, reserved 1048576K
Event: 134.744 GC heap after
Heap after GC invocations=23 (full 2):
 PSYoungGen      total 109056K, used 6220K [0x00000000f8000000, 0x0000000100000000, 0x0000000100000000)
  eden space 89600K, 0% used [0x00000000f8000000,0x00000000f8000000,0x00000000fd780000)
  from space 19456K, 31% used [0x00000000fd780000,0x00000000fdd93190,0x00000000fea80000)
  to   space 19456K, 0% used [0x00000000fed00000,0x00000000fed00000,0x0000000100000000)
 ParOldGen       total 131072K, used 80909K [0x00000000e8000000, 0x00000000f0000000, 0x00000000f8000000)
  object space 131072K, 61% used [0x00000000e8000000,0x00000000ecf03458,0x00000000f0000000)
 Metaspace       used 20716K, capacity 21449K, committed 21760K, reserved 1069056K
  class space    used 2087K, capacity 2230K, committed 2304K, reserved 1048576K
}
Event: 135.345 GC heap before
{Heap before GC invocations=24 (full 2):
 PSYoungGen      total 109056K, used 95820K [0x00000000f8000000, 0x0000000100000000, 0x0000000100000000)
  eden space 89600K, 100% used [0x00000000f8000000,0x00000000fd780000,0x00000000fd780000)
  from space 19456K, 31% used [0x00000000fd780000,0x00000000fdd93190,0x00000000fea80000)
  to   space 19456K, 0% used [0x00000000fed00000,0x00000000fed00000,0x0000000100000000)
 ParOldGen       total 131072K, used 80909K [0x00000000e8000000, 0x00000000f0000000, 0x00000000f8000000)
  object space 131072K, 61% used [0x00000000e8000000,0x00000000ecf03458,0x00000000f0000000)
 Metaspace       used 20741K, capacity 21449K, committed 21760K, reserved 1069056K
  class space    used 2087K, capacity 2230K, committed 2304K, reserved 1048576K
Event: 135.366 GC heap after
Heap after GC invocations=24 (full 2):
 PSYoungGen      total 110592K, used 5442K [0x00000000f8000000, 0x00000000fff00000, 0x0000000100000000)
  eden space 92160K, 0% used [0x00000000f8000000,0x00000000f8000000,0x00000000fda00000)
  from space 18432K, 29% used [0x00000000fed00000,0x00000000ff250900,0x00000000fff00000)
  to   space 18944K, 0% used [0x00000000fda00000,0x00000000fda00000,0x00000000fec80000)
 ParOldGen       total 131072K, used 86396K [0x00000000e8000000, 0x00000000f0000000, 0x00000000f8000000)
  object space 131072K, 65% used [0x00000000e8000000,0x00000000ed45f1e8,0x00000000f0000000)
 Metaspace       used 20741K, capacity 21449K, committed 21760K, reserved 1069056K
  class space    used 2087K, capacity 2230K, committed 2304K, reserved 1048576K
}
Event: 278.081 GC heap before
{Heap before GC invocations=25 (full 2):
 PSYoungGen      total 110592K, used 97602K [0x00000000f8000000, 0x00000000fff00000, 0x0000000100000000)
  eden space 92160K, 100% used [0x00000000f8000000,0x00000000fda00000,0x00000000fda00000)
  from space 18432K, 29% used [0x00000000fed00000,0x00000000ff250900,0x00000000fff00000)
  to   space 18944K, 0% used [0x00000000fda00000,0x00000000fda00000,0x00000000fec80000)
 ParOldGen       total 131072K, used 86396K [0x00000000e8000000, 0x00000000f0000000, 0x00000000f8000000)
  object space 131072K, 65% used [0x00000000e8000000,0x00000000ed45f1e8,0x00000000f0000000)
 Metaspace       used 20768K, capacity 21519K, committed 21760K, reserved 1069056K
  class space    used 2087K, capacity 2231K, committed 2304K, reserved 1048576K
Event: 278.122 GC heap after
Heap after GC invocations=25 (full 2):
 PSYoungGen      total 111104K, used 7722K [0x00000000f8000000, 0x00000000fff80000, 0x0000000100000000)
  eden space 92160K, 0% used [0x00000000f8000000,0x00000000f8000000,0x00000000fda00000)
  from space 18944K, 40% used [0x00000000fda00000,0x00000000fe18a990,0x00000000fec80000)
  to   space 18432K, 0% used [0x00000000fed80000,0x00000000fed80000,0x00000000fff80000)
 ParOldGen       total 131072K, used 90613K [0x00000000e8000000, 0x00000000f0000000, 0x00000000f8000000)
  object space 131072K, 69% used [0x00000000e8000000,0x00000000ed87d748,0x00000000f0000000)
 Metaspace       used 20768K, capacity 21519K, committed 21760K, reserved 1069056K
  class space    used 2087K, capacity 2231K, committed 2304K, reserved 1048576K
}
Event: 290.251 GC heap before
{Heap before GC invocations=26 (full 2):
 PSYoungGen      total 111104K, used 99882K [0x00000000f8000000, 0x00000000fff80000, 0x0000000100000000)
  eden space 92160K, 100% used [0x00000000f8000000,0x00000000fda00000,0x00000000fda00000)
  from space 18944K, 40% used [0x00000000fda00000,0x00000000fe18a990,0x00000000fec80000)
  to   space 18432K, 0% used [0x00000000fed80000,0x00000000fed80000,0x00000000fff80000)
 ParOldGen       total 131072K, used 90613K [0x00000000e8000000, 0x00000000f0000000, 0x00000000f8000000)
  object space 131072K, 69% used [0x00000000e8000000,0x00000000ed87d748,0x00000000f0000000)
 Metaspace       used 20798K, capacity 21519K, committed 21760K, reserved 1069056K
  class space    used 2087K, capacity 2231K, committed 2304K, reserved 1048576K
Event: 290.280 GC heap after
Heap after GC invocations=26 (full 2):
 PSYoungGen      total 111104K, used 10236K [0x00000000f8000000, 0x00000000ffe80000, 0x0000000100000000)
  eden space 93696K, 0% used [0x00000000f8000000,0x00000000f8000000,0x00000000fdb80000)
  from space 17408K, 58% used [0x00000000fed80000,0x00000000ff77f228,0x00000000ffe80000)
  to   space 17920K, 0% used [0x00000000fdb80000,0x00000000fdb80000,0x00000000fed00000)
 ParOldGen       total 131072K, used 93653K [0x00000000e8000000, 0x00000000f0000000, 0x00000000f8000000)
  object space 131072K, 71% used [0x00000000e8000000,0x00000000edb75468,0x00000000f0000000)
 Metaspace       used 20798K, capacity 21519K, committed 21760K, reserved 1069056K
  class space    used 2087K, capacity 2231K, committed 2304K, reserved 1048576K
}
Event: 291.043 GC heap before
{Heap before GC invocations=27 (full 2):
 PSYoungGen      total 111104K, used 103932K [0x00000000f8000000, 0x00000000ffe80000, 0x0000000100000000)
  eden space 93696K, 100% used [0x00000000f8000000,0x00000000fdb80000,0x00000000fdb80000)
  from space 17408K, 58% used [0x00000000fed80000,0x00000000ff77f228,0x00000000ffe80000)
  to   space 17920K, 0% used [0x00000000fdb80000,0x00000000fdb80000,0x00000000fed00000)
 ParOldGen       total 131072K, used 93653K [0x00000000e8000000, 0x00000000f0000000, 0x00000000f8000000)
  object space 131072K, 71% used [0x00000000e8000000,0x00000000edb75468,0x00000000f0000000)
 Metaspace       used 20885K, capacity 21601K, committed 21760K, reserved 1069056K
  class space    used 2089K, capacity 2234K, committed 2304K, reserved 1048576K
Event: 291.071 GC heap after
Heap after GC invocations=27 (full 2):
 PSYoungGen      total 111616K, used 5559K [0x00000000f8000000, 0x00000000fff80000, 0x0000000100000000)
  eden space 93696K, 0% used [0x00000000f8000000,0x00000000f8000000,0x00000000fdb80000)
  from space 17920K, 31% used [0x00000000fdb80000,0x00000000fe0edfe0,0x00000000fed00000)
  to   space 17408K, 0% used [0x00000000fee80000,0x00000000fee80000,0x00000000fff80000)
 ParOldGen       total 131072K, used 98757K [0x00000000e8000000, 0x00000000f0000000, 0x00000000f8000000)
  object space 131072K, 75% used [0x00000000e8000000,0x00000000ee0715b0,0x00000000f0000000)
 Metaspace       used 20885K, capacity 21601K, committed 21760K, reserved 1069056K
  class space    used 2089K, capacity 2234K, committed 2304K, reserved 1048576K
}

