# JRE version: Java(TM) SE Runtime Environment (8.0_65-b17) (build 1.8.0_65-b17)
# Java VM: Java HotSpot(TM) 64-Bit Server VM (25.65-b01 mixed mode windows-amd64 compressed oops)
Heap:
 PSYoungGen      total 108544K, used 14799K [0x00000000f8000000, 0x00000000ffe00000, 0x0000000100000000)
  eden space 88064K, 4% used [0x00000000f8000000,0x00000000f844ae78,0x00000000fd600000)
  from space 20480K, 50% used [0x00000000fea00000,0x00000000ff428ef8,0x00000000ffe00000)
  to   space 20480K, 0% used [0x00000000fd600000,0x00000000fd600000,0x00000000fea00000)
 ParOldGen       total 103424K, used 80658K [0x00000000e8000000, 0x00000000ee500000, 0x00000000f8000000)
  object space 103424K, 77% used [0x00000000e8000000,0x00000000ecec4a60,0x00000000ee500000)
 Metaspace       used 20926K, capacity 21663K, committed 21760K, reserved 1069056K
  class space    used 2123K, capacity 2289K, committed 2304K, reserved 1048576K
GC Heap History (10 events):
Event: 50.756 GC heap before
{Heap before GC invocations=13 (full 1):
 PSYoungGen      total 104960K, used 82922K [0x00000000f8000000, 0x0000000100000000, 0x0000000100000000)
  eden space 81408K, 100% used [0x00000000f8000000,0x00000000fcf80000,0x00000000fcf80000)
  from space 23552K, 6% used [0x00000000fcf80000,0x00000000fd0fab30,0x00000000fe680000)
  to   space 24576K, 0% used [0x00000000fe800000,0x00000000fe800000,0x0000000100000000)
 ParOldGen       total 103424K, used 49536K [0x00000000e8000000, 0x00000000ee500000, 0x00000000f8000000)
  object space 103424K, 47% used [0x00000000e8000000,0x00000000eb0602e8,0x00000000ee500000)
 Metaspace       used 17728K, capacity 18065K, committed 18304K, reserved 1064960K
  class space    used 1783K, capacity 1876K, committed 1920K, reserved 1048576K
Event: 50.791 GC heap after
Heap after GC invocations=13 (full 1):
 PSYoungGen      total 106496K, used 8693K [0x00000000f8000000, 0x00000000fff00000, 0x0000000100000000)
  eden space 82944K, 0% used [0x00000000f8000000,0x00000000f8000000,0x00000000fd100000)
  from space 23552K, 36% used [0x00000000fe800000,0x00000000ff07d740,0x00000000fff00000)
  to   space 23552K, 0% used [0x00000000fd100000,0x00000000fd100000,0x00000000fe800000)
 ParOldGen       total 103424K, used 50908K [0x00000000e8000000, 0x00000000ee500000, 0x00000000f8000000)
  object space 103424K, 49% used [0x00000000e8000000,0x00000000eb1b7058,0x00000000ee500000)
 Metaspace       used 17728K, capacity 18065K, committed 18304K, reserved 1064960K
  class space    used 1783K, capacity 1876K, committed 1920K, reserved 1048576K
}
Event: 52.240 GC heap before
{Heap before GC invocations=14 (full 1):
 PSYoungGen      total 106496K, used 91637K [0x00000000f8000000, 0x00000000fff00000, 0x0000000100000000)
  eden space 82944K, 100% used [0x00000000f8000000,0x00000000fd100000,0x00000000fd100000)
  from space 23552K, 36% used [0x00000000fe800000,0x00000000ff07d740,0x00000000fff00000)
  to   space 23552K, 0% used [0x00000000fd100000,0x00000000fd100000,0x00000000fe800000)
 ParOldGen       total 103424K, used 50908K [0x00000000e8000000, 0x00000000ee500000, 0x00000000f8000000)
  object space 103424K, 49% used [0x00000000e8000000,0x00000000eb1b7058,0x00000000ee500000)
 Metaspace       used 18842K, capacity 19307K, committed 19584K, reserved 1067008K
  class space    used 1938K, capacity 2051K, committed 2176K, reserved 1048576K
Event: 52.272 GC heap after
Heap after GC invocations=14 (full 1):
 PSYoungGen      total 106496K, used 8145K [0x00000000f8000000, 0x00000000fff00000, 0x0000000100000000)
  eden space 82944K, 0% used [0x00000000f8000000,0x00000000f8000000,0x00000000fd100000)
  from space 23552K, 34% used [0x00000000fd100000,0x00000000fd8f4558,0x00000000fe800000)
  to   space 23040K, 0% used [0x00000000fe880000,0x00000000fe880000,0x00000000fff00000)
 ParOldGen       total 103424K, used 57908K [0x00000000e8000000, 0x00000000ee500000, 0x00000000f8000000)
  object space 103424K, 55% used [0x00000000e8000000,0x00000000eb88d280,0x00000000ee500000)
 Metaspace       used 18842K, capacity 19307K, committed 19584K, reserved 1067008K
  class space    used 1938K, capacity 2051K, committed 2176K, reserved 1048576K
}
Event: 53.558 GC heap before
{Heap before GC invocations=15 (full 1):
 PSYoungGen      total 106496K, used 91089K [0x00000000f8000000, 0x00000000fff00000, 0x0000000100000000)
  eden space 82944K, 100% used [0x00000000f8000000,0x00000000fd100000,0x00000000fd100000)
  from space 23552K, 34% used [0x00000000fd100000,0x00000000fd8f4558,0x00000000fe800000)
  to   space 23040K, 0% used [0x00000000fe880000,0x00000000fe880000,0x00000000fff00000)
 ParOldGen       total 103424K, used 57908K [0x00000000e8000000, 0x00000000ee500000, 0x00000000f8000000)
  object space 103424K, 55% used [0x00000000e8000000,0x00000000eb88d280,0x00000000ee500000)
 Metaspace       used 19428K, capacity 20101K, committed 20352K, reserved 1067008K
  class space    used 1998K, capacity 2146K, committed 2176K, reserved 1048576K
Event: 53.596 GC heap after
Heap after GC invocations=15 (full 1):
 PSYoungGen      total 105984K, used 11211K [0x00000000f8000000, 0x00000000ffd80000, 0x0000000100000000)
  eden space 84480K, 0% used [0x00000000f8000000,0x00000000f8000000,0x00000000fd280000)
  from space 21504K, 52% used [0x00000000fe880000,0x00000000ff372c60,0x00000000ffd80000)
  to   space 22016K, 0% used [0x00000000fd280000,0x00000000fd280000,0x00000000fe800000)
 ParOldGen       total 103424K, used 63157K [0x00000000e8000000, 0x00000000ee500000, 0x00000000f8000000)
  object space 103424K, 61% used [0x00000000e8000000,0x00000000ebdad460,0x00000000ee500000)
 Metaspace       used 19428K, capacity 20101K, committed 20352K, reserved 1067008K
  class space    used 1998K, capacity 2146K, committed 2176K, reserved 1048576K
}
Event: 54.732 GC heap before
{Heap before GC invocations=16 (full 1):
 PSYoungGen      total 105984K, used 95691K [0x00000000f8000000, 0x00000000ffd80000, 0x0000000100000000)
  eden space 84480K, 100% used [0x00000000f8000000,0x00000000fd280000,0x00000000fd280000)
  from space 21504K, 52% used [0x00000000fe880000,0x00000000ff372c60,0x00000000ffd80000)
  to   space 22016K, 0% used [0x00000000fd280000,0x00000000fd280000,0x00000000fe800000)
 ParOldGen       total 103424K, used 63157K [0x00000000e8000000, 0x00000000ee500000, 0x00000000f8000000)
  object space 103424K, 61% used [0x00000000e8000000,0x00000000ebdad460,0x00000000ee500000)
 Metaspace       used 19570K, capacity 20311K, committed 20352K, reserved 1067008K
  class space    used 2003K, capacity 2149K, committed 2176K, reserved 1048576K
Event: 54.784 GC heap after
Heap after GC invocations=16 (full 1):
 PSYoungGen      total 106496K, used 9487K [0x00000000f8000000, 0x00000000ffe80000, 0x0000000100000000)
  eden space 84480K, 0% used [0x00000000f8000000,0x00000000f8000000,0x00000000fd280000)
  from space 22016K, 43% used [0x00000000fd280000,0x00000000fdbc3fc8,0x00000000fe800000)
  to   space 20992K, 0% used [0x00000000fea00000,0x00000000fea00000,0x00000000ffe80000)
 ParOldGen       total 103424K, used 73214K [0x00000000e8000000, 0x00000000ee500000, 0x00000000f8000000)
  object space 103424K, 70% used [0x00000000e8000000,0x00000000ec77f8a8,0x00000000ee500000)
 Metaspace       used 19570K, capacity 20311K, committed 20352K, reserved 1067008K
  class space    used 2003K, capacity 2149K, committed 2176K, reserved 1048576K
}
Event: 56.322 GC heap before
{Heap before GC invocations=17 (full 1):
 PSYoungGen      total 106496K, used 93967K [0x00000000f8000000, 0x00000000ffe80000, 0x0000000100000000)
  eden space 84480K, 100% used [0x00000000f8000000,0x00000000fd280000,0x00000000fd280000)
  from space 22016K, 43% used [0x00000000fd280000,0x00000000fdbc3fc8,0x00000000fe800000)
  to   space 20992K, 0% used [0x00000000fea00000,0x00000000fea00000,0x00000000ffe80000)
 ParOldGen       total 103424K, used 73214K [0x00000000e8000000, 0x00000000ee500000, 0x00000000f8000000)
  object space 103424K, 70% used [0x00000000e8000000,0x00000000ec77f8a8,0x00000000ee500000)
 Metaspace       used 20922K, capacity 21663K, committed 21760K, reserved 1069056K
  class space    used 2123K, capacity 2289K, committed 2304K, reserved 1048576K
Event: 56.383 GC heap after
Heap after GC invocations=17 (full 1):
 PSYoungGen      total 108544K, used 10403K [0x00000000f8000000, 0x00000000ffe00000, 0x0000000100000000)
  eden space 88064K, 0% used [0x00000000f8000000,0x00000000f8000000,0x00000000fd600000)
  from space 20480K, 50% used [0x00000000fea00000,0x00000000ff428ef8,0x00000000ffe00000)
  to   space 20480K, 0% used [0x00000000fd600000,0x00000000fd600000,0x00000000fea00000)
 ParOldGen       total 103424K, used 80658K [0x00000000e8000000, 0x00000000ee500000, 0x00000000f8000000)
  object space 103424K, 77% used [0x00000000e8000000,0x00000000ecec4a60,0x00000000ee500000)
 Metaspace       used 20922K, capacity 21663K, committed 21760K, reserved 1069056K
  class space    used 2123K, capacity 2289K, committed 2304K, reserved 1048576K
}

