# JRE version: Java(TM) SE Runtime Environment (8.0_65-b17) (build 1.8.0_65-b17)
# Java VM: Java HotSpot(TM) 64-Bit Server VM (25.65-b01 mixed mode windows-amd64 compressed oops)
Heap:
 PSYoungGen      total 103936K, used 89482K [0x00000000f8000000, 0x00000000ffe80000, 0x0000000100000000)
  eden space 79360K, 96% used [0x00000000f8000000,0x00000000fcaf7848,0x00000000fcd80000)
  from space 24576K, 51% used [0x00000000fcd80000,0x00000000fd9eb360,0x00000000fe580000)
  to   space 23552K, 0% used [0x00000000fe780000,0x00000000fe780000,0x00000000ffe80000)
 ParOldGen       total 124416K, used 62120K [0x00000000e8000000, 0x00000000ef980000, 0x00000000f8000000)
  object space 124416K, 49% used [0x00000000e8000000,0x00000000ebcaa088,0x00000000ef980000)
 Metaspace       used 19347K, capacity 20043K, committed 20352K, reserved 1067008K
  class space    used 1996K, capacity 2121K, committed 2176K, reserved 1048576K
GC Heap History (10 events):
Event: 6.957 GC heap before
{Heap before GC invocations=8 (full 0):
 PSYoungGen      total 83456K, used 83274K [0x00000000f8000000, 0x0000000100000000, 0x0000000100000000)
  eden space 81920K, 100% used [0x00000000f8000000,0x00000000fd000000,0x00000000fd000000)
  from space 1536K, 88% used [0x00000000fd000000,0x00000000fd152b60,0x00000000fd180000)
  to   space 26112K, 0% used [0x00000000fe680000,0x00000000fe680000,0x0000000100000000)
 ParOldGen       total 87552K, used 63534K [0x00000000e8000000, 0x00000000ed580000, 0x00000000f8000000)
  object space 87552K, 72% used [0x00000000e8000000,0x00000000ebe0b900,0x00000000ed580000)
 Metaspace       used 17121K, capacity 17455K, committed 17536K, reserved 1064960K
  class space    used 1771K, capacity 1871K, committed 1920K, reserved 1048576K
Event: 6.990 GC heap after
Heap after GC invocations=8 (full 0):
 PSYoungGen      total 105984K, used 9929K [0x00000000f8000000, 0x0000000100000000, 0x0000000100000000)
  eden space 79872K, 0% used [0x00000000f8000000,0x00000000f8000000,0x00000000fce00000)
  from space 26112K, 38% used [0x00000000fe680000,0x00000000ff0326c0,0x0000000100000000)
  to   space 25088K, 0% used [0x00000000fce00000,0x00000000fce00000,0x00000000fe680000)
 ParOldGen       total 87552K, used 63790K [0x00000000e8000000, 0x00000000ed580000, 0x00000000f8000000)
  object space 87552K, 72% used [0x00000000e8000000,0x00000000ebe4b900,0x00000000ed580000)
 Metaspace       used 17121K, capacity 17455K, committed 17536K, reserved 1064960K
  class space    used 1771K, capacity 1871K, committed 1920K, reserved 1048576K
}
Event: 8.132 GC heap before
{Heap before GC invocations=9 (full 0):
 PSYoungGen      total 105984K, used 89801K [0x00000000f8000000, 0x0000000100000000, 0x0000000100000000)
  eden space 79872K, 100% used [0x00000000f8000000,0x00000000fce00000,0x00000000fce00000)
  from space 26112K, 38% used [0x00000000fe680000,0x00000000ff0326c0,0x0000000100000000)
  to   space 25088K, 0% used [0x00000000fce00000,0x00000000fce00000,0x00000000fe680000)
 ParOldGen       total 87552K, used 63790K [0x00000000e8000000, 0x00000000ed580000, 0x00000000f8000000)
  object space 87552K, 72% used [0x00000000e8000000,0x00000000ebe4b900,0x00000000ed580000)
 Metaspace       used 17663K, capacity 17999K, committed 18048K, reserved 1064960K
  class space    used 1786K, capacity 1903K, committed 1920K, reserved 1048576K
Event: 8.190 GC heap after
Heap after GC invocations=9 (full 0):
 PSYoungGen      total 93184K, used 13223K [0x00000000f8000000, 0x00000000ffd00000, 0x0000000100000000)
  eden space 79872K, 0% used [0x00000000f8000000,0x00000000f8000000,0x00000000fce00000)
  from space 13312K, 99% used [0x00000000fce00000,0x00000000fdae9ee0,0x00000000fdb00000)
  to   space 24064K, 0% used [0x00000000fe580000,0x00000000fe580000,0x00000000ffd00000)
 ParOldGen       total 87552K, used 64774K [0x00000000e8000000, 0x00000000ed580000, 0x00000000f8000000)
  object space 87552K, 73% used [0x00000000e8000000,0x00000000ebf41978,0x00000000ed580000)
 Metaspace       used 17663K, capacity 17999K, committed 18048K, reserved 1064960K
  class space    used 1786K, capacity 1903K, committed 1920K, reserved 1048576K
}
Event: 9.390 GC heap before
{Heap before GC invocations=10 (full 0):
 PSYoungGen      total 93184K, used 93067K [0x00000000f8000000, 0x00000000ffd00000, 0x0000000100000000)
  eden space 79872K, 99% used [0x00000000f8000000,0x00000000fcdf9070,0x00000000fce00000)
  from space 13312K, 99% used [0x00000000fce00000,0x00000000fdae9ee0,0x00000000fdb00000)
  to   space 24064K, 0% used [0x00000000fe580000,0x00000000fe580000,0x00000000ffd00000)
 ParOldGen       total 87552K, used 64774K [0x00000000e8000000, 0x00000000ed580000, 0x00000000f8000000)
  object space 87552K, 73% used [0x00000000e8000000,0x00000000ebf41978,0x00000000ed580000)
 Metaspace       used 18952K, capacity 19519K, committed 19840K, reserved 1067008K
  class space    used 1965K, capacity 2087K, committed 2176K, reserved 1048576K
Event: 9.450 GC heap after
Heap after GC invocations=10 (full 0):
 PSYoungGen      total 103424K, used 17504K [0x00000000f8000000, 0x0000000100000000, 0x0000000100000000)
  eden space 79360K, 0% used [0x00000000f8000000,0x00000000f8000000,0x00000000fcd80000)
  from space 24064K, 72% used [0x00000000fe580000,0x00000000ff6982c8,0x00000000ffd00000)
  to   space 24576K, 0% used [0x00000000fcd80000,0x00000000fcd80000,0x00000000fe580000)
 ParOldGen       total 87552K, used 69547K [0x00000000e8000000, 0x00000000ed580000, 0x00000000f8000000)
  object space 87552K, 79% used [0x00000000e8000000,0x00000000ec3eaf88,0x00000000ed580000)
 Metaspace       used 18952K, capacity 19519K, committed 19840K, reserved 1067008K
  class space    used 1965K, capacity 2087K, committed 2176K, reserved 1048576K
}
Event: 9.450 GC heap before
{Heap before GC invocations=11 (full 1):
 PSYoungGen      total 103424K, used 17504K [0x00000000f8000000, 0x0000000100000000, 0x0000000100000000)
  eden space 79360K, 0% used [0x00000000f8000000,0x00000000f8000000,0x00000000fcd80000)
  from space 24064K, 72% used [0x00000000fe580000,0x00000000ff6982c8,0x00000000ffd00000)
  to   space 24576K, 0% used [0x00000000fcd80000,0x00000000fcd80000,0x00000000fe580000)
 ParOldGen       total 87552K, used 69547K [0x00000000e8000000, 0x00000000ed580000, 0x00000000f8000000)
  object space 87552K, 79% used [0x00000000e8000000,0x00000000ec3eaf88,0x00000000ed580000)
 Metaspace       used 18952K, capacity 19519K, committed 19840K, reserved 1067008K
  class space    used 1965K, capacity 2087K, committed 2176K, reserved 1048576K
Event: 9.750 GC heap after
Heap after GC invocations=11 (full 1):
 PSYoungGen      total 103424K, used 0K [0x00000000f8000000, 0x0000000100000000, 0x0000000100000000)
  eden space 79360K, 0% used [0x00000000f8000000,0x00000000f8000000,0x00000000fcd80000)
  from space 24064K, 0% used [0x00000000fe580000,0x00000000fe580000,0x00000000ffd00000)
  to   space 24576K, 0% used [0x00000000fcd80000,0x00000000fcd80000,0x00000000fe580000)
 ParOldGen       total 124416K, used 62112K [0x00000000e8000000, 0x00000000ef980000, 0x00000000f8000000)
  object space 124416K, 49% used [0x00000000e8000000,0x00000000ebca8088,0x00000000ef980000)
 Metaspace       used 18952K, capacity 19519K, committed 19840K, reserved 1067008K
  class space    used 1965K, capacity 2087K, committed 2176K, reserved 1048576K
}
Event: 10.880 GC heap before
{Heap before GC invocations=12 (full 1):
 PSYoungGen      total 103424K, used 79360K [0x00000000f8000000, 0x0000000100000000, 0x0000000100000000)
  eden space 79360K, 100% used [0x00000000f8000000,0x00000000fcd80000,0x00000000fcd80000)
  from space 24064K, 0% used [0x00000000fe580000,0x00000000fe580000,0x00000000ffd00000)
  to   space 24576K, 0% used [0x00000000fcd80000,0x00000000fcd80000,0x00000000fe580000)
 ParOldGen       total 124416K, used 62112K [0x00000000e8000000, 0x00000000ef980000, 0x00000000f8000000)
  object space 124416K, 49% used [0x00000000e8000000,0x00000000ebca8088,0x00000000ef980000)
 Metaspace       used 19218K, capacity 19867K, committed 20096K, reserved 1067008K
  class space    used 1991K, capacity 2113K, committed 2176K, reserved 1048576K
Event: 10.920 GC heap after
Heap after GC invocations=12 (full 1):
 PSYoungGen      total 103936K, used 12716K [0x00000000f8000000, 0x00000000ffe80000, 0x0000000100000000)
  eden space 79360K, 0% used [0x00000000f8000000,0x00000000f8000000,0x00000000fcd80000)
  from space 24576K, 51% used [0x00000000fcd80000,0x00000000fd9eb360,0x00000000fe580000)
  to   space 23552K, 0% used [0x00000000fe780000,0x00000000fe780000,0x00000000ffe80000)
 ParOldGen       total 124416K, used 62120K [0x00000000e8000000, 0x00000000ef980000, 0x00000000f8000000)
  object space 124416K, 49% used [0x00000000e8000000,0x00000000ebcaa088,0x00000000ef980000)
 Metaspace       used 19218K, capacity 19867K, committed 20096K, reserved 1067008K
  class space    used 1991K, capacity 2113K, committed 2176K, reserved 1048576K
}

