# JRE version: Java(TM) SE Runtime Environment (8.0_65-b17) (build 1.8.0_65-b17)
# Java VM: Java HotSpot(TM) 64-Bit Server VM (25.65-b01 mixed mode windows-amd64 compressed oops)
Heap:
 PSYoungGen      total 71680K, used 10347K [0x00000000f8000000, 0x00000000fcb00000, 0x0000000100000000)
  eden space 66560K, 7% used [0x00000000f8000000,0x00000000f85214b8,0x00000000fc100000)
  from space 5120K, 99% used [0x00000000fc600000,0x00000000fcaf99d8,0x00000000fcb00000)
  to   space 5120K, 0% used [0x00000000fc100000,0x00000000fc100000,0x00000000fc600000)
 ParOldGen       total 87552K, used 21864K [0x00000000e8000000, 0x00000000ed580000, 0x00000000f8000000)
  object space 87552K, 24% used [0x00000000e8000000,0x00000000e955a3d8,0x00000000ed580000)
 Metaspace       used 11414K, capacity 11849K, committed 12160K, reserved 1060864K
  class space    used 1290K, capacity 1337K, committed 1408K, reserved 1048576K
GC Heap History (4 events):
Event: 1.188 GC heap before
{Heap before GC invocations=1 (full 0):
 PSYoungGen      total 38400K, used 33280K [0x00000000f8000000, 0x00000000faa80000, 0x0000000100000000)
  eden space 33280K, 100% used [0x00000000f8000000,0x00000000fa080000,0x00000000fa080000)
  from space 5120K, 0% used [0x00000000fa580000,0x00000000fa580000,0x00000000faa80000)
  to   space 5120K, 0% used [0x00000000fa080000,0x00000000fa080000,0x00000000fa580000)
 ParOldGen       total 87552K, used 0K [0x00000000e8000000, 0x00000000ed580000, 0x00000000f8000000)
  object space 87552K, 0% used [0x00000000e8000000,0x00000000e8000000,0x00000000ed580000)
 Metaspace       used 7933K, capacity 8465K, committed 8704K, reserved 1056768K
  class space    used 882K, capacity 913K, committed 1024K, reserved 1048576K
Event: 1.218 GC heap after
Heap after GC invocations=1 (full 0):
 PSYoungGen      total 38400K, used 5094K [0x00000000f8000000, 0x00000000fcb00000, 0x0000000100000000)
  eden space 33280K, 0% used [0x00000000f8000000,0x00000000f8000000,0x00000000fa080000)
  from space 5120K, 99% used [0x00000000fa080000,0x00000000fa579aa8,0x00000000fa580000)
  to   space 5120K, 0% used [0x00000000fc600000,0x00000000fc600000,0x00000000fcb00000)
 ParOldGen       total 87552K, used 7663K [0x00000000e8000000, 0x00000000ed580000, 0x00000000f8000000)
  object space 87552K, 8% used [0x00000000e8000000,0x00000000e877bdb8,0x00000000ed580000)
 Metaspace       used 7933K, capacity 8465K, committed 8704K, reserved 1056768K
  class space    used 882K, capacity 913K, committed 1024K, reserved 1048576K
}
Event: 2.331 GC heap before
{Heap before GC invocations=2 (full 0):
 PSYoungGen      total 38400K, used 38374K [0x00000000f8000000, 0x00000000fcb00000, 0x0000000100000000)
  eden space 33280K, 100% used [0x00000000f8000000,0x00000000fa080000,0x00000000fa080000)
  from space 5120K, 99% used [0x00000000fa080000,0x00000000fa579aa8,0x00000000fa580000)
  to   space 5120K, 0% used [0x00000000fc600000,0x00000000fc600000,0x00000000fcb00000)
 ParOldGen       total 87552K, used 7663K [0x00000000e8000000, 0x00000000ed580000, 0x00000000f8000000)
  object space 87552K, 8% used [0x00000000e8000000,0x00000000e877bdb8,0x00000000ed580000)
 Metaspace       used 11381K, capacity 11849K, committed 12160K, reserved 1060864K
  class space    used 1290K, capacity 1337K, committed 1408K, reserved 1048576K
Event: 2.390 GC heap after
Heap after GC invocations=2 (full 0):
 PSYoungGen      total 71680K, used 5094K [0x00000000f8000000, 0x00000000fcb00000, 0x0000000100000000)
  eden space 66560K, 0% used [0x00000000f8000000,0x00000000f8000000,0x00000000fc100000)
  from space 5120K, 99% used [0x00000000fc600000,0x00000000fcaf99d8,0x00000000fcb00000)
  to   space 5120K, 0% used [0x00000000fc100000,0x00000000fc100000,0x00000000fc600000)
 ParOldGen       total 87552K, used 21864K [0x00000000e8000000, 0x00000000ed580000, 0x00000000f8000000)
  object space 87552K, 24% used [0x00000000e8000000,0x00000000e955a3d8,0x00000000ed580000)
 Metaspace       used 11381K, capacity 11849K, committed 12160K, reserved 1060864K
  class space    used 1290K, capacity 1337K, committed 1408K, reserved 1048576K
}

