# JRE version: Java(TM) SE Runtime Environment (8.0_65-b17) (build 1.8.0_65-b17)
# Java VM: Java HotSpot(TM) 64-Bit Server VM (25.65-b01 mixed mode windows-amd64 compressed oops)
Heap:
 PSYoungGen      total 94720K, used 76787K [0x00000000f8000000, 0x00000000ffd00000, 0x0000000100000000)
  eden space 80896K, 77% used [0x00000000f8000000,0x00000000fbd88a90,0x00000000fcf00000)
  from space 13824K, 99% used [0x00000000fcf00000,0x00000000fdc74458,0x00000000fdc80000)
  to   space 23552K, 0% used [0x00000000fe600000,0x00000000fe600000,0x00000000ffd00000)
 ParOldGen       total 87552K, used 64184K [0x00000000e8000000, 0x00000000ed580000, 0x00000000f8000000)
  object space 87552K, 73% used [0x00000000e8000000,0x00000000ebeae000,0x00000000ed580000)
 Metaspace       used 18929K, capacity 19517K, committed 19840K, reserved 1067008K
  class space    used 1962K, capacity 2084K, committed 2176K, reserved 1048576K
GC Heap History (10 events):
Event: 4.527 GC heap before
{Heap before GC invocations=5 (full 0):
 PSYoungGen      total 125952K, used 125932K [0x00000000f8000000, 0x0000000100000000, 0x0000000100000000)
  eden space 120832K, 100% used [0x00000000f8000000,0x00000000ff600000,0x00000000ff600000)
  from space 5120K, 99% used [0x00000000ffb00000,0x00000000ffffb230,0x0000000100000000)
  to   space 5120K, 0% used [0x00000000ff600000,0x00000000ff600000,0x00000000ffb00000)
 ParOldGen       total 87552K, used 41401K [0x00000000e8000000, 0x00000000ed580000, 0x00000000f8000000)
  object space 87552K, 47% used [0x00000000e8000000,0x00000000ea86e650,0x00000000ed580000)
 Metaspace       used 14183K, capacity 14373K, committed 14720K, reserved 1062912K
  class space    used 1508K, capacity 1554K, committed 1664K, reserved 1048576K
Event: 4.567 GC heap after
Heap after GC invocations=5 (full 0):
 PSYoungGen      total 125952K, used 5096K [0x00000000f8000000, 0x0000000100000000, 0x0000000100000000)
  eden space 120832K, 0% used [0x00000000f8000000,0x00000000f8000000,0x00000000ff600000)
  from space 5120K, 99% used [0x00000000ff600000,0x00000000ffafa3b0,0x00000000ffb00000)
  to   space 5120K, 0% used [0x00000000ffb00000,0x00000000ffb00000,0x0000000100000000)
 ParOldGen       total 87552K, used 43511K [0x00000000e8000000, 0x00000000ed580000, 0x00000000f8000000)
  object space 87552K, 49% used [0x00000000e8000000,0x00000000eaa7de20,0x00000000ed580000)
 Metaspace       used 14183K, capacity 14373K, committed 14720K, reserved 1062912K
  class space    used 1508K, capacity 1554K, committed 1664K, reserved 1048576K
}
Event: 6.445 GC heap before
{Heap before GC invocations=6 (full 0):
 PSYoungGen      total 125952K, used 125928K [0x00000000f8000000, 0x0000000100000000, 0x0000000100000000)
  eden space 120832K, 100% used [0x00000000f8000000,0x00000000ff600000,0x00000000ff600000)
  from space 5120K, 99% used [0x00000000ff600000,0x00000000ffafa3b0,0x00000000ffb00000)
  to   space 5120K, 0% used [0x00000000ffb00000,0x00000000ffb00000,0x0000000100000000)
 ParOldGen       total 87552K, used 43511K [0x00000000e8000000, 0x00000000ed580000, 0x00000000f8000000)
  object space 87552K, 49% used [0x00000000e8000000,0x00000000eaa7de20,0x00000000ed580000)
 Metaspace       used 16859K, capacity 17159K, committed 17280K, reserved 1064960K
  class space    used 1764K, capacity 1835K, committed 1920K, reserved 1048576K
Event: 6.522 GC heap after
Heap after GC invocations=6 (full 0):
 PSYoungGen      total 87040K, used 5096K [0x00000000f8000000, 0x0000000100000000, 0x0000000100000000)
  eden space 81920K, 0% used [0x00000000f8000000,0x00000000f8000000,0x00000000fd000000)
  from space 5120K, 99% used [0x00000000ffb00000,0x00000000ffffa3a8,0x0000000100000000)
  to   space 24576K, 0% used [0x00000000fd000000,0x00000000fd000000,0x00000000fe800000)
 ParOldGen       total 87552K, used 59111K [0x00000000e8000000, 0x00000000ed580000, 0x00000000f8000000)
  object space 87552K, 67% used [0x00000000e8000000,0x00000000eb9b9f00,0x00000000ed580000)
 Metaspace       used 16859K, capacity 17159K, committed 17280K, reserved 1064960K
  class space    used 1764K, capacity 1835K, committed 1920K, reserved 1048576K
}
Event: 6.669 GC heap before
{Heap before GC invocations=7 (full 0):
 PSYoungGen      total 87040K, used 86944K [0x00000000f8000000, 0x0000000100000000, 0x0000000100000000)
  eden space 81920K, 99% used [0x00000000f8000000,0x00000000fcfedd78,0x00000000fd000000)
  from space 5120K, 99% used [0x00000000ffb00000,0x00000000ffffa3a8,0x0000000100000000)
  to   space 24576K, 0% used [0x00000000fd000000,0x00000000fd000000,0x00000000fe800000)
 ParOldGen       total 87552K, used 59111K [0x00000000e8000000, 0x00000000ed580000, 0x00000000f8000000)
  object space 87552K, 67% used [0x00000000e8000000,0x00000000eb9b9f00,0x00000000ed580000)
 Metaspace       used 16880K, capacity 17191K, committed 17280K, reserved 1064960K
  class space    used 1768K, capacity 1867K, committed 1920K, reserved 1048576K
Event: 6.714 GC heap after
Heap after GC invocations=7 (full 0):
 PSYoungGen      total 86528K, used 4130K [0x00000000f8000000, 0x0000000100000000, 0x0000000100000000)
  eden space 81920K, 0% used [0x00000000f8000000,0x00000000f8000000,0x00000000fd000000)
  from space 4608K, 89% used [0x00000000fd000000,0x00000000fd408b78,0x00000000fd480000)
  to   space 25600K, 0% used [0x00000000fe700000,0x00000000fe700000,0x0000000100000000)
 ParOldGen       total 87552K, used 61275K [0x00000000e8000000, 0x00000000ed580000, 0x00000000f8000000)
  object space 87552K, 69% used [0x00000000e8000000,0x00000000ebbd6f88,0x00000000ed580000)
 Metaspace       used 16880K, capacity 17191K, committed 17280K, reserved 1064960K
  class space    used 1768K, capacity 1867K, committed 1920K, reserved 1048576K
}
Event: 7.583 GC heap before
{Heap before GC invocations=8 (full 0):
 PSYoungGen      total 86528K, used 86050K [0x00000000f8000000, 0x0000000100000000, 0x0000000100000000)
  eden space 81920K, 100% used [0x00000000f8000000,0x00000000fd000000,0x00000000fd000000)
  from space 4608K, 89% used [0x00000000fd000000,0x00000000fd408b78,0x00000000fd480000)
  to   space 25600K, 0% used [0x00000000fe700000,0x00000000fe700000,0x0000000100000000)
 ParOldGen       total 87552K, used 61275K [0x00000000e8000000, 0x00000000ed580000, 0x00000000f8000000)
  object space 87552K, 69% used [0x00000000e8000000,0x00000000ebbd6f88,0x00000000ed580000)
 Metaspace       used 17155K, capacity 17471K, committed 17536K, reserved 1064960K
  class space    used 1771K, capacity 1871K, committed 1920K, reserved 1048576K
Event: 7.627 GC heap after
Heap after GC invocations=8 (full 0):
 PSYoungGen      total 106496K, used 11549K [0x00000000f8000000, 0x0000000100000000, 0x0000000100000000)
  eden space 80896K, 0% used [0x00000000f8000000,0x00000000f8000000,0x00000000fcf00000)
  from space 25600K, 45% used [0x00000000fe700000,0x00000000ff247420,0x0000000100000000)
  to   space 24576K, 0% used [0x00000000fcf00000,0x00000000fcf00000,0x00000000fe700000)
 ParOldGen       total 87552K, used 62720K [0x00000000e8000000, 0x00000000ed580000, 0x00000000f8000000)
  object space 87552K, 71% used [0x00000000e8000000,0x00000000ebd40018,0x00000000ed580000)
 Metaspace       used 17155K, capacity 17471K, committed 17536K, reserved 1064960K
  class space    used 1771K, capacity 1871K, committed 1920K, reserved 1048576K
}
Event: 9.053 GC heap before
{Heap before GC invocations=9 (full 0):
 PSYoungGen      total 106496K, used 92445K [0x00000000f8000000, 0x0000000100000000, 0x0000000100000000)
  eden space 80896K, 100% used [0x00000000f8000000,0x00000000fcf00000,0x00000000fcf00000)
  from space 25600K, 45% used [0x00000000fe700000,0x00000000ff247420,0x0000000100000000)
  to   space 24576K, 0% used [0x00000000fcf00000,0x00000000fcf00000,0x00000000fe700000)
 ParOldGen       total 87552K, used 62720K [0x00000000e8000000, 0x00000000ed580000, 0x00000000f8000000)
  object space 87552K, 71% used [0x00000000e8000000,0x00000000ebd40018,0x00000000ed580000)
 Metaspace       used 17646K, capacity 17951K, committed 18048K, reserved 1064960K
  class space    used 1786K, capacity 1903K, committed 1920K, reserved 1048576K
Event: 9.100 GC heap after
Heap after GC invocations=9 (full 0):
 PSYoungGen      total 94720K, used 13777K [0x00000000f8000000, 0x00000000ffd00000, 0x0000000100000000)
  eden space 80896K, 0% used [0x00000000f8000000,0x00000000f8000000,0x00000000fcf00000)
  from space 13824K, 99% used [0x00000000fcf00000,0x00000000fdc74458,0x00000000fdc80000)
  to   space 23552K, 0% used [0x00000000fe600000,0x00000000fe600000,0x00000000ffd00000)
 ParOldGen       total 87552K, used 64184K [0x00000000e8000000, 0x00000000ed580000, 0x00000000f8000000)
  object space 87552K, 73% used [0x00000000e8000000,0x00000000ebeae000,0x00000000ed580000)
 Metaspace       used 17646K, capacity 17951K, committed 18048K, reserved 1064960K
  class space    used 1786K, capacity 1903K, committed 1920K, reserved 1048576K
}

