# JRE version: Java(TM) SE Runtime Environment (8.0_65-b17) (build 1.8.0_65-b17)
# Java VM: Java HotSpot(TM) 64-Bit Server VM (25.65-b01 mixed mode windows-amd64 compressed oops)
Heap:
 PSYoungGen      total 107008K, used 82201K [0x00000000f8000000, 0x00000000fff80000, 0x0000000100000000)
  eden space 83456K, 92% used [0x00000000f8000000,0x00000000fcb12658,0x00000000fd180000)
  from space 23552K, 22% used [0x00000000fe880000,0x00000000fedb4148,0x00000000fff80000)
  to   space 23552K, 0% used [0x00000000fd180000,0x00000000fd180000,0x00000000fe880000)
 ParOldGen       total 122368K, used 61761K [0x00000000e8000000, 0x00000000ef780000, 0x00000000f8000000)
  object space 122368K, 50% used [0x00000000e8000000,0x00000000ebc50558,0x00000000ef780000)
 Metaspace       used 20745K, capacity 21493K, committed 21760K, reserved 1069056K
  class space    used 2110K, capacity 2254K, committed 2304K, reserved 1048576K
GC Heap History (10 events):
Event: 12.413 GC heap before
{Heap before GC invocations=9 (full 0):
 PSYoungGen      total 106496K, used 92680K [0x00000000f8000000, 0x0000000100000000, 0x0000000100000000)
  eden space 80896K, 100% used [0x00000000f8000000,0x00000000fcf00000,0x00000000fcf00000)
  from space 25600K, 46% used [0x00000000fe700000,0x00000000ff2822c8,0x0000000100000000)
  to   space 24576K, 0% used [0x00000000fcf00000,0x00000000fcf00000,0x00000000fe700000)
 ParOldGen       total 87552K, used 61233K [0x00000000e8000000, 0x00000000ed580000, 0x00000000f8000000)
  object space 87552K, 69% used [0x00000000e8000000,0x00000000ebbcc7f0,0x00000000ed580000)
 Metaspace       used 17673K, capacity 18075K, committed 18304K, reserved 1064960K
  class space    used 1785K, capacity 1903K, committed 1920K, reserved 1048576K
Event: 12.483 GC heap after
Heap after GC invocations=9 (full 0):
 PSYoungGen      total 95232K, used 14064K [0x00000000f8000000, 0x00000000ffd00000, 0x0000000100000000)
  eden space 80896K, 0% used [0x00000000f8000000,0x00000000f8000000,0x00000000fcf00000)
  from space 14336K, 98% used [0x00000000fcf00000,0x00000000fdcbc248,0x00000000fdd00000)
  to   space 23552K, 0% used [0x00000000fe600000,0x00000000fe600000,0x00000000ffd00000)
 ParOldGen       total 87552K, used 63053K [0x00000000e8000000, 0x00000000ed580000, 0x00000000f8000000)
  object space 87552K, 72% used [0x00000000e8000000,0x00000000ebd93728,0x00000000ed580000)
 Metaspace       used 17673K, capacity 18075K, committed 18304K, reserved 1064960K
  class space    used 1785K, capacity 1903K, committed 1920K, reserved 1048576K
}
Event: 13.979 GC heap before
{Heap before GC invocations=10 (full 0):
 PSYoungGen      total 95232K, used 94960K [0x00000000f8000000, 0x00000000ffd00000, 0x0000000100000000)
  eden space 80896K, 100% used [0x00000000f8000000,0x00000000fcf00000,0x00000000fcf00000)
  from space 14336K, 98% used [0x00000000fcf00000,0x00000000fdcbc248,0x00000000fdd00000)
  to   space 23552K, 0% used [0x00000000fe600000,0x00000000fe600000,0x00000000ffd00000)
 ParOldGen       total 87552K, used 63053K [0x00000000e8000000, 0x00000000ed580000, 0x00000000f8000000)
  object space 87552K, 72% used [0x00000000e8000000,0x00000000ebd93728,0x00000000ed580000)
 Metaspace       used 18985K, capacity 19595K, committed 19840K, reserved 1067008K
  class space    used 1965K, capacity 2087K, committed 2176K, reserved 1048576K
Event: 14.063 GC heap after
Heap after GC invocations=10 (full 0):
 PSYoungGen      total 103936K, used 17444K [0x00000000f8000000, 0x0000000100000000, 0x0000000100000000)
  eden space 80384K, 0% used [0x00000000f8000000,0x00000000f8000000,0x00000000fce80000)
  from space 23552K, 74% used [0x00000000fe600000,0x00000000ff709028,0x00000000ffd00000)
  to   space 24064K, 0% used [0x00000000fce80000,0x00000000fce80000,0x00000000fe600000)
 ParOldGen       total 87552K, used 68566K [0x00000000e8000000, 0x00000000ed580000, 0x00000000f8000000)
  object space 87552K, 78% used [0x00000000e8000000,0x00000000ec2f5988,0x00000000ed580000)
 Metaspace       used 18985K, capacity 19595K, committed 19840K, reserved 1067008K
  class space    used 1965K, capacity 2087K, committed 2176K, reserved 1048576K
}
Event: 15.316 GC heap before
{Heap before GC invocations=11 (full 0):
 PSYoungGen      total 103936K, used 97828K [0x00000000f8000000, 0x0000000100000000, 0x0000000100000000)
  eden space 80384K, 100% used [0x00000000f8000000,0x00000000fce80000,0x00000000fce80000)
  from space 23552K, 74% used [0x00000000fe600000,0x00000000ff709028,0x00000000ffd00000)
  to   space 24064K, 0% used [0x00000000fce80000,0x00000000fce80000,0x00000000fe600000)
 ParOldGen       total 87552K, used 68566K [0x00000000e8000000, 0x00000000ed580000, 0x00000000f8000000)
  object space 87552K, 78% used [0x00000000e8000000,0x00000000ec2f5988,0x00000000ed580000)
 Metaspace       used 19265K, capacity 19943K, committed 20096K, reserved 1067008K
  class space    used 1990K, capacity 2113K, committed 2176K, reserved 1048576K
Event: 15.378 GC heap after
Heap after GC invocations=11 (full 0):
 PSYoungGen      total 104448K, used 11861K [0x00000000f8000000, 0x00000000fff80000, 0x0000000100000000)
  eden space 80384K, 0% used [0x00000000f8000000,0x00000000f8000000,0x00000000fce80000)
  from space 24064K, 49% used [0x00000000fce80000,0x00000000fda155a8,0x00000000fe600000)
  to   space 23552K, 0% used [0x00000000fe880000,0x00000000fe880000,0x00000000fff80000)
 ParOldGen       total 87552K, used 82001K [0x00000000e8000000, 0x00000000ed580000, 0x00000000f8000000)
  object space 87552K, 93% used [0x00000000e8000000,0x00000000ed0145f0,0x00000000ed580000)
 Metaspace       used 19265K, capacity 19943K, committed 20096K, reserved 1067008K
  class space    used 1990K, capacity 2113K, committed 2176K, reserved 1048576K
}
Event: 15.378 GC heap before
{Heap before GC invocations=12 (full 1):
 PSYoungGen      total 104448K, used 11861K [0x00000000f8000000, 0x00000000fff80000, 0x0000000100000000)
  eden space 80384K, 0% used [0x00000000f8000000,0x00000000f8000000,0x00000000fce80000)
  from space 24064K, 49% used [0x00000000fce80000,0x00000000fda155a8,0x00000000fe600000)
  to   space 23552K, 0% used [0x00000000fe880000,0x00000000fe880000,0x00000000fff80000)
 ParOldGen       total 87552K, used 82001K [0x00000000e8000000, 0x00000000ed580000, 0x00000000f8000000)
  object space 87552K, 93% used [0x00000000e8000000,0x00000000ed0145f0,0x00000000ed580000)
 Metaspace       used 19265K, capacity 19943K, committed 20096K, reserved 1067008K
  class space    used 1990K, capacity 2113K, committed 2176K, reserved 1048576K
Event: 15.677 GC heap after
Heap after GC invocations=12 (full 1):
 PSYoungGen      total 104448K, used 0K [0x00000000f8000000, 0x00000000fff80000, 0x0000000100000000)
  eden space 80384K, 0% used [0x00000000f8000000,0x00000000f8000000,0x00000000fce80000)
  from space 24064K, 0% used [0x00000000fce80000,0x00000000fce80000,0x00000000fe600000)
  to   space 23552K, 0% used [0x00000000fe880000,0x00000000fe880000,0x00000000fff80000)
 ParOldGen       total 122368K, used 61753K [0x00000000e8000000, 0x00000000ef780000, 0x00000000f8000000)
  object space 122368K, 50% used [0x00000000e8000000,0x00000000ebc4e558,0x00000000ef780000)
 Metaspace       used 19265K, capacity 19943K, committed 20096K, reserved 1067008K
  class space    used 1990K, capacity 2113K, committed 2176K, reserved 1048576K
}
Event: 16.467 GC heap before
{Heap before GC invocations=13 (full 1):
 PSYoungGen      total 104448K, used 80384K [0x00000000f8000000, 0x00000000fff80000, 0x0000000100000000)
  eden space 80384K, 100% used [0x00000000f8000000,0x00000000fce80000,0x00000000fce80000)
  from space 24064K, 0% used [0x00000000fce80000,0x00000000fce80000,0x00000000fe600000)
  to   space 23552K, 0% used [0x00000000fe880000,0x00000000fe880000,0x00000000fff80000)
 ParOldGen       total 122368K, used 61753K [0x00000000e8000000, 0x00000000ef780000, 0x00000000f8000000)
  object space 122368K, 50% used [0x00000000e8000000,0x00000000ebc4e558,0x00000000ef780000)
 Metaspace       used 19380K, capacity 20055K, committed 20352K, reserved 1067008K
  class space    used 1995K, capacity 2121K, committed 2176K, reserved 1048576K
Event: 16.484 GC heap after
Heap after GC invocations=13 (full 1):
 PSYoungGen      total 107008K, used 5328K [0x00000000f8000000, 0x00000000fff80000, 0x0000000100000000)
  eden space 83456K, 0% used [0x00000000f8000000,0x00000000f8000000,0x00000000fd180000)
  from space 23552K, 22% used [0x00000000fe880000,0x00000000fedb4148,0x00000000fff80000)
  to   space 23552K, 0% used [0x00000000fd180000,0x00000000fd180000,0x00000000fe880000)
 ParOldGen       total 122368K, used 61761K [0x00000000e8000000, 0x00000000ef780000, 0x00000000f8000000)
  object space 122368K, 50% used [0x00000000e8000000,0x00000000ebc50558,0x00000000ef780000)
 Metaspace       used 19380K, capacity 20055K, committed 20352K, reserved 1067008K
  class space    used 1995K, capacity 2121K, committed 2176K, reserved 1048576K
}

