# JRE version: Java(TM) SE Runtime Environment (8.0_65-b17) (build 1.8.0_65-b17)
# Java VM: Java HotSpot(TM) 64-Bit Server VM (25.65-b01 mixed mode windows-amd64 compressed oops)
Heap:
 PSYoungGen      total 104960K, used 44878K [0x00000000f8000000, 0x0000000100000000, 0x0000000100000000)
  eden space 81408K, 34% used [0x00000000f8000000,0x00000000f9b24210,0x00000000fcf80000)
  from space 23552K, 72% used [0x00000000fe700000,0x00000000ff7af9d8,0x00000000ffe00000)
  to   space 24064K, 0% used [0x00000000fcf80000,0x00000000fcf80000,0x00000000fe700000)
 ParOldGen       total 87552K, used 68571K [0x00000000e8000000, 0x00000000ed580000, 0x00000000f8000000)
  object space 87552K, 78% used [0x00000000e8000000,0x00000000ec2f6fe8,0x00000000ed580000)
 Metaspace       used 19148K, capacity 19787K, committed 20096K, reserved 1067008K
  class space    used 1984K, capacity 2109K, committed 2176K, reserved 1048576K
GC Heap History (10 events):
Event: 6.614 GC heap before
{Heap before GC invocations=6 (full 0):
 PSYoungGen      total 125952K, used 125946K [0x00000000f8000000, 0x0000000100000000, 0x0000000100000000)
  eden space 120832K, 100% used [0x00000000f8000000,0x00000000ff600000,0x00000000ff600000)
  from space 5120K, 99% used [0x00000000ff600000,0x00000000ffafe850,0x00000000ffb00000)
  to   space 5120K, 0% used [0x00000000ffb00000,0x00000000ffb00000,0x0000000100000000)
 ParOldGen       total 87552K, used 42906K [0x00000000e8000000, 0x00000000ed580000, 0x00000000f8000000)
  object space 87552K, 49% used [0x00000000e8000000,0x00000000ea9e6898,0x00000000ed580000)
 Metaspace       used 16897K, capacity 17215K, committed 17536K, reserved 1064960K
  class space    used 1765K, capacity 1835K, committed 1920K, reserved 1048576K
Event: 6.769 GC heap after
Heap after GC invocations=6 (full 0):
 PSYoungGen      total 87040K, used 5102K [0x00000000f8000000, 0x0000000100000000, 0x0000000100000000)
  eden space 81920K, 0% used [0x00000000f8000000,0x00000000f8000000,0x00000000fd000000)
  from space 5120K, 99% used [0x00000000ffb00000,0x00000000ffffbb70,0x0000000100000000)
  to   space 24576K, 0% used [0x00000000fd000000,0x00000000fd000000,0x00000000fe800000)
 ParOldGen       total 87552K, used 58128K [0x00000000e8000000, 0x00000000ed580000, 0x00000000f8000000)
  object space 87552K, 66% used [0x00000000e8000000,0x00000000eb8c4140,0x00000000ed580000)
 Metaspace       used 16897K, capacity 17215K, committed 17536K, reserved 1064960K
  class space    used 1765K, capacity 1835K, committed 1920K, reserved 1048576K
}
Event: 7.107 GC heap before
{Heap before GC invocations=7 (full 0):
 PSYoungGen      total 87040K, used 87018K [0x00000000f8000000, 0x0000000100000000, 0x0000000100000000)
  eden space 81920K, 99% used [0x00000000f8000000,0x00000000fcffecb8,0x00000000fd000000)
  from space 5120K, 99% used [0x00000000ffb00000,0x00000000ffffbb70,0x0000000100000000)
  to   space 24576K, 0% used [0x00000000fd000000,0x00000000fd000000,0x00000000fe800000)
 ParOldGen       total 87552K, used 58128K [0x00000000e8000000, 0x00000000ed580000, 0x00000000f8000000)
  object space 87552K, 66% used [0x00000000e8000000,0x00000000eb8c4140,0x00000000ed580000)
 Metaspace       used 16935K, capacity 17247K, committed 17536K, reserved 1064960K
  class space    used 1768K, capacity 1867K, committed 1920K, reserved 1048576K
Event: 7.175 GC heap after
Heap after GC invocations=7 (full 0):
 PSYoungGen      total 87040K, used 4950K [0x00000000f8000000, 0x0000000100000000, 0x0000000100000000)
  eden space 81920K, 0% used [0x00000000f8000000,0x00000000f8000000,0x00000000fd000000)
  from space 5120K, 96% used [0x00000000fd000000,0x00000000fd4d5bc0,0x00000000fd500000)
  to   space 25088K, 0% used [0x00000000fe780000,0x00000000fe780000,0x0000000100000000)
 ParOldGen       total 87552K, used 60916K [0x00000000e8000000, 0x00000000ed580000, 0x00000000f8000000)
  object space 87552K, 69% used [0x00000000e8000000,0x00000000ebb7d078,0x00000000ed580000)
 Metaspace       used 16935K, capacity 17247K, committed 17536K, reserved 1064960K
  class space    used 1768K, capacity 1867K, committed 1920K, reserved 1048576K
}
Event: 7.973 GC heap before
{Heap before GC invocations=8 (full 0):
 PSYoungGen      total 87040K, used 86870K [0x00000000f8000000, 0x0000000100000000, 0x0000000100000000)
  eden space 81920K, 100% used [0x00000000f8000000,0x00000000fd000000,0x00000000fd000000)
  from space 5120K, 96% used [0x00000000fd000000,0x00000000fd4d5bc0,0x00000000fd500000)
  to   space 25088K, 0% used [0x00000000fe780000,0x00000000fe780000,0x0000000100000000)
 ParOldGen       total 87552K, used 60916K [0x00000000e8000000, 0x00000000ed580000, 0x00000000f8000000)
  object space 87552K, 69% used [0x00000000e8000000,0x00000000ebb7d078,0x00000000ed580000)
 Metaspace       used 17149K, capacity 17527K, committed 17792K, reserved 1064960K
  class space    used 1770K, capacity 1871K, committed 1920K, reserved 1048576K
Event: 8.023 GC heap after
Heap after GC invocations=8 (full 0):
 PSYoungGen      total 107008K, used 11081K [0x00000000f8000000, 0x0000000100000000, 0x0000000100000000)
  eden space 81920K, 0% used [0x00000000f8000000,0x00000000f8000000,0x00000000fd000000)
  from space 25088K, 44% used [0x00000000fe780000,0x00000000ff252548,0x0000000100000000)
  to   space 24064K, 0% used [0x00000000fd000000,0x00000000fd000000,0x00000000fe780000)
 ParOldGen       total 87552K, used 62156K [0x00000000e8000000, 0x00000000ed580000, 0x00000000f8000000)
  object space 87552K, 70% used [0x00000000e8000000,0x00000000ebcb3078,0x00000000ed580000)
 Metaspace       used 17149K, capacity 17527K, committed 17792K, reserved 1064960K
  class space    used 1770K, capacity 1871K, committed 1920K, reserved 1048576K
}
Event: 9.494 GC heap before
{Heap before GC invocations=9 (full 0):
 PSYoungGen      total 107008K, used 93001K [0x00000000f8000000, 0x0000000100000000, 0x0000000100000000)
  eden space 81920K, 100% used [0x00000000f8000000,0x00000000fd000000,0x00000000fd000000)
  from space 25088K, 44% used [0x00000000fe780000,0x00000000ff252548,0x0000000100000000)
  to   space 24064K, 0% used [0x00000000fd000000,0x00000000fd000000,0x00000000fe780000)
 ParOldGen       total 87552K, used 62156K [0x00000000e8000000, 0x00000000ed580000, 0x00000000f8000000)
  object space 87552K, 70% used [0x00000000e8000000,0x00000000ebcb3078,0x00000000ed580000)
 Metaspace       used 17539K, capacity 17911K, committed 18048K, reserved 1064960K
  class space    used 1771K, capacity 1871K, committed 1920K, reserved 1048576K
Event: 9.551 GC heap after
Heap after GC invocations=9 (full 0):
 PSYoungGen      total 96768K, used 14363K [0x00000000f8000000, 0x00000000ffe00000, 0x0000000100000000)
  eden space 81920K, 0% used [0x00000000f8000000,0x00000000f8000000,0x00000000fd000000)
  from space 14848K, 96% used [0x00000000fd000000,0x00000000fde06c58,0x00000000fde80000)
  to   space 23552K, 0% used [0x00000000fe700000,0x00000000fe700000,0x00000000ffe00000)
 ParOldGen       total 87552K, used 63308K [0x00000000e8000000, 0x00000000ed580000, 0x00000000f8000000)
  object space 87552K, 72% used [0x00000000e8000000,0x00000000ebdd3078,0x00000000ed580000)
 Metaspace       used 17539K, capacity 17911K, committed 18048K, reserved 1064960K
  class space    used 1771K, capacity 1871K, committed 1920K, reserved 1048576K
}
Event: 10.978 GC heap before
{Heap before GC invocations=10 (full 0):
 PSYoungGen      total 96768K, used 96283K [0x00000000f8000000, 0x00000000ffe00000, 0x0000000100000000)
  eden space 81920K, 100% used [0x00000000f8000000,0x00000000fd000000,0x00000000fd000000)
  from space 14848K, 96% used [0x00000000fd000000,0x00000000fde06c58,0x00000000fde80000)
  to   space 23552K, 0% used [0x00000000fe700000,0x00000000fe700000,0x00000000ffe00000)
 ParOldGen       total 87552K, used 63308K [0x00000000e8000000, 0x00000000ed580000, 0x00000000f8000000)
  object space 87552K, 72% used [0x00000000e8000000,0x00000000ebdd3078,0x00000000ed580000)
 Metaspace       used 18995K, capacity 19579K, committed 19840K, reserved 1067008K
  class space    used 1962K, capacity 2085K, committed 2176K, reserved 1048576K
Event: 11.028 GC heap after
Heap after GC invocations=10 (full 0):
 PSYoungGen      total 104960K, used 17086K [0x00000000f8000000, 0x0000000100000000, 0x0000000100000000)
  eden space 81408K, 0% used [0x00000000f8000000,0x00000000f8000000,0x00000000fcf80000)
  from space 23552K, 72% used [0x00000000fe700000,0x00000000ff7af9d8,0x00000000ffe00000)
  to   space 24064K, 0% used [0x00000000fcf80000,0x00000000fcf80000,0x00000000fe700000)
 ParOldGen       total 87552K, used 68571K [0x00000000e8000000, 0x00000000ed580000, 0x00000000f8000000)
  object space 87552K, 78% used [0x00000000e8000000,0x00000000ec2f6fe8,0x00000000ed580000)
 Metaspace       used 18995K, capacity 19579K, committed 19840K, reserved 1067008K
  class space    used 1962K, capacity 2085K, committed 2176K, reserved 1048576K
}

