# JRE version: Java(TM) SE Runtime Environment (8.0_65-b17) (build 1.8.0_65-b17)
# Java VM: Java HotSpot(TM) 64-Bit Server VM (25.65-b01 mixed mode windows-amd64 compressed oops)
Heap:
 PSYoungGen      total 105472K, used 54866K [0x00000000f8000000, 0x0000000100000000, 0x0000000100000000)
  eden space 80896K, 42% used [0x00000000f8000000,0x00000000fa1bb7b8,0x00000000fcf00000)
  from space 24576K, 82% used [0x00000000fcf00000,0x00000000fe2d9430,0x00000000fe700000)
  to   space 25600K, 0% used [0x00000000fe700000,0x00000000fe700000,0x0000000100000000)
 ParOldGen       total 116736K, used 104131K [0x00000000e8000000, 0x00000000ef200000, 0x00000000f8000000)
  object space 116736K, 89% used [0x00000000e8000000,0x00000000ee5b0ee8,0x00000000ef200000)
 Metaspace       used 21735K, capacity 23211K, committed 23552K, reserved 1071104K
  class space    used 2198K, capacity 2441K, committed 2560K, reserved 1048576K
GC Heap History (10 events):
Event: 1840.005 GC heap before
{Heap before GC invocations=48 (full 1):
 PSYoungGen      total 106496K, used 97875K [0x00000000f8000000, 0x0000000100000000, 0x0000000100000000)
  eden space 82944K, 100% used [0x00000000f8000000,0x00000000fd100000,0x00000000fd100000)
  from space 23552K, 63% used [0x00000000fe780000,0x00000000ff614f88,0x00000000ffe80000)
  to   space 23040K, 0% used [0x00000000fd100000,0x00000000fd100000,0x00000000fe780000)
 ParOldGen       total 116736K, used 101587K [0x00000000e8000000, 0x00000000ef200000, 0x00000000f8000000)
  object space 116736K, 87% used [0x00000000e8000000,0x00000000ee334ee8,0x00000000ef200000)
 Metaspace       used 21655K, capacity 23065K, committed 23296K, reserved 1071104K
  class space    used 2196K, capacity 2438K, committed 2560K, reserved 1048576K
Event: 1840.030 GC heap after
Heap after GC invocations=48 (full 1):
 PSYoungGen      total 105984K, used 13680K [0x00000000f8000000, 0x00000000ffe80000, 0x0000000100000000)
  eden space 82944K, 0% used [0x00000000f8000000,0x00000000f8000000,0x00000000fd100000)
  from space 23040K, 59% used [0x00000000fd100000,0x00000000fde5c2a8,0x00000000fe780000)
  to   space 22528K, 0% used [0x00000000fe880000,0x00000000fe880000,0x00000000ffe80000)
 ParOldGen       total 116736K, used 101595K [0x00000000e8000000, 0x00000000ef200000, 0x00000000f8000000)
  object space 116736K, 87% used [0x00000000e8000000,0x00000000ee336ee8,0x00000000ef200000)
 Metaspace       used 21655K, capacity 23065K, committed 23296K, reserved 1071104K
  class space    used 2196K, capacity 2438K, committed 2560K, reserved 1048576K
}
Event: 1840.979 GC heap before
{Heap before GC invocations=49 (full 1):
 PSYoungGen      total 105984K, used 95710K [0x00000000f8000000, 0x00000000ffe80000, 0x0000000100000000)
  eden space 82944K, 98% used [0x00000000f8000000,0x00000000fd01b850,0x00000000fd100000)
  from space 23040K, 59% used [0x00000000fd100000,0x00000000fde5c2a8,0x00000000fe780000)
  to   space 22528K, 0% used [0x00000000fe880000,0x00000000fe880000,0x00000000ffe80000)
 ParOldGen       total 116736K, used 101595K [0x00000000e8000000, 0x00000000ef200000, 0x00000000f8000000)
  object space 116736K, 87% used [0x00000000e8000000,0x00000000ee336ee8,0x00000000ef200000)
 Metaspace       used 21658K, capacity 23065K, committed 23296K, reserved 1071104K
  class space    used 2196K, capacity 2438K, committed 2560K, reserved 1048576K
Event: 1841.016 GC heap after
Heap after GC invocations=49 (full 1):
 PSYoungGen      total 102400K, used 22515K [0x00000000f8000000, 0x0000000100000000, 0x0000000100000000)
  eden space 79872K, 0% used [0x00000000f8000000,0x00000000f8000000,0x00000000fce00000)
  from space 22528K, 99% used [0x00000000fe880000,0x00000000ffe7ce28,0x00000000ffe80000)
  to   space 25600K, 0% used [0x00000000fce00000,0x00000000fce00000,0x00000000fe700000)
 ParOldGen       total 116736K, used 104099K [0x00000000e8000000, 0x00000000ef200000, 0x00000000f8000000)
  object space 116736K, 89% used [0x00000000e8000000,0x00000000ee5a8ee8,0x00000000ef200000)
 Metaspace       used 21658K, capacity 23065K, committed 23296K, reserved 1071104K
  class space    used 2196K, capacity 2438K, committed 2560K, reserved 1048576K
}
Event: 2083.932 GC heap before
{Heap before GC invocations=50 (full 1):
 PSYoungGen      total 102400K, used 102387K [0x00000000f8000000, 0x0000000100000000, 0x0000000100000000)
  eden space 79872K, 100% used [0x00000000f8000000,0x00000000fce00000,0x00000000fce00000)
  from space 22528K, 99% used [0x00000000fe880000,0x00000000ffe7ce28,0x00000000ffe80000)
  to   space 25600K, 0% used [0x00000000fce00000,0x00000000fce00000,0x00000000fe700000)
 ParOldGen       total 116736K, used 104099K [0x00000000e8000000, 0x00000000ef200000, 0x00000000f8000000)
  object space 116736K, 89% used [0x00000000e8000000,0x00000000ee5a8ee8,0x00000000ef200000)
 Metaspace       used 21670K, capacity 23129K, committed 23296K, reserved 1071104K
  class space    used 2197K, capacity 2438K, committed 2560K, reserved 1048576K
Event: 2083.963 GC heap after
Heap after GC invocations=50 (full 1):
 PSYoungGen      total 105472K, used 15724K [0x00000000f8000000, 0x0000000100000000, 0x0000000100000000)
  eden space 79872K, 0% used [0x00000000f8000000,0x00000000f8000000,0x00000000fce00000)
  from space 25600K, 61% used [0x00000000fce00000,0x00000000fdd5b020,0x00000000fe700000)
  to   space 24576K, 0% used [0x00000000fe800000,0x00000000fe800000,0x0000000100000000)
 ParOldGen       total 116736K, used 104107K [0x00000000e8000000, 0x00000000ef200000, 0x00000000f8000000)
  object space 116736K, 89% used [0x00000000e8000000,0x00000000ee5aaee8,0x00000000ef200000)
 Metaspace       used 21670K, capacity 23129K, committed 23296K, reserved 1071104K
  class space    used 2197K, capacity 2438K, committed 2560K, reserved 1048576K
}
Event: 2177.378 GC heap before
{Heap before GC invocations=51 (full 1):
 PSYoungGen      total 105472K, used 95596K [0x00000000f8000000, 0x0000000100000000, 0x0000000100000000)
  eden space 79872K, 100% used [0x00000000f8000000,0x00000000fce00000,0x00000000fce00000)
  from space 25600K, 61% used [0x00000000fce00000,0x00000000fdd5b020,0x00000000fe700000)
  to   space 24576K, 0% used [0x00000000fe800000,0x00000000fe800000,0x0000000100000000)
 ParOldGen       total 116736K, used 104107K [0x00000000e8000000, 0x00000000ef200000, 0x00000000f8000000)
  object space 116736K, 89% used [0x00000000e8000000,0x00000000ee5aaee8,0x00000000ef200000)
 Metaspace       used 21676K, capacity 23129K, committed 23296K, reserved 1071104K
  class space    used 2197K, capacity 2438K, committed 2560K, reserved 1048576K
Event: 2177.399 GC heap after
Heap after GC invocations=51 (full 1):
 PSYoungGen      total 104448K, used 10782K [0x00000000f8000000, 0x00000000fff00000, 0x0000000100000000)
  eden space 80896K, 0% used [0x00000000f8000000,0x00000000f8000000,0x00000000fcf00000)
  from space 23552K, 45% used [0x00000000fe800000,0x00000000ff287ab8,0x00000000fff00000)
  to   space 24576K, 0% used [0x00000000fcf00000,0x00000000fcf00000,0x00000000fe700000)
 ParOldGen       total 116736K, used 104107K [0x00000000e8000000, 0x00000000ef200000, 0x00000000f8000000)
  object space 116736K, 89% used [0x00000000e8000000,0x00000000ee5aaee8,0x00000000ef200000)
 Metaspace       used 21676K, capacity 23129K, committed 23296K, reserved 1071104K
  class space    used 2197K, capacity 2438K, committed 2560K, reserved 1048576K
}
Event: 2178.552 GC heap before
{Heap before GC invocations=52 (full 1):
 PSYoungGen      total 104448K, used 91678K [0x00000000f8000000, 0x00000000fff00000, 0x0000000100000000)
  eden space 80896K, 100% used [0x00000000f8000000,0x00000000fcf00000,0x00000000fcf00000)
  from space 23552K, 45% used [0x00000000fe800000,0x00000000ff287ab8,0x00000000fff00000)
  to   space 24576K, 0% used [0x00000000fcf00000,0x00000000fcf00000,0x00000000fe700000)
 ParOldGen       total 116736K, used 104107K [0x00000000e8000000, 0x00000000ef200000, 0x00000000f8000000)
  object space 116736K, 89% used [0x00000000e8000000,0x00000000ee5aaee8,0x00000000ef200000)
 Metaspace       used 21712K, capacity 23129K, committed 23296K, reserved 1071104K
  class space    used 2197K, capacity 2438K, committed 2560K, reserved 1048576K
Event: 2178.588 GC heap after
Heap after GC invocations=52 (full 1):
 PSYoungGen      total 105472K, used 20325K [0x00000000f8000000, 0x0000000100000000, 0x0000000100000000)
  eden space 80896K, 0% used [0x00000000f8000000,0x00000000f8000000,0x00000000fcf00000)
  from space 24576K, 82% used [0x00000000fcf00000,0x00000000fe2d9430,0x00000000fe700000)
  to   space 25600K, 0% used [0x00000000fe700000,0x00000000fe700000,0x0000000100000000)
 ParOldGen       total 116736K, used 104131K [0x00000000e8000000, 0x00000000ef200000, 0x00000000f8000000)
  object space 116736K, 89% used [0x00000000e8000000,0x00000000ee5b0ee8,0x00000000ef200000)
 Metaspace       used 21712K, capacity 23129K, committed 23296K, reserved 1071104K
  class space    used 2197K, capacity 2438K, committed 2560K, reserved 1048576K
}

