# JRE version: Java(TM) SE Runtime Environment (8.0_65-b17) (build 1.8.0_65-b17)
# Java VM: Java HotSpot(TM) 64-Bit Server VM (25.65-b01 mixed mode windows-amd64 compressed oops)
Heap:
 PSYoungGen      total 105984K, used 18880K [0x00000000f8000000, 0x00000000fff80000, 0x0000000100000000)
  eden space 82432K, 10% used [0x00000000f8000000,0x00000000f8886398,0x00000000fd080000)
  from space 23552K, 43% used [0x00000000fd080000,0x00000000fda6a018,0x00000000fe780000)
  to   space 23040K, 0% used [0x00000000fe900000,0x00000000fe900000,0x00000000fff80000)
 ParOldGen       total 125440K, used 66708K [0x00000000e8000000, 0x00000000efa80000, 0x00000000f8000000)
  object space 125440K, 53% used [0x00000000e8000000,0x00000000ec1250f0,0x00000000efa80000)
 Metaspace       used 20757K, capacity 21481K, committed 21760K, reserved 1069056K
  class space    used 2110K, capacity 2254K, committed 2304K, reserved 1048576K
GC Heap History (10 events):
Event: 9.873 GC heap before
{Heap before GC invocations=10 (full 0):
 PSYoungGen      total 95744K, used 95449K [0x00000000f8000000, 0x00000000ffe00000, 0x0000000100000000)
  eden space 80896K, 100% used [0x00000000f8000000,0x00000000fcf00000,0x00000000fcf00000)
  from space 14848K, 98% used [0x00000000fcf00000,0x00000000fdd36650,0x00000000fdd80000)
  to   space 24064K, 0% used [0x00000000fe680000,0x00000000fe680000,0x00000000ffe00000)
 ParOldGen       total 87552K, used 62892K [0x00000000e8000000, 0x00000000ed580000, 0x00000000f8000000)
  object space 87552K, 71% used [0x00000000e8000000,0x00000000ebd6b390,0x00000000ed580000)
 Metaspace       used 18933K, capacity 19565K, committed 19840K, reserved 1067008K
  class space    used 1961K, capacity 2084K, committed 2176K, reserved 1048576K
Event: 9.925 GC heap after
Heap after GC invocations=10 (full 0):
 PSYoungGen      total 104960K, used 16130K [0x00000000f8000000, 0x0000000100000000, 0x0000000100000000)
  eden space 80896K, 0% used [0x00000000f8000000,0x00000000f8000000,0x00000000fcf00000)
  from space 24064K, 67% used [0x00000000fe680000,0x00000000ff640a78,0x00000000ffe00000)
  to   space 24064K, 0% used [0x00000000fcf00000,0x00000000fcf00000,0x00000000fe680000)
 ParOldGen       total 87552K, used 68099K [0x00000000e8000000, 0x00000000ed580000, 0x00000000f8000000)
  object space 87552K, 77% used [0x00000000e8000000,0x00000000ec280ff0,0x00000000ed580000)
 Metaspace       used 18933K, capacity 19565K, committed 19840K, reserved 1067008K
  class space    used 1961K, capacity 2084K, committed 2176K, reserved 1048576K
}
Event: 11.000 GC heap before
{Heap before GC invocations=11 (full 0):
 PSYoungGen      total 104960K, used 97026K [0x00000000f8000000, 0x0000000100000000, 0x0000000100000000)
  eden space 80896K, 100% used [0x00000000f8000000,0x00000000fcf00000,0x00000000fcf00000)
  from space 24064K, 67% used [0x00000000fe680000,0x00000000ff640a78,0x00000000ffe00000)
  to   space 24064K, 0% used [0x00000000fcf00000,0x00000000fcf00000,0x00000000fe680000)
 ParOldGen       total 87552K, used 68099K [0x00000000e8000000, 0x00000000ed580000, 0x00000000f8000000)
  object space 87552K, 77% used [0x00000000e8000000,0x00000000ec280ff0,0x00000000ed580000)
 Metaspace       used 19260K, capacity 19931K, committed 20096K, reserved 1067008K
  class space    used 1991K, capacity 2113K, committed 2176K, reserved 1048576K
Event: 11.088 GC heap after
Heap after GC invocations=11 (full 0):
 PSYoungGen      total 104960K, used 11866K [0x00000000f8000000, 0x00000000ffe00000, 0x0000000100000000)
  eden space 80896K, 0% used [0x00000000f8000000,0x00000000f8000000,0x00000000fcf00000)
  from space 24064K, 49% used [0x00000000fcf00000,0x00000000fda969d0,0x00000000fe680000)
  to   space 23040K, 0% used [0x00000000fe780000,0x00000000fe780000,0x00000000ffe00000)
 ParOldGen       total 87552K, used 80262K [0x00000000e8000000, 0x00000000ed580000, 0x00000000f8000000)
  object space 87552K, 91% used [0x00000000e8000000,0x00000000ece61b68,0x00000000ed580000)
 Metaspace       used 19260K, capacity 19931K, committed 20096K, reserved 1067008K
  class space    used 1991K, capacity 2113K, committed 2176K, reserved 1048576K
}
Event: 11.088 GC heap before
{Heap before GC invocations=12 (full 1):
 PSYoungGen      total 104960K, used 11866K [0x00000000f8000000, 0x00000000ffe00000, 0x0000000100000000)
  eden space 80896K, 0% used [0x00000000f8000000,0x00000000f8000000,0x00000000fcf00000)
  from space 24064K, 49% used [0x00000000fcf00000,0x00000000fda969d0,0x00000000fe680000)
  to   space 23040K, 0% used [0x00000000fe780000,0x00000000fe780000,0x00000000ffe00000)
 ParOldGen       total 87552K, used 80262K [0x00000000e8000000, 0x00000000ed580000, 0x00000000f8000000)
  object space 87552K, 91% used [0x00000000e8000000,0x00000000ece61b68,0x00000000ed580000)
 Metaspace       used 19260K, capacity 19931K, committed 20096K, reserved 1067008K
  class space    used 1991K, capacity 2113K, committed 2176K, reserved 1048576K
Event: 11.428 GC heap after
Heap after GC invocations=12 (full 1):
 PSYoungGen      total 104960K, used 0K [0x00000000f8000000, 0x00000000ffe00000, 0x0000000100000000)
  eden space 80896K, 0% used [0x00000000f8000000,0x00000000f8000000,0x00000000fcf00000)
  from space 24064K, 0% used [0x00000000fcf00000,0x00000000fcf00000,0x00000000fe680000)
  to   space 23040K, 0% used [0x00000000fe780000,0x00000000fe780000,0x00000000ffe00000)
 ParOldGen       total 125440K, used 62537K [0x00000000e8000000, 0x00000000efa80000, 0x00000000f8000000)
  object space 125440K, 49% used [0x00000000e8000000,0x00000000ebd12678,0x00000000efa80000)
 Metaspace       used 19260K, capacity 19931K, committed 20096K, reserved 1067008K
  class space    used 1991K, capacity 2113K, committed 2176K, reserved 1048576K
}
Event: 12.137 GC heap before
{Heap before GC invocations=13 (full 1):
 PSYoungGen      total 104960K, used 80896K [0x00000000f8000000, 0x00000000ffe00000, 0x0000000100000000)
  eden space 80896K, 100% used [0x00000000f8000000,0x00000000fcf00000,0x00000000fcf00000)
  from space 24064K, 0% used [0x00000000fcf00000,0x00000000fcf00000,0x00000000fe680000)
  to   space 23040K, 0% used [0x00000000fe780000,0x00000000fe780000,0x00000000ffe00000)
 ParOldGen       total 125440K, used 62537K [0x00000000e8000000, 0x00000000efa80000, 0x00000000f8000000)
  object space 125440K, 49% used [0x00000000e8000000,0x00000000ebd12678,0x00000000efa80000)
 Metaspace       used 19361K, capacity 20025K, committed 20096K, reserved 1067008K
  class space    used 1994K, capacity 2118K, committed 2176K, reserved 1048576K
Event: 12.164 GC heap after
Heap after GC invocations=13 (full 1):
 PSYoungGen      total 105472K, used 6038K [0x00000000f8000000, 0x0000000100000000, 0x0000000100000000)
  eden space 82432K, 0% used [0x00000000f8000000,0x00000000f8000000,0x00000000fd080000)
  from space 23040K, 26% used [0x00000000fe780000,0x00000000fed65b80,0x00000000ffe00000)
  to   space 23552K, 0% used [0x00000000fd080000,0x00000000fd080000,0x00000000fe780000)
 ParOldGen       total 125440K, used 62545K [0x00000000e8000000, 0x00000000efa80000, 0x00000000f8000000)
  object space 125440K, 49% used [0x00000000e8000000,0x00000000ebd14678,0x00000000efa80000)
 Metaspace       used 19361K, capacity 20025K, committed 20096K, reserved 1067008K
  class space    used 1994K, capacity 2118K, committed 2176K, reserved 1048576K
}
Event: 13.447 GC heap before
{Heap before GC invocations=14 (full 1):
 PSYoungGen      total 105472K, used 88470K [0x00000000f8000000, 0x0000000100000000, 0x0000000100000000)
  eden space 82432K, 100% used [0x00000000f8000000,0x00000000fd080000,0x00000000fd080000)
  from space 23040K, 26% used [0x00000000fe780000,0x00000000fed65b80,0x00000000ffe00000)
  to   space 23552K, 0% used [0x00000000fd080000,0x00000000fd080000,0x00000000fe780000)
 ParOldGen       total 125440K, used 62545K [0x00000000e8000000, 0x00000000efa80000, 0x00000000f8000000)
  object space 125440K, 49% used [0x00000000e8000000,0x00000000ebd14678,0x00000000efa80000)
 Metaspace       used 20747K, capacity 21481K, committed 21760K, reserved 1069056K
  class space    used 2110K, capacity 2254K, committed 2304K, reserved 1048576K
Event: 13.506 GC heap after
Heap after GC invocations=14 (full 1):
 PSYoungGen      total 105984K, used 10152K [0x00000000f8000000, 0x00000000fff80000, 0x0000000100000000)
  eden space 82432K, 0% used [0x00000000f8000000,0x00000000f8000000,0x00000000fd080000)
  from space 23552K, 43% used [0x00000000fd080000,0x00000000fda6a018,0x00000000fe780000)
  to   space 23040K, 0% used [0x00000000fe900000,0x00000000fe900000,0x00000000fff80000)
 ParOldGen       total 125440K, used 66708K [0x00000000e8000000, 0x00000000efa80000, 0x00000000f8000000)
  object space 125440K, 53% used [0x00000000e8000000,0x00000000ec1250f0,0x00000000efa80000)
 Metaspace       used 20747K, capacity 21481K, committed 21760K, reserved 1069056K
  class space    used 2110K, capacity 2254K, committed 2304K, reserved 1048576K
}

