# JRE version: Java(TM) SE Runtime Environment (8.0_65-b17) (build 1.8.0_65-b17)
# Java VM: Java HotSpot(TM) 64-Bit Server VM (25.65-b01 mixed mode windows-amd64 compressed oops)
Heap:
 PSYoungGen      total 107520K, used 51875K [0x00000000f8000000, 0x00000000fff00000, 0x0000000100000000)
  eden space 84480K, 56% used [0x00000000f8000000,0x00000000fae4bcb8,0x00000000fd280000)
  from space 23040K, 19% used [0x00000000fd280000,0x00000000fd6dcf58,0x00000000fe900000)
  to   space 22528K, 0% used [0x00000000fe900000,0x00000000fe900000,0x00000000fff00000)
 ParOldGen       total 120320K, used 87804K [0x00000000e8000000, 0x00000000ef580000, 0x00000000f8000000)
  object space 120320K, 72% used [0x00000000e8000000,0x00000000ed5bf3e0,0x00000000ef580000)
 Metaspace       used 21086K, capacity 21825K, committed 22016K, reserved 1069056K
  class space    used 2125K, capacity 2294K, committed 2304K, reserved 1048576K
GC Heap History (10 events):
Event: 13.232 GC heap before
{Heap before GC invocations=14 (full 1):
 PSYoungGen      total 104960K, used 85231K [0x00000000f8000000, 0x0000000100000000, 0x0000000100000000)
  eden space 81408K, 100% used [0x00000000f8000000,0x00000000fcf80000,0x00000000fcf80000)
  from space 23552K, 16% used [0x00000000fe780000,0x00000000feb3be28,0x00000000ffe80000)
  to   space 24576K, 0% used [0x00000000fcf80000,0x00000000fcf80000,0x00000000fe780000)
 ParOldGen       total 120320K, used 70188K [0x00000000e8000000, 0x00000000ef580000, 0x00000000f8000000)
  object space 120320K, 58% used [0x00000000e8000000,0x00000000ec48b358,0x00000000ef580000)
 Metaspace       used 20724K, capacity 21425K, committed 21504K, reserved 1069056K
  class space    used 2110K, capacity 2254K, committed 2304K, reserved 1048576K
Event: 13.287 GC heap after
Heap after GC invocations=14 (full 1):
 PSYoungGen      total 105984K, used 12267K [0x00000000f8000000, 0x00000000ffe00000, 0x0000000100000000)
  eden space 81408K, 0% used [0x00000000f8000000,0x00000000f8000000,0x00000000fcf80000)
  from space 24576K, 49% used [0x00000000fcf80000,0x00000000fdb7ad38,0x00000000fe780000)
  to   space 23040K, 0% used [0x00000000fe780000,0x00000000fe780000,0x00000000ffe00000)
 ParOldGen       total 120320K, used 73056K [0x00000000e8000000, 0x00000000ef580000, 0x00000000f8000000)
  object space 120320K, 60% used [0x00000000e8000000,0x00000000ec758150,0x00000000ef580000)
 Metaspace       used 20724K, capacity 21425K, committed 21504K, reserved 1069056K
  class space    used 2110K, capacity 2254K, committed 2304K, reserved 1048576K
}
Event: 4632.911 GC heap before
{Heap before GC invocations=15 (full 1):
 PSYoungGen      total 105984K, used 93675K [0x00000000f8000000, 0x00000000ffe00000, 0x0000000100000000)
  eden space 81408K, 100% used [0x00000000f8000000,0x00000000fcf80000,0x00000000fcf80000)
  from space 24576K, 49% used [0x00000000fcf80000,0x00000000fdb7ad38,0x00000000fe780000)
  to   space 23040K, 0% used [0x00000000fe780000,0x00000000fe780000,0x00000000ffe00000)
 ParOldGen       total 120320K, used 73056K [0x00000000e8000000, 0x00000000ef580000, 0x00000000f8000000)
  object space 120320K, 60% used [0x00000000e8000000,0x00000000ec758150,0x00000000ef580000)
 Metaspace       used 20911K, capacity 21667K, committed 21760K, reserved 1069056K
  class space    used 2120K, capacity 2289K, committed 2304K, reserved 1048576K
Event: 4632.923 GC heap after
Heap after GC invocations=15 (full 1):
 PSYoungGen      total 105472K, used 2651K [0x00000000f8000000, 0x00000000fff80000, 0x0000000100000000)
  eden space 82432K, 0% used [0x00000000f8000000,0x00000000f8000000,0x00000000fd080000)
  from space 23040K, 11% used [0x00000000fe780000,0x00000000fea16e90,0x00000000ffe00000)
  to   space 23552K, 0% used [0x00000000fd080000,0x00000000fd080000,0x00000000fe780000)
 ParOldGen       total 120320K, used 76202K [0x00000000e8000000, 0x00000000ef580000, 0x00000000f8000000)
  object space 120320K, 63% used [0x00000000e8000000,0x00000000eca6a9a0,0x00000000ef580000)
 Metaspace       used 20911K, capacity 21667K, committed 21760K, reserved 1069056K
  class space    used 2120K, capacity 2289K, committed 2304K, reserved 1048576K
}
Event: 4634.196 GC heap before
{Heap before GC invocations=16 (full 1):
 PSYoungGen      total 105472K, used 85083K [0x00000000f8000000, 0x00000000fff80000, 0x0000000100000000)
  eden space 82432K, 100% used [0x00000000f8000000,0x00000000fd080000,0x00000000fd080000)
  from space 23040K, 11% used [0x00000000fe780000,0x00000000fea16e90,0x00000000ffe00000)
  to   space 23552K, 0% used [0x00000000fd080000,0x00000000fd080000,0x00000000fe780000)
 ParOldGen       total 120320K, used 76202K [0x00000000e8000000, 0x00000000ef580000, 0x00000000f8000000)
  object space 120320K, 63% used [0x00000000e8000000,0x00000000eca6a9a0,0x00000000ef580000)
 Metaspace       used 20944K, capacity 21737K, committed 22016K, reserved 1069056K
  class space    used 2122K, capacity 2290K, committed 2304K, reserved 1048576K
Event: 4634.245 GC heap after
Heap after GC invocations=16 (full 1):
 PSYoungGen      total 105984K, used 7152K [0x00000000f8000000, 0x00000000fff80000, 0x0000000100000000)
  eden space 82432K, 0% used [0x00000000f8000000,0x00000000f8000000,0x00000000fd080000)
  from space 23552K, 30% used [0x00000000fd080000,0x00000000fd77c0c0,0x00000000fe780000)
  to   space 23040K, 0% used [0x00000000fe900000,0x00000000fe900000,0x00000000fff80000)
 ParOldGen       total 120320K, used 78542K [0x00000000e8000000, 0x00000000ef580000, 0x00000000f8000000)
  object space 120320K, 65% used [0x00000000e8000000,0x00000000eccb3830,0x00000000ef580000)
 Metaspace       used 20944K, capacity 21737K, committed 22016K, reserved 1069056K
  class space    used 2122K, capacity 2290K, committed 2304K, reserved 1048576K
}
Event: 4717.419 GC heap before
{Heap before GC invocations=17 (full 1):
 PSYoungGen      total 105984K, used 89584K [0x00000000f8000000, 0x00000000fff80000, 0x0000000100000000)
  eden space 82432K, 100% used [0x00000000f8000000,0x00000000fd080000,0x00000000fd080000)
  from space 23552K, 30% used [0x00000000fd080000,0x00000000fd77c0c0,0x00000000fe780000)
  to   space 23040K, 0% used [0x00000000fe900000,0x00000000fe900000,0x00000000fff80000)
 ParOldGen       total 120320K, used 78542K [0x00000000e8000000, 0x00000000ef580000, 0x00000000f8000000)
  object space 120320K, 65% used [0x00000000e8000000,0x00000000eccb3830,0x00000000ef580000)
 Metaspace       used 21014K, capacity 21761K, committed 22016K, reserved 1069056K
  class space    used 2125K, capacity 2294K, committed 2304K, reserved 1048576K
Event: 4717.443 GC heap after
Heap after GC invocations=17 (full 1):
 PSYoungGen      total 107520K, used 5730K [0x00000000f8000000, 0x00000000fff80000, 0x0000000100000000)
  eden space 84480K, 0% used [0x00000000f8000000,0x00000000f8000000,0x00000000fd280000)
  from space 23040K, 24% used [0x00000000fe900000,0x00000000fee98af8,0x00000000fff80000)
  to   space 23040K, 0% used [0x00000000fd280000,0x00000000fd280000,0x00000000fe900000)
 ParOldGen       total 120320K, used 82913K [0x00000000e8000000, 0x00000000ef580000, 0x00000000f8000000)
  object space 120320K, 68% used [0x00000000e8000000,0x00000000ed0f8598,0x00000000ef580000)
 Metaspace       used 21014K, capacity 21761K, committed 22016K, reserved 1069056K
  class space    used 2125K, capacity 2294K, committed 2304K, reserved 1048576K
}
Event: 4718.286 GC heap before
{Heap before GC invocations=18 (full 1):
 PSYoungGen      total 107520K, used 90210K [0x00000000f8000000, 0x00000000fff80000, 0x0000000100000000)
  eden space 84480K, 100% used [0x00000000f8000000,0x00000000fd280000,0x00000000fd280000)
  from space 23040K, 24% used [0x00000000fe900000,0x00000000fee98af8,0x00000000fff80000)
  to   space 23040K, 0% used [0x00000000fd280000,0x00000000fd280000,0x00000000fe900000)
 ParOldGen       total 120320K, used 82913K [0x00000000e8000000, 0x00000000ef580000, 0x00000000f8000000)
  object space 120320K, 68% used [0x00000000e8000000,0x00000000ed0f8598,0x00000000ef580000)
 Metaspace       used 21056K, capacity 21825K, committed 22016K, reserved 1069056K
  class space    used 2125K, capacity 2294K, committed 2304K, reserved 1048576K
Event: 4718.329 GC heap after
Heap after GC invocations=18 (full 1):
 PSYoungGen      total 107520K, used 4467K [0x00000000f8000000, 0x00000000fff00000, 0x0000000100000000)
  eden space 84480K, 0% used [0x00000000f8000000,0x00000000f8000000,0x00000000fd280000)
  from space 23040K, 19% used [0x00000000fd280000,0x00000000fd6dcf58,0x00000000fe900000)
  to   space 22528K, 0% used [0x00000000fe900000,0x00000000fe900000,0x00000000fff00000)
 ParOldGen       total 120320K, used 87804K [0x00000000e8000000, 0x00000000ef580000, 0x00000000f8000000)
  object space 120320K, 72% used [0x00000000e8000000,0x00000000ed5bf3e0,0x00000000ef580000)
 Metaspace       used 21056K, capacity 21825K, committed 22016K, reserved 1069056K
  class space    used 2125K, capacity 2294K, committed 2304K, reserved 1048576K
}

