# JRE version: Java(TM) SE Runtime Environment (8.0_65-b17) (build 1.8.0_65-b17)
# Java VM: Java HotSpot(TM) 64-Bit Server VM (25.65-b01 mixed mode windows-amd64 compressed oops)
Heap:
 PSYoungGen      total 104960K, used 29884K [0x00000000f8000000, 0x0000000100000000, 0x0000000100000000)
  eden space 80896K, 16% used [0x00000000f8000000,0x00000000f8cc5600,0x00000000fcf00000)
  from space 24064K, 69% used [0x00000000fe680000,0x00000000ff6e9b50,0x00000000ffe00000)
  to   space 24064K, 0% used [0x00000000fcf00000,0x00000000fcf00000,0x00000000fe680000)
 ParOldGen       total 87552K, used 68530K [0x00000000e8000000, 0x00000000ed580000, 0x00000000f8000000)
  object space 87552K, 78% used [0x00000000e8000000,0x00000000ec2ec880,0x00000000ed580000)
 Metaspace       used 19063K, capacity 19689K, committed 19840K, reserved 1067008K
  class space    used 1977K, capacity 2094K, committed 2176K, reserved 1048576K
GC Heap History (10 events):
Event: 5.459 GC heap before
{Heap before GC invocations=6 (full 0):
 PSYoungGen      total 125952K, used 125924K [0x00000000f8000000, 0x0000000100000000, 0x0000000100000000)
  eden space 120832K, 100% used [0x00000000f8000000,0x00000000ff600000,0x00000000ff600000)
  from space 5120K, 99% used [0x00000000ff600000,0x00000000ffaf9310,0x00000000ffb00000)
  to   space 5120K, 0% used [0x00000000ffb00000,0x00000000ffb00000,0x0000000100000000)
 ParOldGen       total 87552K, used 42378K [0x00000000e8000000, 0x00000000ed580000, 0x00000000f8000000)
  object space 87552K, 48% used [0x00000000e8000000,0x00000000ea962ac8,0x00000000ed580000)
 Metaspace       used 16871K, capacity 17207K, committed 17536K, reserved 1064960K
  class space    used 1764K, capacity 1835K, committed 1920K, reserved 1048576K
Event: 5.532 GC heap after
Heap after GC invocations=6 (full 0):
 PSYoungGen      total 86016K, used 5118K [0x00000000f8000000, 0x0000000100000000, 0x0000000100000000)
  eden space 80896K, 0% used [0x00000000f8000000,0x00000000f8000000,0x00000000fcf00000)
  from space 5120K, 99% used [0x00000000ffb00000,0x00000000fffff820,0x0000000100000000)
  to   space 25088K, 0% used [0x00000000fcf00000,0x00000000fcf00000,0x00000000fe780000)
 ParOldGen       total 87552K, used 58178K [0x00000000e8000000, 0x00000000ed580000, 0x00000000f8000000)
  object space 87552K, 66% used [0x00000000e8000000,0x00000000eb8d0be8,0x00000000ed580000)
 Metaspace       used 16871K, capacity 17207K, committed 17536K, reserved 1064960K
  class space    used 1764K, capacity 1835K, committed 1920K, reserved 1048576K
}
Event: 5.745 GC heap before
{Heap before GC invocations=7 (full 0):
 PSYoungGen      total 86016K, used 85974K [0x00000000f8000000, 0x0000000100000000, 0x0000000100000000)
  eden space 80896K, 99% used [0x00000000f8000000,0x00000000fcef60f0,0x00000000fcf00000)
  from space 5120K, 99% used [0x00000000ffb00000,0x00000000fffff820,0x0000000100000000)
  to   space 25088K, 0% used [0x00000000fcf00000,0x00000000fcf00000,0x00000000fe780000)
 ParOldGen       total 87552K, used 58178K [0x00000000e8000000, 0x00000000ed580000, 0x00000000f8000000)
  object space 87552K, 66% used [0x00000000e8000000,0x00000000eb8d0be8,0x00000000ed580000)
 Metaspace       used 16889K, capacity 17207K, committed 17536K, reserved 1064960K
  class space    used 1764K, capacity 1835K, committed 1920K, reserved 1048576K
Event: 5.819 GC heap after
Heap after GC invocations=7 (full 0):
 PSYoungGen      total 86016K, used 4656K [0x00000000f8000000, 0x0000000100000000, 0x0000000100000000)
  eden space 80896K, 0% used [0x00000000f8000000,0x00000000f8000000,0x00000000fcf00000)
  from space 5120K, 90% used [0x00000000fcf00000,0x00000000fd38c110,0x00000000fd400000)
  to   space 25600K, 0% used [0x00000000fe700000,0x00000000fe700000,0x0000000100000000)
 ParOldGen       total 87552K, used 61047K [0x00000000e8000000, 0x00000000ed580000, 0x00000000f8000000)
  object space 87552K, 69% used [0x00000000e8000000,0x00000000ebb9df20,0x00000000ed580000)
 Metaspace       used 16889K, capacity 17207K, committed 17536K, reserved 1064960K
  class space    used 1764K, capacity 1835K, committed 1920K, reserved 1048576K
}
Event: 6.527 GC heap before
{Heap before GC invocations=8 (full 0):
 PSYoungGen      total 86016K, used 85552K [0x00000000f8000000, 0x0000000100000000, 0x0000000100000000)
  eden space 80896K, 100% used [0x00000000f8000000,0x00000000fcf00000,0x00000000fcf00000)
  from space 5120K, 90% used [0x00000000fcf00000,0x00000000fd38c110,0x00000000fd400000)
  to   space 25600K, 0% used [0x00000000fe700000,0x00000000fe700000,0x0000000100000000)
 ParOldGen       total 87552K, used 61047K [0x00000000e8000000, 0x00000000ed580000, 0x00000000f8000000)
  object space 87552K, 69% used [0x00000000e8000000,0x00000000ebb9df20,0x00000000ed580000)
 Metaspace       used 17112K, capacity 17455K, committed 17536K, reserved 1064960K
  class space    used 1771K, capacity 1871K, committed 1920K, reserved 1048576K
Event: 6.555 GC heap after
Heap after GC invocations=8 (full 0):
 PSYoungGen      total 106496K, used 11193K [0x00000000f8000000, 0x0000000100000000, 0x0000000100000000)
  eden space 80896K, 0% used [0x00000000f8000000,0x00000000f8000000,0x00000000fcf00000)
  from space 25600K, 43% used [0x00000000fe700000,0x00000000ff1ee5f8,0x0000000100000000)
  to   space 24576K, 0% used [0x00000000fcf00000,0x00000000fcf00000,0x00000000fe700000)
 ParOldGen       total 87552K, used 62111K [0x00000000e8000000, 0x00000000ed580000, 0x00000000f8000000)
  object space 87552K, 70% used [0x00000000e8000000,0x00000000ebca7fa0,0x00000000ed580000)
 Metaspace       used 17112K, capacity 17455K, committed 17536K, reserved 1064960K
  class space    used 1771K, capacity 1871K, committed 1920K, reserved 1048576K
}
Event: 7.861 GC heap before
{Heap before GC invocations=9 (full 0):
 PSYoungGen      total 106496K, used 92089K [0x00000000f8000000, 0x0000000100000000, 0x0000000100000000)
  eden space 80896K, 100% used [0x00000000f8000000,0x00000000fcf00000,0x00000000fcf00000)
  from space 25600K, 43% used [0x00000000fe700000,0x00000000ff1ee5f8,0x0000000100000000)
  to   space 24576K, 0% used [0x00000000fcf00000,0x00000000fcf00000,0x00000000fe700000)
 ParOldGen       total 87552K, used 62111K [0x00000000e8000000, 0x00000000ed580000, 0x00000000f8000000)
  object space 87552K, 70% used [0x00000000e8000000,0x00000000ebca7fa0,0x00000000ed580000)
 Metaspace       used 17653K, capacity 18063K, committed 18304K, reserved 1064960K
  class space    used 1786K, capacity 1903K, committed 1920K, reserved 1048576K
Event: 7.896 GC heap after
Heap after GC invocations=9 (full 0):
 PSYoungGen      total 95232K, used 13972K [0x00000000f8000000, 0x00000000ffe00000, 0x0000000100000000)
  eden space 80896K, 0% used [0x00000000f8000000,0x00000000f8000000,0x00000000fcf00000)
  from space 14336K, 97% used [0x00000000fcf00000,0x00000000fdca53a0,0x00000000fdd00000)
  to   space 24064K, 0% used [0x00000000fe680000,0x00000000fe680000,0x00000000ffe00000)
 ParOldGen       total 87552K, used 63295K [0x00000000e8000000, 0x00000000ed580000, 0x00000000f8000000)
  object space 87552K, 72% used [0x00000000e8000000,0x00000000ebdcffa0,0x00000000ed580000)
 Metaspace       used 17653K, capacity 18063K, committed 18304K, reserved 1064960K
  class space    used 1786K, capacity 1903K, committed 1920K, reserved 1048576K
}
Event: 8.969 GC heap before
{Heap before GC invocations=10 (full 0):
 PSYoungGen      total 95232K, used 94868K [0x00000000f8000000, 0x00000000ffe00000, 0x0000000100000000)
  eden space 80896K, 100% used [0x00000000f8000000,0x00000000fcf00000,0x00000000fcf00000)
  from space 14336K, 97% used [0x00000000fcf00000,0x00000000fdca53a0,0x00000000fdd00000)
  to   space 24064K, 0% used [0x00000000fe680000,0x00000000fe680000,0x00000000ffe00000)
 ParOldGen       total 87552K, used 63295K [0x00000000e8000000, 0x00000000ed580000, 0x00000000f8000000)
  object space 87552K, 72% used [0x00000000e8000000,0x00000000ebdcffa0,0x00000000ed580000)
 Metaspace       used 18964K, capacity 19571K, committed 19840K, reserved 1067008K
  class space    used 1963K, capacity 2085K, committed 2176K, reserved 1048576K
Event: 9.019 GC heap after
Heap after GC invocations=10 (full 0):
 PSYoungGen      total 104960K, used 16806K [0x00000000f8000000, 0x0000000100000000, 0x0000000100000000)
  eden space 80896K, 0% used [0x00000000f8000000,0x00000000f8000000,0x00000000fcf00000)
  from space 24064K, 69% used [0x00000000fe680000,0x00000000ff6e9b50,0x00000000ffe00000)
  to   space 24064K, 0% used [0x00000000fcf00000,0x00000000fcf00000,0x00000000fe680000)
 ParOldGen       total 87552K, used 68530K [0x00000000e8000000, 0x00000000ed580000, 0x00000000f8000000)
  object space 87552K, 78% used [0x00000000e8000000,0x00000000ec2ec880,0x00000000ed580000)
 Metaspace       used 18964K, capacity 19571K, committed 19840K, reserved 1067008K
  class space    used 1963K, capacity 2085K, committed 2176K, reserved 1048576K
}

