# JRE version: Java(TM) SE Runtime Environment (8.0_65-b17) (build 1.8.0_65-b17)
# Java VM: Java HotSpot(TM) 64-Bit Server VM (25.65-b01 mixed mode windows-amd64 compressed oops)
Heap:
 PSYoungGen      total 112128K, used 19649K [0x00000000f8000000, 0x0000000100000000, 0x0000000100000000)
  eden space 94208K, 6% used [0x00000000f8000000,0x00000000f861ba18,0x00000000fdc00000)
  from space 17920K, 74% used [0x00000000fdc00000,0x00000000fe914ab0,0x00000000fed80000)
  to   space 18432K, 0% used [0x00000000fee00000,0x00000000fee00000,0x0000000100000000)
 ParOldGen       total 121856K, used 97927K [0x00000000e8000000, 0x00000000ef700000, 0x00000000f8000000)
  object space 121856K, 80% used [0x00000000e8000000,0x00000000edfa1d00,0x00000000ef700000)
 Metaspace       used 21404K, capacity 22171K, committed 22272K, reserved 1069056K
  class space    used 2135K, capacity 2299K, committed 2304K, reserved 1048576K
GC Heap History (10 events):
Event: 513.677 GC heap before
{Heap before GC invocations=23 (full 2):
 PSYoungGen      total 108544K, used 99171K [0x00000000f8000000, 0x00000000ffe00000, 0x0000000100000000)
  eden space 88064K, 100% used [0x00000000f8000000,0x00000000fd600000,0x00000000fd600000)
  from space 20480K, 54% used [0x00000000fe980000,0x00000000ff458fa8,0x00000000ffd80000)
  to   space 19968K, 0% used [0x00000000fd600000,0x00000000fd600000,0x00000000fe980000)
 ParOldGen       total 121856K, used 64902K [0x00000000e8000000, 0x00000000ef700000, 0x00000000f8000000)
  object space 121856K, 53% used [0x00000000e8000000,0x00000000ebf61b30,0x00000000ef700000)
 Metaspace       used 21173K, capacity 21885K, committed 22016K, reserved 1069056K
  class space    used 2132K, capacity 2294K, committed 2304K, reserved 1048576K
Event: 513.747 GC heap after
Heap after GC invocations=23 (full 2):
 PSYoungGen      total 108032K, used 6907K [0x00000000f8000000, 0x00000000ffe80000, 0x0000000100000000)
  eden space 88064K, 0% used [0x00000000f8000000,0x00000000f8000000,0x00000000fd600000)
  from space 19968K, 34% used [0x00000000fd600000,0x00000000fdcbec50,0x00000000fe980000)
  to   space 19456K, 0% used [0x00000000feb80000,0x00000000feb80000,0x00000000ffe80000)
 ParOldGen       total 121856K, used 75719K [0x00000000e8000000, 0x00000000ef700000, 0x00000000f8000000)
  object space 121856K, 62% used [0x00000000e8000000,0x00000000ec9f1c90,0x00000000ef700000)
 Metaspace       used 21173K, capacity 21885K, committed 22016K, reserved 1069056K
  class space    used 2132K, capacity 2294K, committed 2304K, reserved 1048576K
}
Event: 620.953 GC heap before
{Heap before GC invocations=24 (full 2):
 PSYoungGen      total 108032K, used 94971K [0x00000000f8000000, 0x00000000ffe80000, 0x0000000100000000)
  eden space 88064K, 100% used [0x00000000f8000000,0x00000000fd600000,0x00000000fd600000)
  from space 19968K, 34% used [0x00000000fd600000,0x00000000fdcbec50,0x00000000fe980000)
  to   space 19456K, 0% used [0x00000000feb80000,0x00000000feb80000,0x00000000ffe80000)
 ParOldGen       total 121856K, used 75719K [0x00000000e8000000, 0x00000000ef700000, 0x00000000f8000000)
  object space 121856K, 62% used [0x00000000e8000000,0x00000000ec9f1c90,0x00000000ef700000)
 Metaspace       used 21272K, capacity 22031K, committed 22272K, reserved 1069056K
  class space    used 2134K, capacity 2297K, committed 2304K, reserved 1048576K
Event: 620.981 GC heap after
Heap after GC invocations=24 (full 2):
 PSYoungGen      total 110080K, used 8596K [0x00000000f8000000, 0x00000000ffd80000, 0x0000000100000000)
  eden space 91648K, 0% used [0x00000000f8000000,0x00000000f8000000,0x00000000fd980000)
  from space 18432K, 46% used [0x00000000feb80000,0x00000000ff3e53e0,0x00000000ffd80000)
  to   space 18432K, 0% used [0x00000000fd980000,0x00000000fd980000,0x00000000feb80000)
 ParOldGen       total 121856K, used 79618K [0x00000000e8000000, 0x00000000ef700000, 0x00000000f8000000)
  object space 121856K, 65% used [0x00000000e8000000,0x00000000ecdc09e0,0x00000000ef700000)
 Metaspace       used 21272K, capacity 22031K, committed 22272K, reserved 1069056K
  class space    used 2134K, capacity 2297K, committed 2304K, reserved 1048576K
}
Event: 621.784 GC heap before
{Heap before GC invocations=25 (full 2):
 PSYoungGen      total 110080K, used 100244K [0x00000000f8000000, 0x00000000ffd80000, 0x0000000100000000)
  eden space 91648K, 100% used [0x00000000f8000000,0x00000000fd980000,0x00000000fd980000)
  from space 18432K, 46% used [0x00000000feb80000,0x00000000ff3e53e0,0x00000000ffd80000)
  to   space 18432K, 0% used [0x00000000fd980000,0x00000000fd980000,0x00000000feb80000)
 ParOldGen       total 121856K, used 79618K [0x00000000e8000000, 0x00000000ef700000, 0x00000000f8000000)
  object space 121856K, 65% used [0x00000000e8000000,0x00000000ecdc09e0,0x00000000ef700000)
 Metaspace       used 21281K, capacity 22031K, committed 22272K, reserved 1069056K
  class space    used 2134K, capacity 2297K, committed 2304K, reserved 1048576K
Event: 621.814 GC heap after
Heap after GC invocations=25 (full 2):
 PSYoungGen      total 110080K, used 6271K [0x00000000f8000000, 0x00000000fff00000, 0x0000000100000000)
  eden space 91648K, 0% used [0x00000000f8000000,0x00000000f8000000,0x00000000fd980000)
  from space 18432K, 34% used [0x00000000fd980000,0x00000000fdf9fd58,0x00000000feb80000)
  to   space 17920K, 0% used [0x00000000fed80000,0x00000000fed80000,0x00000000fff00000)
 ParOldGen       total 121856K, used 87876K [0x00000000e8000000, 0x00000000ef700000, 0x00000000f8000000)
  object space 121856K, 72% used [0x00000000e8000000,0x00000000ed5d1240,0x00000000ef700000)
 Metaspace       used 21281K, capacity 22031K, committed 22272K, reserved 1069056K
  class space    used 2134K, capacity 2297K, committed 2304K, reserved 1048576K
}
Event: 622.787 GC heap before
{Heap before GC invocations=26 (full 2):
 PSYoungGen      total 110080K, used 97919K [0x00000000f8000000, 0x00000000fff00000, 0x0000000100000000)
  eden space 91648K, 100% used [0x00000000f8000000,0x00000000fd980000,0x00000000fd980000)
  from space 18432K, 34% used [0x00000000fd980000,0x00000000fdf9fd58,0x00000000feb80000)
  to   space 17920K, 0% used [0x00000000fed80000,0x00000000fed80000,0x00000000fff00000)
 ParOldGen       total 121856K, used 87876K [0x00000000e8000000, 0x00000000ef700000, 0x00000000f8000000)
  object space 121856K, 72% used [0x00000000e8000000,0x00000000ed5d1240,0x00000000ef700000)
 Metaspace       used 21360K, capacity 22165K, committed 22272K, reserved 1069056K
  class space    used 2135K, capacity 2298K, committed 2304K, reserved 1048576K
Event: 622.819 GC heap after
Heap after GC invocations=26 (full 2):
 PSYoungGen      total 112128K, used 5780K [0x00000000f8000000, 0x00000000fff80000, 0x0000000100000000)
  eden space 94208K, 0% used [0x00000000f8000000,0x00000000f8000000,0x00000000fdc00000)
  from space 17920K, 32% used [0x00000000fed80000,0x00000000ff325218,0x00000000fff00000)
  to   space 17920K, 0% used [0x00000000fdc00000,0x00000000fdc00000,0x00000000fed80000)
 ParOldGen       total 121856K, used 92560K [0x00000000e8000000, 0x00000000ef700000, 0x00000000f8000000)
  object space 121856K, 75% used [0x00000000e8000000,0x00000000eda641b8,0x00000000ef700000)
 Metaspace       used 21360K, capacity 22165K, committed 22272K, reserved 1069056K
  class space    used 2135K, capacity 2298K, committed 2304K, reserved 1048576K
}
Event: 628.149 GC heap before
{Heap before GC invocations=27 (full 2):
 PSYoungGen      total 112128K, used 99988K [0x00000000f8000000, 0x00000000fff80000, 0x0000000100000000)
  eden space 94208K, 100% used [0x00000000f8000000,0x00000000fdc00000,0x00000000fdc00000)
  from space 17920K, 32% used [0x00000000fed80000,0x00000000ff325218,0x00000000fff00000)
  to   space 17920K, 0% used [0x00000000fdc00000,0x00000000fdc00000,0x00000000fed80000)
 ParOldGen       total 121856K, used 92560K [0x00000000e8000000, 0x00000000ef700000, 0x00000000f8000000)
  object space 121856K, 75% used [0x00000000e8000000,0x00000000eda641b8,0x00000000ef700000)
 Metaspace       used 21393K, capacity 22171K, committed 22272K, reserved 1069056K
  class space    used 2135K, capacity 2299K, committed 2304K, reserved 1048576K
Event: 628.179 GC heap after
Heap after GC invocations=27 (full 2):
 PSYoungGen      total 112128K, used 13394K [0x00000000f8000000, 0x0000000100000000, 0x0000000100000000)
  eden space 94208K, 0% used [0x00000000f8000000,0x00000000f8000000,0x00000000fdc00000)
  from space 17920K, 74% used [0x00000000fdc00000,0x00000000fe914ab0,0x00000000fed80000)
  to   space 18432K, 0% used [0x00000000fee00000,0x00000000fee00000,0x0000000100000000)
 ParOldGen       total 121856K, used 97927K [0x00000000e8000000, 0x00000000ef700000, 0x00000000f8000000)
  object space 121856K, 80% used [0x00000000e8000000,0x00000000edfa1d00,0x00000000ef700000)
 Metaspace       used 21393K, capacity 22171K, committed 22272K, reserved 1069056K
  class space    used 2135K, capacity 2299K, committed 2304K, reserved 1048576K
}

