# JRE version: Java(TM) SE Runtime Environment (8.0_65-b17) (build 1.8.0_65-b17)
# Java VM: Java HotSpot(TM) 64-Bit Server VM (25.65-b01 mixed mode windows-amd64 compressed oops)
Heap:
 PSYoungGen      total 108544K, used 75741K [0x00000000f8000000, 0x00000000fff00000, 0x0000000100000000)
  eden space 88064K, 80% used [0x00000000f8000000,0x00000000fc5a3418,0x00000000fd600000)
  from space 20480K, 21% used [0x00000000feb00000,0x00000000fef54010,0x00000000fff00000)
  to   space 20992K, 0% used [0x00000000fd600000,0x00000000fd600000,0x00000000fea80000)
 ParOldGen       total 114688K, used 87471K [0x00000000e8000000, 0x00000000ef000000, 0x00000000f8000000)
  object space 114688K, 76% used [0x00000000e8000000,0x00000000ed56bd28,0x00000000ef000000)
 Metaspace       used 21093K, capacity 21891K, committed 22016K, reserved 1069056K
  class space    used 2126K, capacity 2295K, committed 2304K, reserved 1048576K
GC Heap History (10 events):
Event: 15.071 GC heap before
{Heap before GC invocations=15 (full 1):
 PSYoungGen      total 105984K, used 95933K [0x00000000f8000000, 0x00000000ffe00000, 0x0000000100000000)
  eden space 83456K, 100% used [0x00000000f8000000,0x00000000fd180000,0x00000000fd180000)
  from space 22528K, 55% used [0x00000000fd180000,0x00000000fddaf470,0x00000000fe780000)
  to   space 22016K, 0% used [0x00000000fe880000,0x00000000fe880000,0x00000000ffe00000)
 ParOldGen       total 114688K, used 59457K [0x00000000e8000000, 0x00000000ef000000, 0x00000000f8000000)
  object space 114688K, 51% used [0x00000000e8000000,0x00000000eba106a8,0x00000000ef000000)
 Metaspace       used 19672K, capacity 20429K, committed 20608K, reserved 1067008K
  class space    used 2031K, capacity 2158K, committed 2176K, reserved 1048576K
Event: 15.103 GC heap after
Heap after GC invocations=15 (full 1):
 PSYoungGen      total 107008K, used 5329K [0x00000000f8000000, 0x00000000fff80000, 0x0000000100000000)
  eden space 84992K, 0% used [0x00000000f8000000,0x00000000f8000000,0x00000000fd300000)
  from space 22016K, 24% used [0x00000000fe880000,0x00000000fedb4450,0x00000000ffe00000)
  to   space 22016K, 0% used [0x00000000fd300000,0x00000000fd300000,0x00000000fe880000)
 ParOldGen       total 114688K, used 69519K [0x00000000e8000000, 0x00000000ef000000, 0x00000000f8000000)
  object space 114688K, 60% used [0x00000000e8000000,0x00000000ec3e3f70,0x00000000ef000000)
 Metaspace       used 19672K, capacity 20429K, committed 20608K, reserved 1067008K
  class space    used 2031K, capacity 2158K, committed 2176K, reserved 1048576K
}
Event: 75.346 GC heap before
{Heap before GC invocations=16 (full 1):
 PSYoungGen      total 107008K, used 90321K [0x00000000f8000000, 0x00000000fff80000, 0x0000000100000000)
  eden space 84992K, 100% used [0x00000000f8000000,0x00000000fd300000,0x00000000fd300000)
  from space 22016K, 24% used [0x00000000fe880000,0x00000000fedb4450,0x00000000ffe00000)
  to   space 22016K, 0% used [0x00000000fd300000,0x00000000fd300000,0x00000000fe880000)
 ParOldGen       total 114688K, used 69519K [0x00000000e8000000, 0x00000000ef000000, 0x00000000f8000000)
  object space 114688K, 60% used [0x00000000e8000000,0x00000000ec3e3f70,0x00000000ef000000)
 Metaspace       used 20852K, capacity 21599K, committed 21760K, reserved 1069056K
  class space    used 2119K, capacity 2289K, committed 2304K, reserved 1048576K
Event: 75.382 GC heap after
Heap after GC invocations=16 (full 1):
 PSYoungGen      total 107008K, used 5279K [0x00000000f8000000, 0x0000000100000000, 0x0000000100000000)
  eden space 84992K, 0% used [0x00000000f8000000,0x00000000f8000000,0x00000000fd300000)
  from space 22016K, 23% used [0x00000000fd300000,0x00000000fd827d50,0x00000000fe880000)
  to   space 22016K, 0% used [0x00000000fea80000,0x00000000fea80000,0x0000000100000000)
 ParOldGen       total 114688K, used 72521K [0x00000000e8000000, 0x00000000ef000000, 0x00000000f8000000)
  object space 114688K, 63% used [0x00000000e8000000,0x00000000ec6d25b8,0x00000000ef000000)
 Metaspace       used 20852K, capacity 21599K, committed 21760K, reserved 1069056K
  class space    used 2119K, capacity 2289K, committed 2304K, reserved 1048576K
}
Event: 76.620 GC heap before
{Heap before GC invocations=17 (full 1):
 PSYoungGen      total 107008K, used 90271K [0x00000000f8000000, 0x0000000100000000, 0x0000000100000000)
  eden space 84992K, 100% used [0x00000000f8000000,0x00000000fd300000,0x00000000fd300000)
  from space 22016K, 23% used [0x00000000fd300000,0x00000000fd827d50,0x00000000fe880000)
  to   space 22016K, 0% used [0x00000000fea80000,0x00000000fea80000,0x0000000100000000)
 ParOldGen       total 114688K, used 72521K [0x00000000e8000000, 0x00000000ef000000, 0x00000000f8000000)
  object space 114688K, 63% used [0x00000000e8000000,0x00000000ec6d25b8,0x00000000ef000000)
 Metaspace       used 20870K, capacity 21599K, committed 21760K, reserved 1069056K
  class space    used 2122K, capacity 2289K, committed 2304K, reserved 1048576K
Event: 76.650 GC heap after
Heap after GC invocations=17 (full 1):
 PSYoungGen      total 108032K, used 6163K [0x00000000f8000000, 0x00000000fff00000, 0x0000000100000000)
  eden space 87040K, 0% used [0x00000000f8000000,0x00000000f8000000,0x00000000fd500000)
  from space 20992K, 29% used [0x00000000fea80000,0x00000000ff084f58,0x00000000fff00000)
  to   space 21504K, 0% used [0x00000000fd500000,0x00000000fd500000,0x00000000fea00000)
 ParOldGen       total 114688K, used 77458K [0x00000000e8000000, 0x00000000ef000000, 0x00000000f8000000)
  object space 114688K, 67% used [0x00000000e8000000,0x00000000ecba4810,0x00000000ef000000)
 Metaspace       used 20870K, capacity 21599K, committed 21760K, reserved 1069056K
  class space    used 2122K, capacity 2289K, committed 2304K, reserved 1048576K
}
Event: 227.257 GC heap before
{Heap before GC invocations=18 (full 1):
 PSYoungGen      total 108032K, used 93203K [0x00000000f8000000, 0x00000000fff00000, 0x0000000100000000)
  eden space 87040K, 100% used [0x00000000f8000000,0x00000000fd500000,0x00000000fd500000)
  from space 20992K, 29% used [0x00000000fea80000,0x00000000ff084f58,0x00000000fff00000)
  to   space 21504K, 0% used [0x00000000fd500000,0x00000000fd500000,0x00000000fea00000)
 ParOldGen       total 114688K, used 77458K [0x00000000e8000000, 0x00000000ef000000, 0x00000000f8000000)
  object space 114688K, 67% used [0x00000000e8000000,0x00000000ecba4810,0x00000000ef000000)
 Metaspace       used 20963K, capacity 21669K, committed 21760K, reserved 1069056K
  class space    used 2123K, capacity 2290K, committed 2304K, reserved 1048576K
Event: 227.288 GC heap after
Heap after GC invocations=18 (full 1):
 PSYoungGen      total 108544K, used 6303K [0x00000000f8000000, 0x0000000100000000, 0x0000000100000000)
  eden space 87040K, 0% used [0x00000000f8000000,0x00000000f8000000,0x00000000fd500000)
  from space 21504K, 29% used [0x00000000fd500000,0x00000000fdb27f60,0x00000000fea00000)
  to   space 21504K, 0% used [0x00000000feb00000,0x00000000feb00000,0x0000000100000000)
 ParOldGen       total 114688K, used 81389K [0x00000000e8000000, 0x00000000ef000000, 0x00000000f8000000)
  object space 114688K, 70% used [0x00000000e8000000,0x00000000ecf7b560,0x00000000ef000000)
 Metaspace       used 20963K, capacity 21669K, committed 21760K, reserved 1069056K
  class space    used 2123K, capacity 2290K, committed 2304K, reserved 1048576K
}
Event: 228.179 GC heap before
{Heap before GC invocations=19 (full 1):
 PSYoungGen      total 108544K, used 93343K [0x00000000f8000000, 0x0000000100000000, 0x0000000100000000)
  eden space 87040K, 100% used [0x00000000f8000000,0x00000000fd500000,0x00000000fd500000)
  from space 21504K, 29% used [0x00000000fd500000,0x00000000fdb27f60,0x00000000fea00000)
  to   space 21504K, 0% used [0x00000000feb00000,0x00000000feb00000,0x0000000100000000)
 ParOldGen       total 114688K, used 81389K [0x00000000e8000000, 0x00000000ef000000, 0x00000000f8000000)
  object space 114688K, 70% used [0x00000000e8000000,0x00000000ecf7b560,0x00000000ef000000)
 Metaspace       used 21028K, capacity 21803K, committed 22016K, reserved 1069056K
  class space    used 2124K, capacity 2291K, committed 2304K, reserved 1048576K
Event: 228.224 GC heap after
Heap after GC invocations=19 (full 1):
 PSYoungGen      total 108544K, used 4432K [0x00000000f8000000, 0x00000000fff00000, 0x0000000100000000)
  eden space 88064K, 0% used [0x00000000f8000000,0x00000000f8000000,0x00000000fd600000)
  from space 20480K, 21% used [0x00000000feb00000,0x00000000fef54010,0x00000000fff00000)
  to   space 20992K, 0% used [0x00000000fd600000,0x00000000fd600000,0x00000000fea80000)
 ParOldGen       total 114688K, used 87471K [0x00000000e8000000, 0x00000000ef000000, 0x00000000f8000000)
  object space 114688K, 76% used [0x00000000e8000000,0x00000000ed56bd28,0x00000000ef000000)
 Metaspace       used 21028K, capacity 21803K, committed 22016K, reserved 1069056K
  class space    used 2124K, capacity 2291K, committed 2304K, reserved 1048576K
}

