# JRE version: Java(TM) SE Runtime Environment (8.0_65-b17) (build 1.8.0_65-b17)
# Java VM: Java HotSpot(TM) 64-Bit Server VM (25.65-b01 mixed mode windows-amd64 compressed oops)
Heap:
 PSYoungGen      total 105984K, used 62183K [0x00000000f8000000, 0x0000000100000000, 0x0000000100000000)
  eden space 82944K, 69% used [0x00000000f8000000,0x00000000fb84eec0,0x00000000fd100000)
  from space 23040K, 19% used [0x00000000fe800000,0x00000000fec6b0c8,0x00000000ffe80000)
  to   space 23552K, 0% used [0x00000000fd100000,0x00000000fd100000,0x00000000fe800000)
 ParOldGen       total 120832K, used 73420K [0x00000000e8000000, 0x00000000ef600000, 0x00000000f8000000)
  object space 120832K, 60% used [0x00000000e8000000,0x00000000ec7b32f8,0x00000000ef600000)
 Metaspace       used 20351K, capacity 21113K, committed 21248K, reserved 1069056K
  class space    used 2089K, capacity 2254K, committed 2304K, reserved 1048576K
GC Heap History (10 events):
Event: 20.001 GC heap before
{Heap before GC invocations=9 (full 0):
 PSYoungGen      total 107008K, used 93337K [0x00000000f8000000, 0x0000000100000000, 0x0000000100000000)
  eden space 81920K, 100% used [0x00000000f8000000,0x00000000fd000000,0x00000000fd000000)
  from space 25088K, 45% used [0x00000000fe780000,0x00000000ff2a6600,0x0000000100000000)
  to   space 24064K, 0% used [0x00000000fd000000,0x00000000fd000000,0x00000000fe780000)
 ParOldGen       total 87552K, used 62766K [0x00000000e8000000, 0x00000000ed580000, 0x00000000f8000000)
  object space 87552K, 71% used [0x00000000e8000000,0x00000000ebd4ba10,0x00000000ed580000)
 Metaspace       used 17673K, capacity 17983K, committed 18048K, reserved 1064960K
  class space    used 1782K, capacity 1871K, committed 1920K, reserved 1048576K
Event: 20.068 GC heap after
Heap after GC invocations=9 (full 0):
 PSYoungGen      total 96256K, used 14188K [0x00000000f8000000, 0x00000000ffe00000, 0x0000000100000000)
  eden space 81920K, 0% used [0x00000000f8000000,0x00000000f8000000,0x00000000fd000000)
  from space 14336K, 98% used [0x00000000fd000000,0x00000000fdddb3d8,0x00000000fde00000)
  to   space 23552K, 0% used [0x00000000fe700000,0x00000000fe700000,0x00000000ffe00000)
 ParOldGen       total 87552K, used 63897K [0x00000000e8000000, 0x00000000ed580000, 0x00000000f8000000)
  object space 87552K, 72% used [0x00000000e8000000,0x00000000ebe66470,0x00000000ed580000)
 Metaspace       used 17673K, capacity 17983K, committed 18048K, reserved 1064960K
  class space    used 1782K, capacity 1871K, committed 1920K, reserved 1048576K
}
Event: 21.681 GC heap before
{Heap before GC invocations=10 (full 0):
 PSYoungGen      total 96256K, used 96108K [0x00000000f8000000, 0x00000000ffe00000, 0x0000000100000000)
  eden space 81920K, 100% used [0x00000000f8000000,0x00000000fd000000,0x00000000fd000000)
  from space 14336K, 98% used [0x00000000fd000000,0x00000000fdddb3d8,0x00000000fde00000)
  to   space 23552K, 0% used [0x00000000fe700000,0x00000000fe700000,0x00000000ffe00000)
 ParOldGen       total 87552K, used 63897K [0x00000000e8000000, 0x00000000ed580000, 0x00000000f8000000)
  object space 87552K, 72% used [0x00000000e8000000,0x00000000ebe66470,0x00000000ed580000)
 Metaspace       used 18984K, capacity 19535K, committed 19840K, reserved 1067008K
  class space    used 1962K, capacity 2087K, committed 2176K, reserved 1048576K
Event: 21.762 GC heap after
Heap after GC invocations=10 (full 0):
 PSYoungGen      total 104960K, used 17393K [0x00000000f8000000, 0x0000000100000000, 0x0000000100000000)
  eden space 81408K, 0% used [0x00000000f8000000,0x00000000f8000000,0x00000000fcf80000)
  from space 23552K, 73% used [0x00000000fe700000,0x00000000ff7fc6e8,0x00000000ffe00000)
  to   space 24064K, 0% used [0x00000000fcf80000,0x00000000fcf80000,0x00000000fe700000)
 ParOldGen       total 87552K, used 69559K [0x00000000e8000000, 0x00000000ed580000, 0x00000000f8000000)
  object space 87552K, 79% used [0x00000000e8000000,0x00000000ec3eddc0,0x00000000ed580000)
 Metaspace       used 18984K, capacity 19535K, committed 19840K, reserved 1067008K
  class space    used 1962K, capacity 2087K, committed 2176K, reserved 1048576K
}
Event: 21.762 GC heap before
{Heap before GC invocations=11 (full 1):
 PSYoungGen      total 104960K, used 17393K [0x00000000f8000000, 0x0000000100000000, 0x0000000100000000)
  eden space 81408K, 0% used [0x00000000f8000000,0x00000000f8000000,0x00000000fcf80000)
  from space 23552K, 73% used [0x00000000fe700000,0x00000000ff7fc6e8,0x00000000ffe00000)
  to   space 24064K, 0% used [0x00000000fcf80000,0x00000000fcf80000,0x00000000fe700000)
 ParOldGen       total 87552K, used 69559K [0x00000000e8000000, 0x00000000ed580000, 0x00000000f8000000)
  object space 87552K, 79% used [0x00000000e8000000,0x00000000ec3eddc0,0x00000000ed580000)
 Metaspace       used 18984K, capacity 19535K, committed 19840K, reserved 1067008K
  class space    used 1962K, capacity 2087K, committed 2176K, reserved 1048576K
Event: 22.062 GC heap after
Heap after GC invocations=11 (full 1):
 PSYoungGen      total 104960K, used 0K [0x00000000f8000000, 0x0000000100000000, 0x0000000100000000)
  eden space 81408K, 0% used [0x00000000f8000000,0x00000000f8000000,0x00000000fcf80000)
  from space 23552K, 0% used [0x00000000fe700000,0x00000000fe700000,0x00000000ffe00000)
  to   space 24064K, 0% used [0x00000000fcf80000,0x00000000fcf80000,0x00000000fe700000)
 ParOldGen       total 120832K, used 62541K [0x00000000e8000000, 0x00000000ef600000, 0x00000000f8000000)
  object space 120832K, 51% used [0x00000000e8000000,0x00000000ebd135a0,0x00000000ef600000)
 Metaspace       used 18984K, capacity 19535K, committed 19840K, reserved 1067008K
  class space    used 1962K, capacity 2087K, committed 2176K, reserved 1048576K
}
Event: 23.736 GC heap before
{Heap before GC invocations=12 (full 1):
 PSYoungGen      total 104960K, used 81408K [0x00000000f8000000, 0x0000000100000000, 0x0000000100000000)
  eden space 81408K, 100% used [0x00000000f8000000,0x00000000fcf80000,0x00000000fcf80000)
  from space 23552K, 0% used [0x00000000fe700000,0x00000000fe700000,0x00000000ffe00000)
  to   space 24064K, 0% used [0x00000000fcf80000,0x00000000fcf80000,0x00000000fe700000)
 ParOldGen       total 120832K, used 62541K [0x00000000e8000000, 0x00000000ef600000, 0x00000000f8000000)
  object space 120832K, 51% used [0x00000000e8000000,0x00000000ebd135a0,0x00000000ef600000)
 Metaspace       used 19268K, capacity 19947K, committed 20096K, reserved 1067008K
  class space    used 1988K, capacity 2113K, committed 2176K, reserved 1048576K
Event: 23.769 GC heap after
Heap after GC invocations=12 (full 1):
 PSYoungGen      total 105472K, used 12647K [0x00000000f8000000, 0x00000000ffe80000, 0x0000000100000000)
  eden space 81408K, 0% used [0x00000000f8000000,0x00000000f8000000,0x00000000fcf80000)
  from space 24064K, 52% used [0x00000000fcf80000,0x00000000fdbd9da8,0x00000000fe700000)
  to   space 23040K, 0% used [0x00000000fe800000,0x00000000fe800000,0x00000000ffe80000)
 ParOldGen       total 120832K, used 62549K [0x00000000e8000000, 0x00000000ef600000, 0x00000000f8000000)
  object space 120832K, 51% used [0x00000000e8000000,0x00000000ebd155a0,0x00000000ef600000)
 Metaspace       used 19268K, capacity 19947K, committed 20096K, reserved 1067008K
  class space    used 1988K, capacity 2113K, committed 2176K, reserved 1048576K
}
Event: 24.610 GC heap before
{Heap before GC invocations=13 (full 1):
 PSYoungGen      total 105472K, used 94055K [0x00000000f8000000, 0x00000000ffe80000, 0x0000000100000000)
  eden space 81408K, 100% used [0x00000000f8000000,0x00000000fcf80000,0x00000000fcf80000)
  from space 24064K, 52% used [0x00000000fcf80000,0x00000000fdbd9da8,0x00000000fe700000)
  to   space 23040K, 0% used [0x00000000fe800000,0x00000000fe800000,0x00000000ffe80000)
 ParOldGen       total 120832K, used 62549K [0x00000000e8000000, 0x00000000ef600000, 0x00000000f8000000)
  object space 120832K, 51% used [0x00000000e8000000,0x00000000ebd155a0,0x00000000ef600000)
 Metaspace       used 19397K, capacity 20059K, committed 20352K, reserved 1067008K
  class space    used 1993K, capacity 2121K, committed 2176K, reserved 1048576K
Event: 24.668 GC heap after
Heap after GC invocations=13 (full 1):
 PSYoungGen      total 105984K, used 4524K [0x00000000f8000000, 0x0000000100000000, 0x0000000100000000)
  eden space 82944K, 0% used [0x00000000f8000000,0x00000000f8000000,0x00000000fd100000)
  from space 23040K, 19% used [0x00000000fe800000,0x00000000fec6b0c8,0x00000000ffe80000)
  to   space 23552K, 0% used [0x00000000fd100000,0x00000000fd100000,0x00000000fe800000)
 ParOldGen       total 120832K, used 73420K [0x00000000e8000000, 0x00000000ef600000, 0x00000000f8000000)
  object space 120832K, 60% used [0x00000000e8000000,0x00000000ec7b32f8,0x00000000ef600000)
 Metaspace       used 19397K, capacity 20059K, committed 20352K, reserved 1067008K
  class space    used 1993K, capacity 2121K, committed 2176K, reserved 1048576K
}

