# JRE version: Java(TM) SE Runtime Environment (8.0_65-b17) (build 1.8.0_65-b17)
# Java VM: Java HotSpot(TM) 64-Bit Server VM (25.65-b01 mixed mode windows-amd64 compressed oops)
Heap:
 PSYoungGen      total 105984K, used 53457K [0x00000000f8000000, 0x0000000100000000, 0x0000000100000000)
  eden space 83456K, 57% used [0x00000000f8000000,0x00000000faf25db0,0x00000000fd180000)
  from space 22528K, 22% used [0x00000000fe800000,0x00000000fed0e650,0x00000000ffe00000)
  to   space 23040K, 0% used [0x00000000fd180000,0x00000000fd180000,0x00000000fe800000)
 ParOldGen       total 121344K, used 71621K [0x00000000e8000000, 0x00000000ef680000, 0x00000000f8000000)
  object space 121344K, 59% used [0x00000000e8000000,0x00000000ec5f1530,0x00000000ef680000)
 Metaspace       used 20391K, capacity 21113K, committed 21248K, reserved 1069056K
  class space    used 2063K, capacity 2190K, committed 2304K, reserved 1048576K
GC Heap History (10 events):
Event: 8.592 GC heap before
{Heap before GC invocations=9 (full 0):
 PSYoungGen      total 107008K, used 93556K [0x00000000f8000000, 0x0000000100000000, 0x0000000100000000)
  eden space 81408K, 100% used [0x00000000f8000000,0x00000000fcf80000,0x00000000fcf80000)
  from space 25600K, 47% used [0x00000000fe700000,0x00000000ff2dd1e8,0x0000000100000000)
  to   space 24064K, 0% used [0x00000000fcf80000,0x00000000fcf80000,0x00000000fe700000)
 ParOldGen       total 87552K, used 62495K [0x00000000e8000000, 0x00000000ed580000, 0x00000000f8000000)
  object space 87552K, 71% used [0x00000000e8000000,0x00000000ebd07d08,0x00000000ed580000)
 Metaspace       used 17671K, capacity 17983K, committed 18048K, reserved 1064960K
  class space    used 1784K, capacity 1871K, committed 1920K, reserved 1048576K
Event: 8.639 GC heap after
Heap after GC invocations=9 (full 0):
 PSYoungGen      total 95744K, used 14111K [0x00000000f8000000, 0x00000000ffd80000, 0x0000000100000000)
  eden space 81408K, 0% used [0x00000000f8000000,0x00000000f8000000,0x00000000fcf80000)
  from space 14336K, 98% used [0x00000000fcf80000,0x00000000fdd47fa8,0x00000000fdd80000)
  to   space 23552K, 0% used [0x00000000fe680000,0x00000000fe680000,0x00000000ffd80000)
 ParOldGen       total 87552K, used 63887K [0x00000000e8000000, 0x00000000ed580000, 0x00000000f8000000)
  object space 87552K, 72% used [0x00000000e8000000,0x00000000ebe63d08,0x00000000ed580000)
 Metaspace       used 17671K, capacity 17983K, committed 18048K, reserved 1064960K
  class space    used 1784K, capacity 1871K, committed 1920K, reserved 1048576K
}
Event: 9.853 GC heap before
{Heap before GC invocations=10 (full 0):
 PSYoungGen      total 95744K, used 95519K [0x00000000f8000000, 0x00000000ffd80000, 0x0000000100000000)
  eden space 81408K, 100% used [0x00000000f8000000,0x00000000fcf80000,0x00000000fcf80000)
  from space 14336K, 98% used [0x00000000fcf80000,0x00000000fdd47fa8,0x00000000fdd80000)
  to   space 23552K, 0% used [0x00000000fe680000,0x00000000fe680000,0x00000000ffd80000)
 ParOldGen       total 87552K, used 63887K [0x00000000e8000000, 0x00000000ed580000, 0x00000000f8000000)
  object space 87552K, 72% used [0x00000000e8000000,0x00000000ebe63d08,0x00000000ed580000)
 Metaspace       used 19099K, capacity 19719K, committed 19840K, reserved 1067008K
  class space    used 1980K, capacity 2107K, committed 2176K, reserved 1048576K
Event: 9.897 GC heap after
Heap after GC invocations=10 (full 0):
 PSYoungGen      total 104960K, used 15870K [0x00000000f8000000, 0x0000000100000000, 0x0000000100000000)
  eden space 81408K, 0% used [0x00000000f8000000,0x00000000f8000000,0x00000000fcf80000)
  from space 23552K, 67% used [0x00000000fe680000,0x00000000ff5ff9c8,0x00000000ffd80000)
  to   space 23552K, 0% used [0x00000000fcf80000,0x00000000fcf80000,0x00000000fe680000)
 ParOldGen       total 87552K, used 69694K [0x00000000e8000000, 0x00000000ed580000, 0x00000000f8000000)
  object space 87552K, 79% used [0x00000000e8000000,0x00000000ec40f9a0,0x00000000ed580000)
 Metaspace       used 19099K, capacity 19719K, committed 19840K, reserved 1067008K
  class space    used 1980K, capacity 2107K, committed 2176K, reserved 1048576K
}
Event: 9.897 GC heap before
{Heap before GC invocations=11 (full 1):
 PSYoungGen      total 104960K, used 15870K [0x00000000f8000000, 0x0000000100000000, 0x0000000100000000)
  eden space 81408K, 0% used [0x00000000f8000000,0x00000000f8000000,0x00000000fcf80000)
  from space 23552K, 67% used [0x00000000fe680000,0x00000000ff5ff9c8,0x00000000ffd80000)
  to   space 23552K, 0% used [0x00000000fcf80000,0x00000000fcf80000,0x00000000fe680000)
 ParOldGen       total 87552K, used 69694K [0x00000000e8000000, 0x00000000ed580000, 0x00000000f8000000)
  object space 87552K, 79% used [0x00000000e8000000,0x00000000ec40f9a0,0x00000000ed580000)
 Metaspace       used 19099K, capacity 19719K, committed 19840K, reserved 1067008K
  class space    used 1980K, capacity 2107K, committed 2176K, reserved 1048576K
Event: 10.177 GC heap after
Heap after GC invocations=11 (full 1):
 PSYoungGen      total 104960K, used 0K [0x00000000f8000000, 0x0000000100000000, 0x0000000100000000)
  eden space 81408K, 0% used [0x00000000f8000000,0x00000000f8000000,0x00000000fcf80000)
  from space 23552K, 0% used [0x00000000fe680000,0x00000000fe680000,0x00000000ffd80000)
  to   space 23552K, 0% used [0x00000000fcf80000,0x00000000fcf80000,0x00000000fe680000)
 ParOldGen       total 121344K, used 61230K [0x00000000e8000000, 0x00000000ef680000, 0x00000000f8000000)
  object space 121344K, 50% used [0x00000000e8000000,0x00000000ebbcb820,0x00000000ef680000)
 Metaspace       used 19099K, capacity 19719K, committed 19840K, reserved 1067008K
  class space    used 1980K, capacity 2107K, committed 2176K, reserved 1048576K
}
Event: 11.308 GC heap before
{Heap before GC invocations=12 (full 1):
 PSYoungGen      total 104960K, used 81408K [0x00000000f8000000, 0x0000000100000000, 0x0000000100000000)
  eden space 81408K, 100% used [0x00000000f8000000,0x00000000fcf80000,0x00000000fcf80000)
  from space 23552K, 0% used [0x00000000fe680000,0x00000000fe680000,0x00000000ffd80000)
  to   space 23552K, 0% used [0x00000000fcf80000,0x00000000fcf80000,0x00000000fe680000)
 ParOldGen       total 121344K, used 61230K [0x00000000e8000000, 0x00000000ef680000, 0x00000000f8000000)
  object space 121344K, 50% used [0x00000000e8000000,0x00000000ebbcb820,0x00000000ef680000)
 Metaspace       used 19286K, capacity 19953K, committed 20096K, reserved 1067008K
  class space    used 1989K, capacity 2114K, committed 2176K, reserved 1048576K
Event: 11.356 GC heap after
Heap after GC invocations=12 (full 1):
 PSYoungGen      total 104960K, used 12710K [0x00000000f8000000, 0x00000000ffe00000, 0x0000000100000000)
  eden space 81408K, 0% used [0x00000000f8000000,0x00000000f8000000,0x00000000fcf80000)
  from space 23552K, 53% used [0x00000000fcf80000,0x00000000fdbe9b98,0x00000000fe680000)
  to   space 22528K, 0% used [0x00000000fe800000,0x00000000fe800000,0x00000000ffe00000)
 ParOldGen       total 121344K, used 61238K [0x00000000e8000000, 0x00000000ef680000, 0x00000000f8000000)
  object space 121344K, 50% used [0x00000000e8000000,0x00000000ebbcd820,0x00000000ef680000)
 Metaspace       used 19286K, capacity 19953K, committed 20096K, reserved 1067008K
  class space    used 1989K, capacity 2114K, committed 2176K, reserved 1048576K
}
Event: 12.582 GC heap before
{Heap before GC invocations=13 (full 1):
 PSYoungGen      total 104960K, used 94118K [0x00000000f8000000, 0x00000000ffe00000, 0x0000000100000000)
  eden space 81408K, 100% used [0x00000000f8000000,0x00000000fcf80000,0x00000000fcf80000)
  from space 23552K, 53% used [0x00000000fcf80000,0x00000000fdbe9b98,0x00000000fe680000)
  to   space 22528K, 0% used [0x00000000fe800000,0x00000000fe800000,0x00000000ffe00000)
 ParOldGen       total 121344K, used 61238K [0x00000000e8000000, 0x00000000ef680000, 0x00000000f8000000)
  object space 121344K, 50% used [0x00000000e8000000,0x00000000ebbcd820,0x00000000ef680000)
 Metaspace       used 19735K, capacity 20441K, committed 20608K, reserved 1067008K
  class space    used 2029K, capacity 2158K, committed 2176K, reserved 1048576K
Event: 12.631 GC heap after
Heap after GC invocations=13 (full 1):
 PSYoungGen      total 105984K, used 5177K [0x00000000f8000000, 0x0000000100000000, 0x0000000100000000)
  eden space 83456K, 0% used [0x00000000f8000000,0x00000000f8000000,0x00000000fd180000)
  from space 22528K, 22% used [0x00000000fe800000,0x00000000fed0e650,0x00000000ffe00000)
  to   space 23040K, 0% used [0x00000000fd180000,0x00000000fd180000,0x00000000fe800000)
 ParOldGen       total 121344K, used 71621K [0x00000000e8000000, 0x00000000ef680000, 0x00000000f8000000)
  object space 121344K, 59% used [0x00000000e8000000,0x00000000ec5f1530,0x00000000ef680000)
 Metaspace       used 19735K, capacity 20441K, committed 20608K, reserved 1067008K
  class space    used 2029K, capacity 2158K, committed 2176K, reserved 1048576K
}

