# JRE version: Java(TM) SE Runtime Environment (8.0_65-b17) (build 1.8.0_65-b17)
# Java VM: Java HotSpot(TM) 64-Bit Server VM (25.65-b01 mixed mode windows-amd64 compressed oops)
Heap:
 PSYoungGen      total 90112K, used 62002K [0x00000000f8000000, 0x00000000ffe80000, 0x0000000100000000)
  eden space 82432K, 66% used [0x00000000f8000000,0x00000000fb52f980,0x00000000fd080000)
  from space 7680K, 98% used [0x00000000fd080000,0x00000000fd7dcf08,0x00000000fd800000)
  to   space 23552K, 0% used [0x00000000fe780000,0x00000000fe780000,0x00000000ffe80000)
 ParOldGen       total 87552K, used 69768K [0x00000000e8000000, 0x00000000ed580000, 0x00000000f8000000)
  object space 87552K, 79% used [0x00000000e8000000,0x00000000ec422050,0x00000000ed580000)
 Metaspace       used 18947K, capacity 19513K, committed 19840K, reserved 1067008K
  class space    used 1964K, capacity 2084K, committed 2176K, reserved 1048576K
GC Heap History (10 events):
Event: 7.669 GC heap before
{Heap before GC invocations=7 (full 0):
 PSYoungGen      total 109056K, used 94363K [0x00000000f8000000, 0x0000000100000000, 0x0000000100000000)
  eden space 89088K, 100% used [0x00000000f8000000,0x00000000fd700000,0x00000000fd700000)
  from space 19968K, 26% used [0x00000000fec80000,0x00000000ff1a6cb8,0x0000000100000000)
  to   space 20992K, 0% used [0x00000000fd700000,0x00000000fd700000,0x00000000feb80000)
 ParOldGen       total 87552K, used 42242K [0x00000000e8000000, 0x00000000ed580000, 0x00000000f8000000)
  object space 87552K, 48% used [0x00000000e8000000,0x00000000ea9409c0,0x00000000ed580000)
 Metaspace       used 14453K, capacity 14657K, committed 14976K, reserved 1062912K
  class space    used 1521K, capacity 1586K, committed 1664K, reserved 1048576K
Event: 7.701 GC heap after
Heap after GC invocations=7 (full 0):
 PSYoungGen      total 94208K, used 4930K [0x00000000f8000000, 0x0000000100000000, 0x0000000100000000)
  eden space 89088K, 0% used [0x00000000f8000000,0x00000000f8000000,0x00000000fd700000)
  from space 5120K, 96% used [0x00000000fd700000,0x00000000fdbd0960,0x00000000fdc00000)
  to   space 21504K, 0% used [0x00000000feb00000,0x00000000feb00000,0x0000000100000000)
 ParOldGen       total 87552K, used 45814K [0x00000000e8000000, 0x00000000ed580000, 0x00000000f8000000)
  object space 87552K, 52% used [0x00000000e8000000,0x00000000eacbd990,0x00000000ed580000)
 Metaspace       used 14453K, capacity 14657K, committed 14976K, reserved 1062912K
  class space    used 1521K, capacity 1586K, committed 1664K, reserved 1048576K
}
Event: 9.118 GC heap before
{Heap before GC invocations=8 (full 0):
 PSYoungGen      total 94208K, used 94018K [0x00000000f8000000, 0x0000000100000000, 0x0000000100000000)
  eden space 89088K, 100% used [0x00000000f8000000,0x00000000fd700000,0x00000000fd700000)
  from space 5120K, 96% used [0x00000000fd700000,0x00000000fdbd0960,0x00000000fdc00000)
  to   space 21504K, 0% used [0x00000000feb00000,0x00000000feb00000,0x0000000100000000)
 ParOldGen       total 87552K, used 45814K [0x00000000e8000000, 0x00000000ed580000, 0x00000000f8000000)
  object space 87552K, 52% used [0x00000000e8000000,0x00000000eacbd990,0x00000000ed580000)
 Metaspace       used 16905K, capacity 17207K, committed 17536K, reserved 1064960K
  class space    used 1763K, capacity 1833K, committed 1920K, reserved 1048576K
Event: 9.163 GC heap after
Heap after GC invocations=8 (full 0):
 PSYoungGen      total 105472K, used 18643K [0x00000000f8000000, 0x0000000100000000, 0x0000000100000000)
  eden space 83968K, 0% used [0x00000000f8000000,0x00000000f8000000,0x00000000fd200000)
  from space 21504K, 86% used [0x00000000feb00000,0x00000000ffd34ea8,0x0000000100000000)
  to   space 23552K, 0% used [0x00000000fd200000,0x00000000fd200000,0x00000000fe900000)
 ParOldGen       total 87552K, used 46554K [0x00000000e8000000, 0x00000000ed580000, 0x00000000f8000000)
  object space 87552K, 53% used [0x00000000e8000000,0x00000000ead76a20,0x00000000ed580000)
 Metaspace       used 16905K, capacity 17207K, committed 17536K, reserved 1064960K
  class space    used 1763K, capacity 1833K, committed 1920K, reserved 1048576K
}
Event: 9.261 GC heap before
{Heap before GC invocations=9 (full 0):
 PSYoungGen      total 105472K, used 102600K [0x00000000f8000000, 0x0000000100000000, 0x0000000100000000)
  eden space 83968K, 99% used [0x00000000f8000000,0x00000000fd1fd4a8,0x00000000fd200000)
  from space 21504K, 86% used [0x00000000feb00000,0x00000000ffd34ea8,0x0000000100000000)
  to   space 23552K, 0% used [0x00000000fd200000,0x00000000fd200000,0x00000000fe900000)
 ParOldGen       total 87552K, used 46554K [0x00000000e8000000, 0x00000000ed580000, 0x00000000f8000000)
  object space 87552K, 53% used [0x00000000e8000000,0x00000000ead76a20,0x00000000ed580000)
 Metaspace       used 16905K, capacity 17207K, committed 17536K, reserved 1064960K
  class space    used 1763K, capacity 1833K, committed 1920K, reserved 1048576K
Event: 9.343 GC heap after
Heap after GC invocations=9 (full 0):
 PSYoungGen      total 102400K, used 17948K [0x00000000f8000000, 0x0000000100000000, 0x0000000100000000)
  eden space 83968K, 0% used [0x00000000f8000000,0x00000000f8000000,0x00000000fd200000)
  from space 18432K, 97% used [0x00000000fd200000,0x00000000fe387250,0x00000000fe400000)
  to   space 24576K, 0% used [0x00000000fe800000,0x00000000fe800000,0x0000000100000000)
 ParOldGen       total 87552K, used 47303K [0x00000000e8000000, 0x00000000ed580000, 0x00000000f8000000)
  object space 87552K, 54% used [0x00000000e8000000,0x00000000eae31db8,0x00000000ed580000)
 Metaspace       used 16905K, capacity 17207K, committed 17536K, reserved 1064960K
  class space    used 1763K, capacity 1833K, committed 1920K, reserved 1048576K
}
Event: 10.319 GC heap before
{Heap before GC invocations=10 (full 0):
 PSYoungGen      total 102400K, used 101916K [0x00000000f8000000, 0x0000000100000000, 0x0000000100000000)
  eden space 83968K, 100% used [0x00000000f8000000,0x00000000fd200000,0x00000000fd200000)
  from space 18432K, 97% used [0x00000000fd200000,0x00000000fe387250,0x00000000fe400000)
  to   space 24576K, 0% used [0x00000000fe800000,0x00000000fe800000,0x0000000100000000)
 ParOldGen       total 87552K, used 47303K [0x00000000e8000000, 0x00000000ed580000, 0x00000000f8000000)
  object space 87552K, 54% used [0x00000000e8000000,0x00000000eae31db8,0x00000000ed580000)
 Metaspace       used 17205K, capacity 17531K, committed 17792K, reserved 1064960K
  class space    used 1772K, capacity 1871K, committed 1920K, reserved 1048576K
Event: 10.405 GC heap after
Heap after GC invocations=10 (full 0):
 PSYoungGen      total 107008K, used 9925K [0x00000000f8000000, 0x0000000100000000, 0x0000000100000000)
  eden space 82432K, 0% used [0x00000000f8000000,0x00000000f8000000,0x00000000fd080000)
  from space 24576K, 40% used [0x00000000fe800000,0x00000000ff1b1550,0x0000000100000000)
  to   space 24064K, 0% used [0x00000000fd080000,0x00000000fd080000,0x00000000fe800000)
 ParOldGen       total 87552K, used 63425K [0x00000000e8000000, 0x00000000ed580000, 0x00000000f8000000)
  object space 87552K, 72% used [0x00000000e8000000,0x00000000ebdf0500,0x00000000ed580000)
 Metaspace       used 17205K, capacity 17531K, committed 17792K, reserved 1064960K
  class space    used 1772K, capacity 1871K, committed 1920K, reserved 1048576K
}
Event: 11.617 GC heap before
{Heap before GC invocations=11 (full 0):
 PSYoungGen      total 107008K, used 92357K [0x00000000f8000000, 0x0000000100000000, 0x0000000100000000)
  eden space 82432K, 100% used [0x00000000f8000000,0x00000000fd080000,0x00000000fd080000)
  from space 24576K, 40% used [0x00000000fe800000,0x00000000ff1b1550,0x0000000100000000)
  to   space 24064K, 0% used [0x00000000fd080000,0x00000000fd080000,0x00000000fe800000)
 ParOldGen       total 87552K, used 63425K [0x00000000e8000000, 0x00000000ed580000, 0x00000000f8000000)
  object space 87552K, 72% used [0x00000000e8000000,0x00000000ebdf0500,0x00000000ed580000)
 Metaspace       used 17716K, capacity 18075K, committed 18304K, reserved 1064960K
  class space    used 1788K, capacity 1903K, committed 1920K, reserved 1048576K
Event: 11.660 GC heap after
Heap after GC invocations=11 (full 0):
 PSYoungGen      total 90112K, used 7539K [0x00000000f8000000, 0x00000000ffe80000, 0x0000000100000000)
  eden space 82432K, 0% used [0x00000000f8000000,0x00000000f8000000,0x00000000fd080000)
  from space 7680K, 98% used [0x00000000fd080000,0x00000000fd7dcf08,0x00000000fd800000)
  to   space 23552K, 0% used [0x00000000fe780000,0x00000000fe780000,0x00000000ffe80000)
 ParOldGen       total 87552K, used 69768K [0x00000000e8000000, 0x00000000ed580000, 0x00000000f8000000)
  object space 87552K, 79% used [0x00000000e8000000,0x00000000ec422050,0x00000000ed580000)
 Metaspace       used 17716K, capacity 18075K, committed 18304K, reserved 1064960K
  class space    used 1788K, capacity 1903K, committed 1920K, reserved 1048576K
}

