# JRE version: Java(TM) SE Runtime Environment (8.0_65-b17) (build 1.8.0_65-b17)
# Java VM: Java HotSpot(TM) 64-Bit Server VM (25.65-b01 mixed mode windows-amd64 compressed oops)
Heap:
 PSYoungGen      total 71680K, used 27758K [0x00000000f8000000, 0x0000000100000000, 0x0000000100000000)
  eden space 66560K, 34% used [0x00000000f8000000,0x00000000f961e8d8,0x00000000fc100000)
  from space 5120K, 99% used [0x00000000fc100000,0x00000000fc5fd190,0x00000000fc600000)
  to   space 5120K, 0% used [0x00000000ffb00000,0x00000000ffb00000,0x0000000100000000)
 ParOldGen       total 87552K, used 33012K [0x00000000e8000000, 0x00000000ed580000, 0x00000000f8000000)
  object space 87552K, 37% used [0x00000000e8000000,0x00000000ea03d1a0,0x00000000ed580000)
 Metaspace       used 14097K, capacity 14277K, committed 14336K, reserved 1062912K
  class space    used 1502K, capacity 1522K, committed 1536K, reserved 1048576K
GC Heap History (6 events):
Event: 1.240 GC heap before
{Heap before GC invocations=1 (full 0):
 PSYoungGen      total 38400K, used 33280K [0x00000000f8000000, 0x00000000faa80000, 0x0000000100000000)
  eden space 33280K, 100% used [0x00000000f8000000,0x00000000fa080000,0x00000000fa080000)
  from space 5120K, 0% used [0x00000000fa580000,0x00000000fa580000,0x00000000faa80000)
  to   space 5120K, 0% used [0x00000000fa080000,0x00000000fa080000,0x00000000fa580000)
 ParOldGen       total 87552K, used 0K [0x00000000e8000000, 0x00000000ed580000, 0x00000000f8000000)
  object space 87552K, 0% used [0x00000000e8000000,0x00000000e8000000,0x00000000ed580000)
 Metaspace       used 7937K, capacity 8465K, committed 8704K, reserved 1056768K
  class space    used 882K, capacity 913K, committed 1024K, reserved 1048576K
Event: 1.289 GC heap after
Heap after GC invocations=1 (full 0):
 PSYoungGen      total 38400K, used 5105K [0x00000000f8000000, 0x00000000fcb00000, 0x0000000100000000)
  eden space 33280K, 0% used [0x00000000f8000000,0x00000000f8000000,0x00000000fa080000)
  from space 5120K, 99% used [0x00000000fa080000,0x00000000fa57c718,0x00000000fa580000)
  to   space 5120K, 0% used [0x00000000fc600000,0x00000000fc600000,0x00000000fcb00000)
 ParOldGen       total 87552K, used 7655K [0x00000000e8000000, 0x00000000ed580000, 0x00000000f8000000)
  object space 87552K, 8% used [0x00000000e8000000,0x00000000e8779ce0,0x00000000ed580000)
 Metaspace       used 7937K, capacity 8465K, committed 8704K, reserved 1056768K
  class space    used 882K, capacity 913K, committed 1024K, reserved 1048576K
}
Event: 2.595 GC heap before
{Heap before GC invocations=2 (full 0):
 PSYoungGen      total 38400K, used 38385K [0x00000000f8000000, 0x00000000fcb00000, 0x0000000100000000)
  eden space 33280K, 100% used [0x00000000f8000000,0x00000000fa080000,0x00000000fa080000)
  from space 5120K, 99% used [0x00000000fa080000,0x00000000fa57c718,0x00000000fa580000)
  to   space 5120K, 0% used [0x00000000fc600000,0x00000000fc600000,0x00000000fcb00000)
 ParOldGen       total 87552K, used 7655K [0x00000000e8000000, 0x00000000ed580000, 0x00000000f8000000)
  object space 87552K, 8% used [0x00000000e8000000,0x00000000e8779ce0,0x00000000ed580000)
 Metaspace       used 11379K, capacity 11785K, committed 11904K, reserved 1060864K
  class space    used 1288K, capacity 1337K, committed 1408K, reserved 1048576K
Event: 2.697 GC heap after
Heap after GC invocations=2 (full 0):
 PSYoungGen      total 71680K, used 5115K [0x00000000f8000000, 0x00000000fcb00000, 0x0000000100000000)
  eden space 66560K, 0% used [0x00000000f8000000,0x00000000f8000000,0x00000000fc100000)
  from space 5120K, 99% used [0x00000000fc600000,0x00000000fcafec08,0x00000000fcb00000)
  to   space 5120K, 0% used [0x00000000fc100000,0x00000000fc100000,0x00000000fc600000)
 ParOldGen       total 87552K, used 21805K [0x00000000e8000000, 0x00000000ed580000, 0x00000000f8000000)
  object space 87552K, 24% used [0x00000000e8000000,0x00000000e954b578,0x00000000ed580000)
 Metaspace       used 11379K, capacity 11785K, committed 11904K, reserved 1060864K
  class space    used 1288K, capacity 1337K, committed 1408K, reserved 1048576K
}
Event: 4.292 GC heap before
{Heap before GC invocations=3 (full 0):
 PSYoungGen      total 71680K, used 71675K [0x00000000f8000000, 0x00000000fcb00000, 0x0000000100000000)
  eden space 66560K, 100% used [0x00000000f8000000,0x00000000fc100000,0x00000000fc100000)
  from space 5120K, 99% used [0x00000000fc600000,0x00000000fcafec08,0x00000000fcb00000)
  to   space 5120K, 0% used [0x00000000fc100000,0x00000000fc100000,0x00000000fc600000)
 ParOldGen       total 87552K, used 21805K [0x00000000e8000000, 0x00000000ed580000, 0x00000000f8000000)
  object space 87552K, 24% used [0x00000000e8000000,0x00000000e954b578,0x00000000ed580000)
 Metaspace       used 13644K, capacity 13805K, committed 13824K, reserved 1060864K
  class space    used 1474K, capacity 1518K, committed 1536K, reserved 1048576K
Event: 4.361 GC heap after
Heap after GC invocations=3 (full 0):
 PSYoungGen      total 71680K, used 5108K [0x00000000f8000000, 0x0000000100000000, 0x0000000100000000)
  eden space 66560K, 0% used [0x00000000f8000000,0x00000000f8000000,0x00000000fc100000)
  from space 5120K, 99% used [0x00000000fc100000,0x00000000fc5fd190,0x00000000fc600000)
  to   space 5120K, 0% used [0x00000000ffb00000,0x00000000ffb00000,0x0000000100000000)
 ParOldGen       total 87552K, used 33012K [0x00000000e8000000, 0x00000000ed580000, 0x00000000f8000000)
  object space 87552K, 37% used [0x00000000e8000000,0x00000000ea03d1a0,0x00000000ed580000)
 Metaspace       used 13644K, capacity 13805K, committed 13824K, reserved 1060864K
  class space    used 1474K, capacity 1518K, committed 1536K, reserved 1048576K
}

